#
# There is insufficient memory for the Java Runtime Environment to continue.
# Native memory allocation (malloc) failed to allocate 1668096 bytes for Chunk::new
# Possible reasons:
#   The system is out of physical RAM or swap space
#   In 32 bit mode, the process size limit was hit
# Possible solutions:
#   Reduce memory load on the system
#   Increase physical memory or swap space
#   Check if swap backing store is full
#   Use 64 bit Java on a 64 bit OS
#   Decrease Java heap size (-Xmx/-Xms)
#   Decrease number of Java threads
#   Decrease Java thread stack sizes (-Xss)
#   Set larger code cache with -XX:ReservedCodeCacheSize=
# This output file may be truncated or incomplete.
#
#  Out of Memory Error (allocation.cpp:390), pid=45428, tid=44092
#
# JRE version: Java(TM) SE Runtime Environment (8.0_45-b15) (build 1.8.0_45-b15)
# Java VM: Java HotSpot(TM) 64-Bit Server VM (25.45-b02 mixed mode windows-amd64 compressed oops)
# Failed to write core dump. Minidumps are not enabled by default on client versions of Windows
#

---------------  T H R E A D  ---------------

Current thread (0x000000002814d800):  JavaThread "C2 CompilerThread0" daemon [_thread_in_native, id=44092, stack(0x0000000028720000,0x0000000028820000)]

Stack: [0x0000000028720000,0x0000000028820000]
Native frames: (J=compiled Java code, j=interpreted, Vv=VM code, C=native code)
V  [jvm.dll+0x32b57a]
V  [jvm.dll+0x279873]
V  [jvm.dll+0x27a509]
V  [jvm.dll+0x271825]
V  [jvm.dll+0xcb9e2]
V  [jvm.dll+0xcbeac]
V  [jvm.dll+0x476ef2]
V  [jvm.dll+0x4b955f]
V  [jvm.dll+0x46bf81]
V  [jvm.dll+0x46ccbe]
V  [jvm.dll+0x4500f2]
V  [jvm.dll+0xa4352]
V  [jvm.dll+0xa4c8f]
V  [jvm.dll+0x241984]
V  [jvm.dll+0x29853a]
C  [msvcr100.dll+0x21d9f]
C  [msvcr100.dll+0x21e3b]
C  [KERNEL32.DLL+0x8364]
C  [ntdll.dll+0x65e91]


Current CompileTask:
C2:4078119 35543   !   4       paulscode.sound.SoundSystem::CommandQueue (1389 bytes)


---------------  P R O C E S S  ---------------

Java Threads: ( => current thread )
  0x000000002d551000 JavaThread "pool-4-thread-1" [_thread_blocked, id=20852, stack(0x000000003abb0000,0x000000003acb0000)]
  0x000000005c4bf000 JavaThread "Chunk I/O Executor Thread-1" daemon [_thread_blocked, id=50228, stack(0x000000006f310000,0x000000006f410000)]
  0x000000005c4be800 JavaThread "Chunk Batcher 7" daemon [_thread_blocked, id=50468, stack(0x0000000068930000,0x0000000068a30000)]
  0x000000005c4c0000 JavaThread "Chunk Batcher 6" daemon [_thread_blocked, id=52080, stack(0x0000000068830000,0x0000000068930000)]
  0x000000005c4c4800 JavaThread "Chunk Batcher 5" daemon [_thread_blocked, id=51360, stack(0x0000000068730000,0x0000000068830000)]
  0x000000005c4c2000 JavaThread "Chunk Batcher 4" daemon [_thread_blocked, id=49768, stack(0x0000000068630000,0x0000000068730000)]
  0x000000005c4c0800 JavaThread "Chunk Batcher 3" daemon [_thread_blocked, id=49672, stack(0x0000000068530000,0x0000000068630000)]
  0x000000005c4bd000 JavaThread "Chunk Batcher 2" daemon [_thread_blocked, id=47316, stack(0x0000000068430000,0x0000000068530000)]
  0x000000005c4c1800 JavaThread "Chunk Batcher 1" daemon [_thread_blocked, id=48200, stack(0x0000000068330000,0x0000000068430000)]
  0x000000005c4bd800 JavaThread "Chunk Batcher 0" daemon [_thread_blocked, id=44176, stack(0x0000000068230000,0x0000000068330000)]
  0x000000005c4c3800 JavaThread "pool-3-thread-1" [_thread_blocked, id=50780, stack(0x0000000068030000,0x0000000068130000)]
  0x000000005c4c3000 JavaThread "Netty Server IO #1" daemon [_thread_in_native, id=50064, stack(0x0000000067f30000,0x0000000068030000)]
  0x000000005c4b5800 JavaThread "Netty Local Client IO #0" daemon [_thread_blocked, id=47400, stack(0x0000000067e30000,0x0000000067f30000)]
  0x000000005c4ba800 JavaThread "Netty Server IO #0" daemon [_thread_in_native, id=49352, stack(0x0000000067b30000,0x0000000067c30000)]
  0x000000005c4bc000 JavaThread "File IO Thread" [_thread_blocked, id=40348, stack(0x0000000067a30000,0x0000000067b30000)]
  0x000000005c4b9000 JavaThread "Thread-32" [_thread_blocked, id=49192, stack(0x0000000067730000,0x0000000067830000)]
  0x000000002a014000 JavaThread "Forestry Greenhouse" [_thread_blocked, id=6860, stack(0x0000000066c30000,0x0000000066d30000)]
  0x000000002a009000 JavaThread "Thread-21" [_thread_blocked, id=45504, stack(0x0000000066b30000,0x0000000066c30000)]
  0x0000000031911800 JavaThread "Server thread" [_thread_in_Java, id=49260, stack(0x0000000061440000,0x0000000061540000)]
  0x0000000031913800 JavaThread "Snooper Timer" daemon [_thread_blocked, id=21604, stack(0x0000000061340000,0x0000000061440000)]
  0x000000003191c000 JavaThread "Forestry Greenhouse Client" [_thread_blocked, id=7132, stack(0x000000005dde0000,0x000000005dee0000)]
  0x000000003191a800 JavaThread "Narrator" daemon [_thread_blocked, id=52092, stack(0x000000005dce0000,0x000000005dde0000)]
  0x00000000282bf000 JavaThread "PR RoutingThread #3" daemon [_thread_blocked, id=12552, stack(0x000000005d5e0000,0x000000005d6e0000)]
  0x000000002a011000 JavaThread "PR RoutingThread #2" daemon [_thread_blocked, id=2972, stack(0x000000005d4e0000,0x000000005d5e0000)]
  0x000000002a009800 JavaThread "PR RoutingThread #1" daemon [_thread_blocked, id=51320, stack(0x000000005d3e0000,0x000000005d4e0000)]
  0x000000002a00f800 JavaThread "PR RoutingThread #0" daemon [_thread_blocked, id=49484, stack(0x000000005d2e0000,0x000000005d3e0000)]
  0x000000002a00b000 JavaThread "ic2-poolthread-1" daemon [_thread_blocked, id=50168, stack(0x000000005d1e0000,0x000000005d2e0000)]
  0x000000002a013800 JavaThread "pool-5-thread-2" [_thread_blocked, id=50848, stack(0x000000005c6e0000,0x000000005c7e0000)]
  0x000000002a012800 JavaThread "pool-5-thread-1" [_thread_blocked, id=50856, stack(0x000000005b190000,0x000000005b290000)]
  0x00000000282b9800 JavaThread "Thread-8" [_thread_blocked, id=47060, stack(0x0000000051110000,0x0000000051210000)]
  0x00000000282b9000 JavaThread "Thread-7" [_thread_blocked, id=47908, stack(0x0000000051010000,0x0000000051110000)]
  0x000000002dd7a000 JavaThread "LWJGL Timer" daemon [_thread_blocked, id=43808, stack(0x000000003d140000,0x000000003d240000)]
  0x000000003305d800 JavaThread "Java2D Disposer" daemon [_thread_blocked, id=50676, stack(0x000000002ea20000,0x000000002eb20000)]
  0x0000000030bf4800 JavaThread "Timer hack thread" daemon [_thread_blocked, id=51132, stack(0x000000002b3e0000,0x000000002b4e0000)]
  0x00000000296d9800 JavaThread "Snooper Timer" daemon [_thread_blocked, id=46616, stack(0x000000002b160000,0x000000002b260000)]
  0x00000000281df800 JavaThread "Service Thread" daemon [_thread_blocked, id=45308, stack(0x0000000028b20000,0x0000000028c20000)]
  0x0000000028163000 JavaThread "C1 CompilerThread3" daemon [_thread_blocked, id=49292, stack(0x0000000028a20000,0x0000000028b20000)]
  0x0000000028156000 JavaThread "C2 CompilerThread2" daemon [_thread_in_native, id=43608, stack(0x0000000028920000,0x0000000028a20000)]
  0x0000000028151800 JavaThread "C2 CompilerThread1" daemon [_thread_blocked, id=45564, stack(0x0000000028820000,0x0000000028920000)]
=>0x000000002814d800 JavaThread "C2 CompilerThread0" daemon [_thread_in_native, id=44092, stack(0x0000000028720000,0x0000000028820000)]
  0x000000002814b000 JavaThread "Attach Listener" daemon [_thread_blocked, id=52180, stack(0x0000000028620000,0x0000000028720000)]
  0x000000002814a000 JavaThread "Signal Dispatcher" daemon [_thread_blocked, id=19836, stack(0x0000000028520000,0x0000000028620000)]
  0x000000000251e000 JavaThread "Finalizer" daemon [_thread_blocked, id=45752, stack(0x0000000028020000,0x0000000028120000)]
  0x0000000002517000 JavaThread "Reference Handler" daemon [_thread_blocked, id=50264, stack(0x0000000027f20000,0x0000000028020000)]
  0x0000000002423800 JavaThread "Client thread" [_thread_in_native, id=42768, stack(0x0000000002270000,0x0000000002370000)]

Other Threads:
  0x0000000026138800 VMThread [stack: 0x0000000027e20000,0x0000000027f20000] [id=47460]
  0x00000000281e8800 WatcherThread [stack: 0x0000000028c20000,0x0000000028d20000] [id=47732]

VM state:not at safepoint (normal execution)

VM Mutex/Monitor currently owned by a thread: None

Heap:
 PSYoungGen      total 2506752K, used 785177K [0x000000070eb00000, 0x00000007c0000000, 0x00000007c0000000)
  eden space 2124800K, 27% used [0x000000070eb00000,0x0000000732574a48,0x0000000790600000)
  from space 381952K, 52% used [0x0000000790600000,0x000000079ca51c68,0x00000007a7b00000)
  to   space 372224K, 0% used [0x00000007a9480000,0x00000007a9480000,0x00000007c0000000)
 ParOldGen       total 5811200K, used 1957762K [0x00000005ac000000, 0x000000070eb00000, 0x000000070eb00000)
  object space 5811200K, 33% used [0x00000005ac000000,0x00000006237e08c8,0x000000070eb00000)
 Metaspace       used 162030K, capacity 167495K, committed 167832K, reserved 1191936K
  class space    used 24738K, capacity 25926K, committed 26008K, reserved 1048576K

Card table byte_map: [0x00000000118e0000,0x0000000012990000] byte_map_base: 0x000000000eb80000

Marking Bits: (ParMarkBitMap*) 0x0000000060db4040
 Begin Bits: [0x0000000013cb0000, 0x000000001c1b0000)
 End Bits:   [0x000000001c1b0000, 0x00000000246b0000)

Polling page: 0x0000000002180000

CodeCache: size=245760Kb used=100283Kb max_used=101852Kb free=145476Kb
 bounds [0x0000000002520000, 0x0000000008970000, 0x0000000011520000]
 total_blobs=24743 nmethods=23229 adapters=1420
 compilation: enabled

Compilation events (10 events):
Event: 4077.655 Thread 0x0000000028163000 35544       3       farseek.world.gen.structure.StructureGenerationBlockAccess$$anonfun$chunkAt$1::apply (5 bytes)
Event: 4077.655 Thread 0x0000000028163000 nmethod 35544 0x0000000006d770d0 code [0x0000000006d77260, 0x0000000006d77708]
Event: 4077.655 Thread 0x0000000028163000 35545       3       farseek.world.gen.structure.StructureGenerationBlockAccess$$anonfun$chunkAt$1::apply (19 bytes)
Event: 4077.656 Thread 0x0000000028163000 nmethod 35545 0x0000000004408a50 code [0x0000000004408be0, 0x0000000004408fa8]
Event: 4077.689 Thread 0x0000000028156000 35546       4       net.minecraftforge.fml.common.eventhandler.ASMEventHandler_865_TransportHandler_renderTravellers_Pre::invoke (15 bytes)
Event: 4077.689 Thread 0x0000000028151800 35547   !   4       cofh.thermaldynamics.duct.entity.TransportHandler::renderTravellers (220 bytes)
Event: 4077.692 Thread 0x0000000028151800 nmethod 35547 0x0000000006c809d0 code [0x0000000006c80b00, 0x0000000006c80b98]
Event: 4077.692 Thread 0x0000000028151800 35548       4       net.minecraftforge.fml.common.eventhandler.ASMEventHandler_114_RangedRenderEvents_onRenderPlayer_Pre::invoke (9 bytes)
Event: 4077.692 Thread 0x0000000028156000 nmethod 35546 0x0000000006effd90 code [0x0000000006effee0, 0x0000000006efffd8]
Event: 4077.692 Thread 0x0000000028156000 35549       4       slimeknights.tconstruct.tools.ranged.RangedRenderEvents::onRenderPlayer (117 bytes)

GC Heap History (10 events):
Event: 4044.084 GC heap before
{Heap before GC invocations=60 (full 7):
 PSYoungGen      total 2429952K, used 1948160K [0x000000070eb00000, 0x00000007c0000000, 0x00000007c0000000)
  eden space 1948160K, 100% used [0x000000070eb00000,0x0000000785980000,0x0000000785980000)
  from space 481792K, 0% used [0x00000007a2980000,0x00000007a2980000,0x00000007c0000000)
  to   space 475136K, 0% used [0x0000000785980000,0x0000000785980000,0x00000007a2980000)
 ParOldGen       total 5811200K, used 1957720K [0x00000005ac000000, 0x000000070eb00000, 0x000000070eb00000)
  object space 5811200K, 33% used [0x00000005ac000000,0x00000006237d6280,0x000000070eb00000)
 Metaspace       used 157466K, capacity 162801K, committed 162968K, reserved 1185792K
  class space    used 24474K, capacity 25661K, committed 25752K, reserved 1048576K
Event: 4044.150 GC heap after
Heap after GC invocations=60 (full 7):
 PSYoungGen      total 2423296K, used 158362K [0x000000070eb00000, 0x00000007c0000000, 0x00000007c0000000)
  eden space 1948160K, 0% used [0x000000070eb00000,0x000000070eb00000,0x0000000785980000)
  from space 475136K, 33% used [0x0000000785980000,0x000000078f426b18,0x00000007a2980000)
  to   space 447488K, 0% used [0x00000007a4b00000,0x00000007a4b00000,0x00000007c0000000)
 ParOldGen       total 5811200K, used 1957728K [0x00000005ac000000, 0x000000070eb00000, 0x000000070eb00000)
  object space 5811200K, 33% used [0x00000005ac000000,0x00000006237d8280,0x000000070eb00000)
 Metaspace       used 157466K, capacity 162801K, committed 162968K, reserved 1185792K
  class space    used 24474K, capacity 25661K, committed 25752K, reserved 1048576K
}
Event: 4048.357 GC heap before
{Heap before GC invocations=61 (full 7):
 PSYoungGen      total 2423296K, used 2106522K [0x000000070eb00000, 0x00000007c0000000, 0x00000007c0000000)
  eden space 1948160K, 100% used [0x000000070eb00000,0x0000000785980000,0x0000000785980000)
  from space 475136K, 33% used [0x0000000785980000,0x000000078f426b18,0x00000007a2980000)
  to   space 447488K, 0% used [0x00000007a4b00000,0x00000007a4b00000,0x00000007c0000000)
 ParOldGen       total 5811200K, used 1957730K [0x00000005ac000000, 0x000000070eb00000, 0x000000070eb00000)
  object space 5811200K, 33% used [0x00000005ac000000,0x00000006237d88c8,0x000000070eb00000)
 Metaspace       used 158574K, capacity 164005K, committed 164248K, reserved 1187840K
  class space    used 24501K, capacity 25697K, committed 25752K, reserved 1048576K
Event: 4048.397 GC heap after
Heap after GC invocations=61 (full 7):
 PSYoungGen      total 2482176K, used 152704K [0x000000070eb00000, 0x00000007c0000000, 0x00000007c0000000)
  eden space 2034688K, 0% used [0x000000070eb00000,0x000000070eb00000,0x000000078ae00000)
  from space 447488K, 34% used [0x00000007a4b00000,0x00000007ae020280,0x00000007c0000000)
  to   space 422912K, 0% used [0x000000078ae00000,0x000000078ae00000,0x00000007a4b00000)
 ParOldGen       total 5811200K, used 1957738K [0x00000005ac000000, 0x000000070eb00000, 0x000000070eb00000)
  object space 5811200K, 33% used [0x00000005ac000000,0x00000006237da8c8,0x000000070eb00000)
 Metaspace       used 158574K, capacity 164005K, committed 164248K, reserved 1187840K
  class space    used 24501K, capacity 25697K, committed 25752K, reserved 1048576K
}
Event: 4055.409 GC heap before
{Heap before GC invocations=62 (full 7):
 PSYoungGen      total 2482176K, used 2187392K [0x000000070eb00000, 0x00000007c0000000, 0x00000007c0000000)
  eden space 2034688K, 100% used [0x000000070eb00000,0x000000078ae00000,0x000000078ae00000)
  from space 447488K, 34% used [0x00000007a4b00000,0x00000007ae020280,0x00000007c0000000)
  to   space 422912K, 0% used [0x000000078ae00000,0x000000078ae00000,0x00000007a4b00000)
 ParOldGen       total 5811200K, used 1957738K [0x00000005ac000000, 0x000000070eb00000, 0x000000070eb00000)
  object space 5811200K, 33% used [0x00000005ac000000,0x00000006237da8c8,0x000000070eb00000)
 Metaspace       used 160438K, capacity 165831K, committed 165912K, reserved 1189888K
  class space    used 24666K, capacity 25844K, committed 25880K, reserved 1048576K
Event: 4055.496 GC heap after
Heap after GC invocations=62 (full 7):
 PSYoungGen      total 2457600K, used 165176K [0x000000070eb00000, 0x00000007c0000000, 0x00000007c0000000)
  eden space 2034688K, 0% used [0x000000070eb00000,0x000000070eb00000,0x000000078ae00000)
  from space 422912K, 39% used [0x000000078ae00000,0x0000000794f4e078,0x00000007a4b00000)
  to   space 398336K, 0% used [0x00000007a7b00000,0x00000007a7b00000,0x00000007c0000000)
 ParOldGen       total 5811200K, used 1957746K [0x00000005ac000000, 0x000000070eb00000, 0x000000070eb00000)
  object space 5811200K, 33% used [0x00000005ac000000,0x00000006237dc8c8,0x000000070eb00000)
 Metaspace       used 160438K, capacity 165831K, committed 165912K, reserved 1189888K
  class space    used 24666K, capacity 25844K, committed 25880K, reserved 1048576K
}
Event: 4070.235 GC heap before
{Heap before GC invocations=63 (full 7):
 PSYoungGen      total 2457600K, used 2199864K [0x000000070eb00000, 0x00000007c0000000, 0x00000007c0000000)
  eden space 2034688K, 100% used [0x000000070eb00000,0x000000078ae00000,0x000000078ae00000)
  from space 422912K, 39% used [0x000000078ae00000,0x0000000794f4e078,0x00000007a4b00000)
  to   space 398336K, 0% used [0x00000007a7b00000,0x00000007a7b00000,0x00000007c0000000)
 ParOldGen       total 5811200K, used 1957746K [0x00000005ac000000, 0x000000070eb00000, 0x000000070eb00000)
  object space 5811200K, 33% used [0x00000005ac000000,0x00000006237dc8c8,0x000000070eb00000)
 Metaspace       used 161612K, capacity 167073K, committed 167320K, reserved 1189888K
  class space    used 24708K, capacity 25893K, committed 26008K, reserved 1048576K
Event: 4070.298 GC heap after
Heap after GC invocations=63 (full 7):
 PSYoungGen      total 2523136K, used 187221K [0x000000070eb00000, 0x00000007c0000000, 0x00000007c0000000)
  eden space 2124800K, 0% used [0x000000070eb00000,0x000000070eb00000,0x0000000790600000)
  from space 398336K, 47% used [0x00000007a7b00000,0x00000007b31d5418,0x00000007c0000000)
  to   space 381952K, 0% used [0x0000000790600000,0x0000000790600000,0x00000007a7b00000)
 ParOldGen       total 5811200K, used 1957754K [0x00000005ac000000, 0x000000070eb00000, 0x000000070eb00000)
  object space 5811200K, 33% used [0x00000005ac000000,0x00000006237de8c8,0x000000070eb00000)
 Metaspace       used 161612K, capacity 167073K, committed 167320K, reserved 1189888K
  class space    used 24708K, capacity 25893K, committed 26008K, reserved 1048576K
}
Event: 4076.185 GC heap before
{Heap before GC invocations=64 (full 7):
 PSYoungGen      total 2523136K, used 2312021K [0x000000070eb00000, 0x00000007c0000000, 0x00000007c0000000)
  eden space 2124800K, 100% used [0x000000070eb00000,0x0000000790600000,0x0000000790600000)
  from space 398336K, 47% used [0x00000007a7b00000,0x00000007b31d5418,0x00000007c0000000)
  to   space 381952K, 0% used [0x0000000790600000,0x0000000790600000,0x00000007a7b00000)
 ParOldGen       total 5811200K, used 1957754K [0x00000005ac000000, 0x000000070eb00000, 0x000000070eb00000)
  object space 5811200K, 33% used [0x00000005ac000000,0x00000006237de8c8,0x000000070eb00000)
 Metaspace       used 161987K, capacity 167431K, committed 167576K, reserved 1191936K
  class space    used 24737K, capacity 25926K, committed 26008K, reserved 1048576K
Event: 4076.292 GC heap after
Heap after GC invocations=64 (full 7):
 PSYoungGen      total 2506752K, used 201031K [0x000000070eb00000, 0x00000007c0000000, 0x00000007c0000000)
  eden space 2124800K, 0% used [0x000000070eb00000,0x000000070eb00000,0x0000000790600000)
  from space 381952K, 52% used [0x0000000790600000,0x000000079ca51c68,0x00000007a7b00000)
  to   space 372224K, 0% used [0x00000007a9480000,0x00000007a9480000,0x00000007c0000000)
 ParOldGen       total 5811200K, used 1957762K [0x00000005ac000000, 0x000000070eb00000, 0x000000070eb00000)
  object space 5811200K, 33% used [0x00000005ac000000,0x00000006237e08c8,0x000000070eb00000)
 Metaspace       used 161987K, capacity 167431K, committed 167576K, reserved 1191936K
  class space    used 24737K, capacity 25926K, committed 26008K, reserved 1048576K
}

Deoptimization events (10 events):
Event: 4076.045 Thread 0x0000000031911800 Uncommon trap: reason=unstable_if action=reinterpret pc=0x00000000084c65e8 method=net.minecraft.world.WorldServer.func_175654_a(Lnet/minecraft/util/math/BlockPos;Lnet/minecraft/block/Block;II)V @ 161
Event: 4076.515 Thread 0x0000000031911800 Uncommon trap: reason=unstable_if action=reinterpret pc=0x000000000334fb18 method=scala.collection.SeqLike$class.lengthCompare(Lscala/collection/SeqLike;I)I @ 24
Event: 4076.515 Thread 0x0000000031911800 Uncommon trap: reason=class_check action=maybe_recompile pc=0x0000000008862220 method=mrtjp.core.world.WorldGenCaveReformer$$anonfun$iterate$1.apply(I)Ljava/lang/Object; @ 31
Event: 4076.515 Thread 0x0000000031911800 Uncommon trap: reason=class_check action=maybe_recompile pc=0x0000000008862220 method=mrtjp.core.world.WorldGenCaveReformer$$anonfun$iterate$1.apply(I)Ljava/lang/Object; @ 31
Event: 4076.515 Thread 0x0000000031911800 Uncommon trap: reason=class_check action=maybe_recompile pc=0x0000000008862220 method=mrtjp.core.world.WorldGenCaveReformer$$anonfun$iterate$1.apply(I)Ljava/lang/Object; @ 31
Event: 4076.515 Thread 0x0000000031911800 Uncommon trap: reason=class_check action=maybe_recompile pc=0x0000000008862220 method=mrtjp.core.world.WorldGenCaveReformer$$anonfun$iterate$1.apply(I)Ljava/lang/Object; @ 31
Event: 4076.515 Thread 0x0000000031911800 Uncommon trap: reason=class_check action=maybe_recompile pc=0x000000000885b4c4 method=mrtjp.core.world.WorldGenCaveReformer$$anonfun$iterate$1.apply(I)Ljava/lang/Object; @ 31
Event: 4076.639 Thread 0x0000000002423800 Uncommon trap: reason=null_check action=make_not_entrant pc=0x0000000007190fac method=net.minecraft.client.renderer.entity.RenderManager.func_78715_a(Ljava/lang/Class;)Lnet/minecraft/client/renderer/entity/Render; @ 10
Event: 4076.762 Thread 0x0000000031911800 Uncommon trap: reason=unstable_if action=reinterpret pc=0x00000000071e9f68 method=java.util.concurrent.ConcurrentLinkedDeque.contains(Ljava/lang/Object;)Z @ 29
Event: 4076.862 Thread 0x0000000002423800 Uncommon trap: reason=unstable_if action=reinterpret pc=0x0000000004d559a0 method=paulscode.sound.Source.playing()Z @ 31

Internal exceptions (10 events):
Event: 4077.606 Thread 0x00000000282b9000 Exception <a 'java/lang/InterruptedException': sleep interrupted> (0x000000071110e1a0) thrown at [C:\re\workspace\8-2-build-windows-amd64-cygwin\jdk8u45\3627\hotspot\src\share\vm\prims\jvm.cpp, line 3211]
Event: 4077.606 Thread 0x00000000282b9000 Exception <a 'java/lang/InterruptedException': sleep interrupted> (0x000000071110e3a0) thrown at [C:\re\workspace\8-2-build-windows-amd64-cygwin\jdk8u45\3627\hotspot\src\share\vm\prims\jvm.cpp, line 3163]
Event: 4077.606 Thread 0x00000000282b9000 Exception <a 'java/lang/InterruptedException': sleep interrupted> (0x000000071110e5a0) thrown at [C:\re\workspace\8-2-build-windows-amd64-cygwin\jdk8u45\3627\hotspot\src\share\vm\prims\jvm.cpp, line 3211]
Event: 4077.618 Thread 0x00000000282b9000 Exception <a 'java/lang/InterruptedException': sleep interrupted> (0x000000071110e7f0) thrown at [C:\re\workspace\8-2-build-windows-amd64-cygwin\jdk8u45\3627\hotspot\src\share\vm\prims\jvm.cpp, line 3211]
Event: 4077.635 Thread 0x00000000282b9000 Exception <a 'java/lang/InterruptedException': sleep interrupted> (0x000000071110ea40) thrown at [C:\re\workspace\8-2-build-windows-amd64-cygwin\jdk8u45\3627\hotspot\src\share\vm\prims\jvm.cpp, line 3211]
Event: 4077.655 Thread 0x00000000282b9000 Exception <a 'java/lang/InterruptedException': sleep interrupted> (0x000000071110ec90) thrown at [C:\re\workspace\8-2-build-windows-amd64-cygwin\jdk8u45\3627\hotspot\src\share\vm\prims\jvm.cpp, line 3211]
Event: 4077.656 Thread 0x00000000282b9000 Exception <a 'java/lang/InterruptedException': sleep interrupted> (0x000000071110ee90) thrown at [C:\re\workspace\8-2-build-windows-amd64-cygwin\jdk8u45\3627\hotspot\src\share\vm\prims\jvm.cpp, line 3163]
Event: 4077.656 Thread 0x00000000282b9000 Exception <a 'java/lang/InterruptedException': sleep interrupted> (0x0000000732561740) thrown at [C:\re\workspace\8-2-build-windows-amd64-cygwin\jdk8u45\3627\hotspot\src\share\vm\prims\jvm.cpp, line 3211]
Event: 4077.669 Thread 0x00000000282b9000 Exception <a 'java/lang/InterruptedException': sleep interrupted> (0x0000000732561990) thrown at [C:\re\workspace\8-2-build-windows-amd64-cygwin\jdk8u45\3627\hotspot\src\share\vm\prims\jvm.cpp, line 3211]
Event: 4077.685 Thread 0x00000000282b9000 Exception <a 'java/lang/InterruptedException': sleep interrupted> (0x0000000732561be0) thrown at [C:\re\workspace\8-2-build-windows-amd64-cygwin\jdk8u45\3627\hotspot\src\share\vm\prims\jvm.cpp, line 3211]

Events (10 events):
Event: 4076.765 Thread 0x0000000031911800 DEOPT UNPACKING pc=0x000000000256787f sp=0x000000006153e7d0 mode 0
Event: 4076.854 loading class net/minecraft/inventory/InventoryHelper
Event: 4076.854 loading class net/minecraft/inventory/InventoryHelper done
Event: 4076.862 Thread 0x0000000002423800 Uncommon trap: trap_request=0xffffff65 fr.pc=0x0000000004d559a0
Event: 4076.862 Thread 0x0000000002423800 DEOPT PACKING pc=0x0000000004d559a0 sp=0x000000000236d880
Event: 4076.862 Thread 0x0000000002423800 DEOPT UNPACKING pc=0x000000000256582a sp=0x000000000236d838 mode 2
Event: 4077.536 Thread 0x0000000031911800 DEOPT PACKING pc=0x000000000781a656 sp=0x000000006153eaa0
Event: 4077.536 Thread 0x0000000031911800 DEOPT UNPACKING pc=0x000000000256787f sp=0x000000006153e7d0 mode 0
Event: 4077.544 Thread 0x0000000031911800 DEOPT PACKING pc=0x000000000781a656 sp=0x000000006153eaa0
Event: 4077.544 Thread 0x0000000031911800 DEOPT UNPACKING pc=0x000000000256787f sp=0x000000006153e7d0 mode 0


Dynamic libraries:
0x00007ff62be40000 - 0x00007ff62be77000 	C:\Program Files\Java\jre1.8.0_45\bin\javaw.exe
0x00007ffb94ee0000 - 0x00007ffb950b1000 	C:\WINDOWS\SYSTEM32\ntdll.dll
0x00007ffb92c00000 - 0x00007ffb92cab000 	C:\WINDOWS\System32\KERNEL32.DLL
0x00007ffb920f0000 - 0x00007ffb9230d000 	C:\WINDOWS\System32\KERNELBASE.dll
0x00007ffb943d0000 - 0x00007ffb94472000 	C:\WINDOWS\System32\ADVAPI32.dll
0x00007ffb94e40000 - 0x00007ffb94ede000 	C:\WINDOWS\System32\msvcrt.dll
0x00007ffb92930000 - 0x00007ffb92989000 	C:\WINDOWS\System32\sechost.dll
0x00007ffb947e0000 - 0x00007ffb94901000 	C:\WINDOWS\System32\RPCRT4.dll
0x00007ffb94260000 - 0x00007ffb943c5000 	C:\WINDOWS\System32\USER32.dll
0x00007ffb91470000 - 0x00007ffb9148e000 	C:\WINDOWS\System32\win32u.dll
0x00007ffb949c0000 - 0x00007ffb949f4000 	C:\WINDOWS\System32\GDI32.dll
0x00007ffb91ce0000 - 0x00007ffb91e62000 	C:\WINDOWS\System32\gdi32full.dll
0x00007ffb853d0000 - 0x00007ffb85649000 	C:\WINDOWS\WinSxS\amd64_microsoft.windows.common-controls_6595b64144ccf1df_6.0.14393.0_none_2d0f50fcbdb171b8\COMCTL32.dll
0x00007ffb94b70000 - 0x00007ffb94e37000 	C:\WINDOWS\System32\combase.dll
0x00007ffb91490000 - 0x00007ffb91585000 	C:\WINDOWS\System32\ucrtbase.dll
0x00007ffb91590000 - 0x00007ffb915fa000 	C:\WINDOWS\System32\bcryptPrimitives.dll
0x00007ffb94910000 - 0x00007ffb9493e000 	C:\WINDOWS\System32\IMM32.DLL
0x0000000061630000 - 0x0000000061702000 	C:\Program Files\Java\jre1.8.0_45\bin\msvcr100.dll
0x00000000605b0000 - 0x0000000060e33000 	C:\Program Files\Java\jre1.8.0_45\bin\server\jvm.dll
0x00007ffb92ab0000 - 0x00007ffb92ab8000 	C:\WINDOWS\System32\PSAPI.DLL
0x00007ffb8f660000 - 0x00007ffb8f683000 	C:\WINDOWS\SYSTEM32\WINMM.dll
0x00007ffb8e330000 - 0x00007ffb8e339000 	C:\WINDOWS\SYSTEM32\WSOCK32.dll
0x00007ffb8aa40000 - 0x00007ffb8aa4a000 	C:\WINDOWS\SYSTEM32\VERSION.dll
0x00007ffb94950000 - 0x00007ffb949ba000 	C:\WINDOWS\System32\WS2_32.dll
0x00007ffb8f4c0000 - 0x00007ffb8f4eb000 	C:\WINDOWS\SYSTEM32\WINMMBASE.dll
0x00007ffb92310000 - 0x00007ffb92352000 	C:\WINDOWS\System32\cfgmgr32.dll
0x0000000062b50000 - 0x0000000062b5f000 	C:\Program Files\Java\jre1.8.0_45\bin\verify.dll
0x0000000062990000 - 0x00000000629b9000 	C:\Program Files\Java\jre1.8.0_45\bin\java.dll
0x0000000062950000 - 0x0000000062966000 	C:\Program Files\Java\jre1.8.0_45\bin\zip.dll
0x00007ffb92cb0000 - 0x00007ffb941b8000 	C:\WINDOWS\System32\SHELL32.dll
0x00007ffb91600000 - 0x00007ffb91cda000 	C:\WINDOWS\System32\windows.storage.dll
0x00007ffb913f0000 - 0x00007ffb9143c000 	C:\WINDOWS\System32\powrprof.dll
0x00007ffb94620000 - 0x00007ffb94672000 	C:\WINDOWS\System32\shlwapi.dll
0x00007ffb913e0000 - 0x00007ffb913ef000 	C:\WINDOWS\System32\kernel.appcore.dll
0x00007ffb92360000 - 0x00007ffb92409000 	C:\WINDOWS\System32\shcore.dll
0x00007ffb91440000 - 0x00007ffb91454000 	C:\WINDOWS\System32\profapi.dll
0x0000000062940000 - 0x000000006294d000 	C:\Program Files\Java\jre1.8.0_45\bin\management.dll
0x00000000628b0000 - 0x00000000628ca000 	C:\Program Files\Java\jre1.8.0_45\bin\net.dll
0x00007ffb90be0000 - 0x00007ffb90c3c000 	C:\WINDOWS\system32\mswsock.dll
0x00007ffb7af20000 - 0x00007ffb7af36000 	C:\WINDOWS\system32\napinsp.dll
0x00007ffb7aca0000 - 0x00007ffb7acba000 	C:\WINDOWS\system32\pnrpnsp.dll
0x00007ffb8f640000 - 0x00007ffb8f658000 	C:\WINDOWS\system32\NLAapi.dll
0x00007ffb909b0000 - 0x00007ffb90a50000 	C:\WINDOWS\SYSTEM32\DNSAPI.dll
0x00007ffb94a60000 - 0x00007ffb94a68000 	C:\WINDOWS\System32\NSI.dll
0x00007ffb90970000 - 0x00007ffb909a8000 	C:\WINDOWS\SYSTEM32\IPHLPAPI.DLL
0x00007ffb7b220000 - 0x00007ffb7b22e000 	C:\WINDOWS\System32\winrnr.dll
0x00007ffb7ac30000 - 0x00007ffb7ac45000 	C:\WINDOWS\System32\wshbth.dll
0x0000000062bc0000 - 0x0000000062be6000 	C:\Program Files\Bonjour\mdnsNSP.dll
0x00007ffb81970000 - 0x00007ffb8197a000 	C:\Windows\System32\rasadhlp.dll
0x00007ffb88ef0000 - 0x00007ffb88f5a000 	C:\WINDOWS\System32\fwpuclnt.dll
0x00007ffb91320000 - 0x00007ffb9134b000 	C:\WINDOWS\SYSTEM32\bcrypt.dll
0x0000000062890000 - 0x00000000628a1000 	C:\Program Files\Java\jre1.8.0_45\bin\nio.dll
0x0000000062870000 - 0x0000000062887000 	C:\Program Files\Java\jre1.8.0_45\bin\unpack.dll
0x0000000180000000 - 0x0000000180053000 	C:\Users\C. A. Phoenix\Desktop\MMC11\instances\1.12.2 BS&G All mods\natives\lwjgl64.dll
0x00007ffb725c0000 - 0x00007ffb726e3000 	C:\WINDOWS\SYSTEM32\OPENGL32.dll
0x00007ffb77ff0000 - 0x00007ffb7801d000 	C:\WINDOWS\SYSTEM32\GLU32.dll
0x00007ffb71e70000 - 0x00007ffb71f67000 	C:\WINDOWS\SYSTEM32\DDRAW.dll
0x00007ffb8a8b0000 - 0x00007ffb8a8b8000 	C:\WINDOWS\SYSTEM32\DCIMAN32.dll
0x00007ffb90e50000 - 0x00007ffb90e67000 	C:\WINDOWS\SYSTEM32\CRYPTSP.dll
0x00007ffb90d60000 - 0x00007ffb90d93000 	C:\WINDOWS\system32\rsaenh.dll
0x00007ffb90a60000 - 0x00007ffb90a7f000 	C:\WINDOWS\SYSTEM32\USERENV.dll
0x00007ffb90e70000 - 0x00007ffb90e7b000 	C:\WINDOWS\SYSTEM32\CRYPTBASE.dll
0x00007ffb8b320000 - 0x00007ffb8b336000 	C:\WINDOWS\SYSTEM32\dhcpcsvc6.DLL
0x00007ffb8cd70000 - 0x00007ffb8cd8a000 	C:\WINDOWS\SYSTEM32\dhcpcsvc.DLL
0x0000000060410000 - 0x00000000605a8000 	C:\Program Files\Java\jre1.8.0_45\bin\awt.dll
0x00007ffb92990000 - 0x00007ffb92a4c000 	C:\WINDOWS\System32\OLEAUT32.dll
0x00007ffb8f970000 - 0x00007ffb8f9ea000 	C:\WINDOWS\SYSTEM32\apphelp.dll
0x00007ffb8fb70000 - 0x00007ffb8fc05000 	C:\WINDOWS\system32\uxtheme.dll
0x00007ffb94680000 - 0x00007ffb947db000 	C:\WINDOWS\System32\MSCTF.dll
0x00007ffb8e870000 - 0x00007ffb8e896000 	C:\WINDOWS\system32\dwmapi.dll
0x000000005e140000 - 0x0000000060408000 	C:\WINDOWS\SYSTEM32\nvoglv64.DLL
0x00007ffb924e0000 - 0x00007ffb92909000 	C:\WINDOWS\System32\SETUPAPI.dll
0x00007ffb92ac0000 - 0x00007ffb92bf7000 	C:\WINDOWS\System32\ole32.dll
0x00007ffb8e470000 - 0x00007ffb8e483000 	C:\WINDOWS\SYSTEM32\WTSAPI32.dll
0x00007ffb8ffa0000 - 0x00007ffb8ffc8000 	C:\WINDOWS\SYSTEM32\DEVOBJ.dll
0x00007ffb92410000 - 0x00007ffb92465000 	C:\WINDOWS\System32\WINTRUST.dll
0x00007ffb91460000 - 0x00007ffb91470000 	C:\WINDOWS\System32\MSASN1.dll
0x00007ffb91e70000 - 0x00007ffb92038000 	C:\WINDOWS\System32\CRYPT32.dll
0x00007ffb90790000 - 0x00007ffb907c2000 	C:\WINDOWS\SYSTEM32\ntmarta.dll
0x00007ffb63af0000 - 0x00007ffb63d44000 	C:\WINDOWS\system32\nvspcap64.dll
0x00007ffb85650000 - 0x00007ffb856e1000 	C:\WINDOWS\SYSTEM32\mscms.dll
0x00007ffb84850000 - 0x00007ffb84892000 	C:\WINDOWS\SYSTEM32\icm32.dll
0x00007ffb912c0000 - 0x00007ffb91316000 	C:\WINDOWS\SYSTEM32\WINSTA.dll
0x00007ffb90370000 - 0x00007ffb9040f000 	C:\WINDOWS\system32\dxgi.dll
0x00007ffb8e8a0000 - 0x00007ffb8eb56000 	C:\WINDOWS\system32\d3d11.dll
0x00007ffb65690000 - 0x00007ffb6577a000 	C:\WINDOWS\System32\DriverStore\FileRepository\nvami.inf_amd64_b376ee2d23af457f\nvldumdx.dll
0x00007ffb92910000 - 0x00007ffb9292c000 	C:\WINDOWS\System32\imagehlp.dll
0x00007ffb572e0000 - 0x00007ffb58e21000 	C:\WINDOWS\System32\DriverStore\FileRepository\nvami.inf_amd64_b376ee2d23af457f\nvwgf2umx.dll
0x00007ffb86eb0000 - 0x00007ffb87330000 	C:\WINDOWS\system32\nvapi64.dll
0x00007ffb7fe50000 - 0x00007ffb7fe92000 	C:\Users\C. A. Phoenix\AppData\Local\Temp\jna-1369068369\jna6047040053681437553.dll
0x00000000623a0000 - 0x00000000623c4000 	C:\Program Files\Java\jre1.8.0_45\bin\sunec.dll
0x000000003c060000 - 0x000000003c0c4000 	C:\Users\C. A. Phoenix\Desktop\MMC11\instances\1.12.2 BS&G All mods\natives\OpenAL64.dll
0x00007ffb941c0000 - 0x00007ffb9425f000 	C:\WINDOWS\System32\clbcatq.dll
0x00007ffb8ad80000 - 0x00007ffb8adf1000 	C:\WINDOWS\System32\MMDevApi.dll
0x00007ffb8e4c0000 - 0x00007ffb8e645000 	C:\WINDOWS\System32\PROPSYS.dll
0x00007ffb6b3b0000 - 0x00007ffb6b44b000 	C:\WINDOWS\SYSTEM32\dsound.dll
0x00007ffb81260000 - 0x00007ffb812f4000 	C:\WINDOWS\SYSTEM32\AUDIOSES.DLL
0x00007ffb8eb60000 - 0x00007ffb8ec96000 	C:\WINDOWS\SYSTEM32\wintypes.dll
0x00007ffb81350000 - 0x00007ffb8136a000 	C:\Users\C. A. Phoenix\Desktop\MMC11\instances\1.12.2 BS&G All mods\natives\SAPIWrapper_x64.dll
0x00007ffb8dba0000 - 0x00007ffb8dd32000 	C:\WINDOWS\SYSTEM32\dbghelp.dll

VM Arguments:
jvm_args: -XX:HeapDumpPath=MojangTricksIntelDriversForPerformance_javaw.exe_minecraft.exe.heapdump -Xms8512m -Xmx8512m -Duser.language=en -Djava.library.path=C:/Users/C. A. Phoenix/Desktop/MMC11/instances/1.12.2 BS&G All mods/natives 
java_command: org.multimc.EntryPoint
java_class_path (initial): C:/Users/C. A. Phoenix/Desktop/MMC11/jars/NewLaunch.jar;C:/Users/C. A. Phoenix/Desktop/MMC11/libraries/net/java/jinput/jinput/2.0.5/jinput-2.0.5.jar;C:/Users/C. A. Phoenix/Desktop/MMC11/libraries/net/java/jutils/jutils/1.0.0/jutils-1.0.0.jar;C:/Users/C. A. Phoenix/Desktop/MMC11/libraries/org/lwjgl/lwjgl/lwjgl/2.9.4-nightly-20150209/lwjgl-2.9.4-nightly-20150209.jar;C:/Users/C. A. Phoenix/Desktop/MMC11/libraries/org/lwjgl/lwjgl/lwjgl_util/2.9.4-nightly-20150209/lwjgl_util-2.9.4-nightly-20150209.jar;C:/Users/C. A. Phoenix/Desktop/MMC11/libraries/com/mojang/patchy/1.1/patchy-1.1.jar;C:/Users/C. A. Phoenix/Desktop/MMC11/libraries/oshi-project/oshi-core/1.1/oshi-core-1.1.jar;C:/Users/C. A. Phoenix/Desktop/MMC11/libraries/net/java/dev/jna/jna/4.4.0/jna-4.4.0.jar;C:/Users/C. A. Phoenix/Desktop/MMC11/libraries/net/java/dev/jna/platform/3.4.0/platform-3.4.0.jar;C:/Users/C. A. Phoenix/Desktop/MMC11/libraries/com/ibm/icu/icu4j-core-mojang/51.2/icu4j-core-mojang-51.2.jar;C:/Users/C. A. Phoenix/Desktop/MMC11/libraries/net/sf/jopt-simple/jopt-simple/5.0.3/jopt-simple-5.0.3.jar;C:/Users/C. A. Phoenix/Desktop/MMC11/libraries/com/paulscode/codecjorbis/20101023/codecjorbis-20101023.jar;C:/Users/C. A. Phoenix/Desktop/MMC11/libraries/com/paulscode/codecwav/20101023/codecwav-20101023.jar;C:/Users/C. A. Phoenix/Desktop/MMC11/libraries/com/paulscode/libraryjavasound/20101123/libraryjavasound-20101123.jar;C:/Users/C. A. Phoenix/Desktop/MMC11/libraries/com/paulscode/librarylwjglopenal/20100824/librarylwjglopenal-20100824.jar;C:/Users/C. A. Phoenix/Desktop/MMC11/libraries/com/paulscode/soundsystem/20120107/soundsystem-20120107.jar;C:/Users/C. A. Phoenix/Desktop/MMC11/libraries/io/netty/netty-all/4.1.9.Final/netty-all-4.1.9.Final.jar;C:/Users/C. A. Phoenix/Desktop/MMC11/libraries/com/google/guava/guava/21.0/guava-21.0.jar;C:/Users/C. A. Phoenix/Desktop/MMC11/libraries/org/apache/commons/commons-lang3/3.5/commons-lang3-3.5.jar;C:/Users/C. A. Phoenix/Desktop/MMC11/li
Launcher Type: SUN_STANDARD

Environment Variables:
PATH=C:\ProgramData\Oracle\Java\javapath;C:\Program Files (x86)\Intel\iCLS Client\;C:\Program Files\Intel\iCLS Client\;C:\Windows\system32;C:\Windows;C:\Windows\System32\Wbem;C:\Windows\System32\WindowsPowerShell\v1.0\;C:\Program Files (x86)\Intel\Intel(R) Management Engine Components\DAL;C:\Program Files\Intel\Intel(R) Management Engine Components\DAL;C:\Program Files (x86)\Intel\Intel(R) Management Engine Components\IPT;C:\Program Files\Intel\Intel(R) Management Engine Components\IPT;C:\Program Files (x86)\NVIDIA Corporation\PhysX\Common;C:\Program Files\Intel\WiFi\bin\;C:\Program Files\Common Files\Intel\WirelessCommon\;C:\WINDOWS\system32;C:\WINDOWS;C:\WINDOWS\System32\Wbem;C:\WINDOWS\System32\WindowsPowerShell\v1.0\;C:\Users\C. A. Phoenix\AppData\Local\Microsoft\WindowsApps;
USERNAME=C. A. Phoenix
OS=Windows_NT
PROCESSOR_IDENTIFIER=Intel64 Family 6 Model 94 Stepping 3, GenuineIntel



---------------  S Y S T E M  ---------------

OS: Windows 10.0 , 64 bit Build 14393 (10.0.14393.0)

CPU:total 8 (4 cores per cpu, 2 threads per core) family 6 model 94 stepping 3, cmov, cx8, fxsr, mmx, sse, sse2, sse3, ssse3, sse4.1, sse4.2, popcnt, avx, avx2, aes, clmul, erms, rtm, 3dnowpref, lzcnt, ht, tsc, tscinvbit, bmi1, bmi2, adx

Memory: 4k page, physical 16673732k(1371100k free), swap 32203712k(5296k free)

vm_info: Java HotSpot(TM) 64-Bit Server VM (25.45-b02) for windows-amd64 JRE (1.8.0_45-b15), built on Apr 30 2015 12:40:44 by "java_re" with MS VC++ 10.0 (VS2010)

time: Thu Oct 11 20:51:40 2018
elapsed time: 4077 seconds (0d 1h 7m 57s)

