#
# There is insufficient memory for the Java Runtime Environment to continue.
# Native memory allocation (malloc) failed to allocate 556496 bytes for Chunk::new
# Possible reasons:
#   The system is out of physical RAM or swap space
#   In 32 bit mode, the process size limit was hit
# Possible solutions:
#   Reduce memory load on the system
#   Increase physical memory or swap space
#   Check if swap backing store is full
#   Use 64 bit Java on a 64 bit OS
#   Decrease Java heap size (-Xmx/-Xms)
#   Decrease number of Java threads
#   Decrease Java thread stack sizes (-Xss)
#   Set larger code cache with -XX:ReservedCodeCacheSize=
# This output file may be truncated or incomplete.
#
#  Out of Memory Error (allocation.cpp:390), pid=6396, tid=48124
#
# JRE version: Java(TM) SE Runtime Environment (8.0_45-b15) (build 1.8.0_45-b15)
# Java VM: Java HotSpot(TM) 64-Bit Server VM (25.45-b02 mixed mode windows-amd64 compressed oops)
# Failed to write core dump. Minidumps are not enabled by default on client versions of Windows
#

---------------  T H R E A D  ---------------

Current thread (0x0000000028ead000):  JavaThread "C2 CompilerThread0" daemon [_thread_in_native, id=48124, stack(0x0000000029480000,0x0000000029580000)]

Stack: [0x0000000029480000,0x0000000029580000]
Native frames: (J=compiled Java code, j=interpreted, Vv=VM code, C=native code)
V  [jvm.dll+0x32b57a]
V  [jvm.dll+0x279873]
V  [jvm.dll+0x27a509]
V  [jvm.dll+0x271825]
V  [jvm.dll+0xcb9e2]
V  [jvm.dll+0xcbeac]
V  [jvm.dll+0x49298c]
V  [jvm.dll+0x45f8ca]
V  [jvm.dll+0x46a73b]
V  [jvm.dll+0x46cd52]
V  [jvm.dll+0x4500f2]
V  [jvm.dll+0xa4352]
V  [jvm.dll+0xa4c8f]
V  [jvm.dll+0x241984]
V  [jvm.dll+0x29853a]
C  [msvcr100.dll+0x21d9f]
C  [msvcr100.dll+0x21e3b]
C  [KERNEL32.DLL+0x8364]
C  [ntdll.dll+0x65e91]


Current CompileTask:
C2: 187256 25826       4       net.minecraft.pathfinding.WalkNodeProcessor::func_193578_a (137 bytes)


---------------  P R O C E S S  ---------------

Java Threads: ( => current thread )
  0x0000000029dad000 JavaThread "Chunk I/O Executor Thread-1" daemon [_thread_in_vm, id=50480, stack(0x000000006aa10000,0x000000006ab10000)]
  0x0000000029dae000 JavaThread "Chunk Batcher 7" daemon [_thread_blocked, id=50980, stack(0x00000000641f0000,0x00000000642f0000)]
  0x0000000029da6800 JavaThread "Chunk Batcher 6" daemon [_thread_blocked, id=48652, stack(0x00000000640f0000,0x00000000641f0000)]
  0x0000000029dac800 JavaThread "Chunk Batcher 5" daemon [_thread_blocked, id=50148, stack(0x0000000063ef0000,0x0000000063ff0000)]
  0x0000000029dab800 JavaThread "Chunk Batcher 4" daemon [_thread_blocked, id=10620, stack(0x0000000063df0000,0x0000000063ef0000)]
  0x0000000029da5800 JavaThread "Chunk Batcher 3" daemon [_thread_blocked, id=52076, stack(0x0000000063cf0000,0x0000000063df0000)]
  0x0000000029da8800 JavaThread "Chunk Batcher 2" daemon [_thread_blocked, id=50548, stack(0x0000000063bf0000,0x0000000063cf0000)]
  0x0000000029da5000 JavaThread "Chunk Batcher 1" daemon [_thread_blocked, id=42620, stack(0x0000000063af0000,0x0000000063bf0000)]
  0x0000000029da4000 JavaThread "Chunk Batcher 0" daemon [_thread_blocked, id=49036, stack(0x00000000639f0000,0x0000000063af0000)]
  0x0000000029da9800 JavaThread "pool-3-thread-1" [_thread_blocked, id=51796, stack(0x00000000638f0000,0x00000000639f0000)]
  0x0000000029da8000 JavaThread "Netty Server IO #1" daemon [_thread_in_native, id=44952, stack(0x00000000637f0000,0x00000000638f0000)]
  0x0000000029daa000 JavaThread "Netty Local Client IO #0" daemon [_thread_in_Java, id=46112, stack(0x00000000636f0000,0x00000000637f0000)]
  0x0000000029dab000 JavaThread "Keep-Alive-Timer" daemon [_thread_blocked, id=36924, stack(0x00000000635f0000,0x00000000636f0000)]
  0x000000002e3b8000 JavaThread "File IO Thread" [_thread_blocked, id=46040, stack(0x00000000633f0000,0x00000000634f0000)]
  0x000000005b2c4000 JavaThread "Netty Server IO #0" daemon [_thread_in_native, id=45780, stack(0x00000000630f0000,0x00000000631f0000)]
  0x0000000033ada000 JavaThread "Thread-32" [_thread_blocked, id=51308, stack(0x0000000062ff0000,0x00000000630f0000)]
  0x000000002d886800 JavaThread "Forestry Greenhouse" [_thread_blocked, id=42764, stack(0x0000000062110000,0x0000000062210000)]
  0x000000002d881000 JavaThread "Thread-21" [_thread_blocked, id=45632, stack(0x0000000062010000,0x0000000062110000)]
  0x0000000033ad7800 JavaThread "Server thread" [_thread_in_Java, id=44660, stack(0x000000005dde0000,0x000000005dee0000)]
  0x0000000033ad4000 JavaThread "Snooper Timer" daemon [_thread_blocked, id=46184, stack(0x000000005dce0000,0x000000005dde0000)]
  0x0000000033ad3000 JavaThread "Forestry Greenhouse Client" [_thread_blocked, id=38344, stack(0x000000005dbe0000,0x000000005dce0000)]
  0x0000000033ad2800 JavaThread "Narrator" daemon [_thread_blocked, id=37020, stack(0x000000005dae0000,0x000000005dbe0000)]
  0x000000002d88d800 JavaThread "ThaumicJEI Aspect Cache" [_thread_in_Java, id=50500, stack(0x000000005d6e0000,0x000000005d7e0000)]
  0x000000005b2c5000 JavaThread "PR RoutingThread #3" daemon [_thread_blocked, id=50956, stack(0x000000005d5e0000,0x000000005d6e0000)]
  0x000000005b2c8800 JavaThread "PR RoutingThread #2" daemon [_thread_blocked, id=49924, stack(0x000000005d4e0000,0x000000005d5e0000)]
  0x000000005b2bc800 JavaThread "PR RoutingThread #1" daemon [_thread_blocked, id=34580, stack(0x000000005d3e0000,0x000000005d4e0000)]
  0x000000005b2c3800 JavaThread "PR RoutingThread #0" daemon [_thread_blocked, id=45580, stack(0x000000005d2e0000,0x000000005d3e0000)]
  0x000000005b2ca000 JavaThread "ic2-poolthread-1" daemon [_thread_blocked, id=51192, stack(0x000000005d1e0000,0x000000005d2e0000)]
  0x000000005b2bd800 JavaThread "pool-5-thread-2" [_thread_blocked, id=51916, stack(0x000000005c7e0000,0x000000005c8e0000)]
  0x000000005b2c2000 JavaThread "pool-5-thread-1" [_thread_blocked, id=51704, stack(0x000000005c4e0000,0x000000005c5e0000)]
  0x000000002d88b000 JavaThread "Thread-8" [_thread_blocked, id=50796, stack(0x0000000053800000,0x0000000053900000)]
  0x000000002d88a800 JavaThread "Thread-7" [_thread_blocked, id=48588, stack(0x0000000053700000,0x0000000053800000)]
  0x000000002e3bc800 JavaThread "LWJGL Timer" daemon [_thread_blocked, id=48772, stack(0x0000000040710000,0x0000000040810000)]
  0x000000002e3bb000 JavaThread "Java2D Disposer" daemon [_thread_blocked, id=42868, stack(0x0000000034900000,0x0000000034a00000)]
  0x000000002e3b9000 JavaThread "Timer hack thread" daemon [_thread_blocked, id=46996, stack(0x0000000031580000,0x0000000031680000)]
  0x000000002e3ba800 JavaThread "Snooper Timer" daemon [_thread_blocked, id=42740, stack(0x000000002c070000,0x000000002c170000)]
  0x0000000028f39000 JavaThread "Service Thread" daemon [_thread_blocked, id=50820, stack(0x0000000029880000,0x0000000029980000)]
  0x0000000028ebf000 JavaThread "C1 CompilerThread3" daemon [_thread_in_vm, id=50680, stack(0x0000000029780000,0x0000000029880000)]
  0x0000000028eba000 JavaThread "C2 CompilerThread2" daemon [_thread_in_native, id=51616, stack(0x0000000029680000,0x0000000029780000)]
  0x0000000028eb1000 JavaThread "C2 CompilerThread1" daemon [_thread_in_vm, id=42512, stack(0x0000000029580000,0x0000000029680000)]
=>0x0000000028ead000 JavaThread "C2 CompilerThread0" daemon [_thread_in_native, id=48124, stack(0x0000000029480000,0x0000000029580000)]
  0x0000000028eaa000 JavaThread "Attach Listener" daemon [_thread_blocked, id=50128, stack(0x0000000029380000,0x0000000029480000)]
  0x0000000028ea8800 JavaThread "Signal Dispatcher" daemon [_thread_blocked, id=44424, stack(0x0000000029280000,0x0000000029380000)]
  0x00000000031db000 JavaThread "Finalizer" daemon [_thread_blocked, id=13880, stack(0x0000000028d80000,0x0000000028e80000)]
  0x00000000031d4000 JavaThread "Reference Handler" daemon [_thread_blocked, id=46228, stack(0x0000000028c80000,0x0000000028d80000)]
  0x00000000030e3800 JavaThread "Client thread" [_thread_in_Java, id=51436, stack(0x0000000002fe0000,0x00000000030e0000)]

Other Threads:
  0x0000000026ea9800 VMThread [stack: 0x0000000028b80000,0x0000000028c80000] [id=44172]
  0x0000000028f42000 WatcherThread [stack: 0x0000000029980000,0x0000000029a80000] [id=38492]

VM state:not at safepoint (normal execution)

VM Mutex/Monitor currently owned by a thread: None

Heap:
 PSYoungGen      total 2289664K, used 1114391K [0x000000070eb00000, 0x00000007c0000000, 0x00000007c0000000)
  eden space 1702912K, 52% used [0x000000070eb00000,0x00000007455d2df8,0x0000000776a00000)
  from space 586752K, 37% used [0x0000000776a00000,0x0000000783f72f90,0x000000079a700000)
  to   space 551936K, 0% used [0x000000079e500000,0x000000079e500000,0x00000007c0000000)
 ParOldGen       total 5811200K, used 1812393K [0x00000005ac000000, 0x000000070eb00000, 0x000000070eb00000)
  object space 5811200K, 31% used [0x00000005ac000000,0x000000061a9ea578,0x000000070eb00000)
 Metaspace       used 155152K, capacity 160453K, committed 160792K, reserved 1185792K
  class space    used 24323K, capacity 25501K, committed 25624K, reserved 1048576K

Card table byte_map: [0x00000000125a0000,0x0000000013650000] byte_map_base: 0x000000000f840000

Marking Bits: (ParMarkBitMap*) 0x0000000060db4040
 Begin Bits: [0x0000000014970000, 0x000000001ce70000)
 End Bits:   [0x000000001ce70000, 0x0000000025370000)

Polling page: 0x0000000001790000

CodeCache: size=245760Kb used=66853Kb max_used=67067Kb free=178906Kb
 bounds [0x00000000031e0000, 0x00000000073f0000, 0x00000000121e0000]
 total_blobs=18911 nmethods=17440 adapters=1380
 compilation: enabled

Compilation events (10 events):
Event: 187.189 Thread 0x0000000028ebf000 25867       1       scala.collection.mutable.HashSet::threshold (5 bytes)
Event: 187.189 Thread 0x0000000028ebf000 nmethod 25867 0x0000000006de0910 code [0x0000000006de0a60, 0x0000000006de0b70]
Event: 187.190 Thread 0x0000000028ebf000 25871       3       net.minecraft.nbt.NBTTagList::func_152446_a (132 bytes)
Event: 187.193 Thread 0x0000000028ebf000 nmethod 25871 0x0000000006ddf790 code [0x0000000006ddf9c0, 0x0000000006de0468]
Event: 187.194 Thread 0x0000000028ebf000 25872       3       io.netty.channel.AbstractChannelHandlerContext::invokeChannelReadComplete (52 bytes)
Event: 187.195 Thread 0x0000000028ebf000 nmethod 25872 0x0000000006dde950 code [0x0000000006ddeb40, 0x0000000006ddf428]
Event: 187.196 Thread 0x0000000028ebf000 25874       1       net.minecraft.server.management.PlayerChunkMapEntry::access$200 (5 bytes)
Event: 187.196 Thread 0x0000000028ebf000 nmethod 25874 0x0000000003614dd0 code [0x0000000003614f20, 0x0000000003615010]
Event: 187.196 Thread 0x0000000028eba000 nmethod 25860 0x0000000006dd9f90 code [0x0000000006dda140, 0x0000000006ddab58]
Event: 187.196 Thread 0x0000000028eba000 25868       4       scala.collection.mutable.HashTable$class::index (40 bytes)

GC Heap History (10 events):
Event: 168.974 GC heap before
{Heap before GC invocations=41 (full 5):
 PSYoungGen      total 2293248K, used 307010K [0x000000070eb00000, 0x00000007c0000000, 0x00000007c0000000)
  eden space 1669632K, 0% used [0x000000070eb00000,0x000000070eb00000,0x0000000774980000)
  from space 623616K, 49% used [0x0000000799f00000,0x00000007acad0bc0,0x00000007c0000000)
  to   space 611840K, 0% used [0x0000000774980000,0x0000000774980000,0x0000000799f00000)
 ParOldGen       total 5811200K, used 1729370K [0x00000005ac000000, 0x000000070eb00000, 0x000000070eb00000)
  object space 5811200K, 29% used [0x00000005ac000000,0x00000006158d6830,0x000000070eb00000)
 Metaspace       used 145833K, capacity 150381K, committed 150552K, reserved 1175552K
  class space    used 23203K, capacity 24227K, committed 24344K, reserved 1048576K
Event: 172.262 GC heap after
Heap after GC invocations=41 (full 5):
 PSYoungGen      total 2293248K, used 0K [0x000000070eb00000, 0x00000007c0000000, 0x00000007c0000000)
  eden space 1669632K, 0% used [0x000000070eb00000,0x000000070eb00000,0x0000000774980000)
  from space 623616K, 0% used [0x0000000799f00000,0x0000000799f00000,0x00000007c0000000)
  to   space 611840K, 0% used [0x0000000774980000,0x0000000774980000,0x0000000799f00000)
 ParOldGen       total 5811200K, used 1812377K [0x00000005ac000000, 0x000000070eb00000, 0x000000070eb00000)
  object space 5811200K, 31% used [0x00000005ac000000,0x000000061a9e6578,0x000000070eb00000)
 Metaspace       used 145833K, capacity 150381K, committed 150552K, reserved 1175552K
  class space    used 23203K, capacity 24227K, committed 24344K, reserved 1048576K
}
Event: 172.262 GC heap before
{Heap before GC invocations=42 (full 5):
 PSYoungGen      total 2293248K, used 0K [0x000000070eb00000, 0x00000007c0000000, 0x00000007c0000000)
  eden space 1669632K, 0% used [0x000000070eb00000,0x000000070eb00000,0x0000000774980000)
  from space 623616K, 0% used [0x0000000799f00000,0x0000000799f00000,0x00000007c0000000)
  to   space 611840K, 0% used [0x0000000774980000,0x0000000774980000,0x0000000799f00000)
 ParOldGen       total 5811200K, used 1812377K [0x00000005ac000000, 0x000000070eb00000, 0x000000070eb00000)
  object space 5811200K, 31% used [0x00000005ac000000,0x000000061a9e6578,0x000000070eb00000)
 Metaspace       used 145833K, capacity 150381K, committed 150552K, reserved 1175552K
  class space    used 23203K, capacity 24227K, committed 24344K, reserved 1048576K
Event: 172.269 GC heap after
Heap after GC invocations=42 (full 5):
 PSYoungGen      total 2281472K, used 0K [0x000000070eb00000, 0x00000007c0000000, 0x00000007c0000000)
  eden space 1669632K, 0% used [0x000000070eb00000,0x000000070eb00000,0x0000000774980000)
  from space 611840K, 0% used [0x0000000774980000,0x0000000774980000,0x0000000799f00000)
  to   space 615424K, 0% used [0x000000079a700000,0x000000079a700000,0x00000007c0000000)
 ParOldGen       total 5811200K, used 1812377K [0x00000005ac000000, 0x000000070eb00000, 0x000000070eb00000)
  object space 5811200K, 31% used [0x00000005ac000000,0x000000061a9e6578,0x000000070eb00000)
 Metaspace       used 145833K, capacity 150381K, committed 150552K, reserved 1175552K
  class space    used 23203K, capacity 24227K, committed 24344K, reserved 1048576K
}
Event: 172.269 GC heap before
{Heap before GC invocations=43 (full 6):
 PSYoungGen      total 2281472K, used 0K [0x000000070eb00000, 0x00000007c0000000, 0x00000007c0000000)
  eden space 1669632K, 0% used [0x000000070eb00000,0x000000070eb00000,0x0000000774980000)
  from space 611840K, 0% used [0x0000000774980000,0x0000000774980000,0x0000000799f00000)
  to   space 615424K, 0% used [0x000000079a700000,0x000000079a700000,0x00000007c0000000)
 ParOldGen       total 5811200K, used 1812377K [0x00000005ac000000, 0x000000070eb00000, 0x000000070eb00000)
  object space 5811200K, 31% used [0x00000005ac000000,0x000000061a9e6578,0x000000070eb00000)
 Metaspace       used 145833K, capacity 150381K, committed 150552K, reserved 1175552K
  class space    used 23203K, capacity 24227K, committed 24344K, reserved 1048576K
Event: 173.189 GC heap after
Heap after GC invocations=43 (full 6):
 PSYoungGen      total 2281472K, used 0K [0x000000070eb00000, 0x00000007c0000000, 0x00000007c0000000)
  eden space 1669632K, 0% used [0x000000070eb00000,0x000000070eb00000,0x0000000774980000)
  from space 611840K, 0% used [0x0000000774980000,0x0000000774980000,0x0000000799f00000)
  to   space 615424K, 0% used [0x000000079a700000,0x000000079a700000,0x00000007c0000000)
 ParOldGen       total 5811200K, used 1812377K [0x00000005ac000000, 0x000000070eb00000, 0x000000070eb00000)
  object space 5811200K, 31% used [0x00000005ac000000,0x000000061a9e6578,0x000000070eb00000)
 Metaspace       used 145833K, capacity 150381K, committed 150552K, reserved 1175552K
  class space    used 23203K, capacity 24227K, committed 24344K, reserved 1048576K
}
Event: 177.347 GC heap before
{Heap before GC invocations=44 (full 6):
 PSYoungGen      total 2281472K, used 1669632K [0x000000070eb00000, 0x00000007c0000000, 0x00000007c0000000)
  eden space 1669632K, 100% used [0x000000070eb00000,0x0000000774980000,0x0000000774980000)
  from space 611840K, 0% used [0x0000000774980000,0x0000000774980000,0x0000000799f00000)
  to   space 615424K, 0% used [0x000000079a700000,0x000000079a700000,0x00000007c0000000)
 ParOldGen       total 5811200K, used 1812377K [0x00000005ac000000, 0x000000070eb00000, 0x000000070eb00000)
  object space 5811200K, 31% used [0x00000005ac000000,0x000000061a9e6578,0x000000070eb00000)
 Metaspace       used 147541K, capacity 152531K, committed 152600K, reserved 1177600K
  class space    used 23450K, capacity 24568K, committed 24600K, reserved 1048576K
Event: 177.393 GC heap after
Heap after GC invocations=44 (full 6):
 PSYoungGen      total 2318336K, used 152571K [0x000000070eb00000, 0x00000007c0000000, 0x00000007c0000000)
  eden space 1702912K, 0% used [0x000000070eb00000,0x000000070eb00000,0x0000000776a00000)
  from space 615424K, 24% used [0x000000079a700000,0x00000007a3bfee48,0x00000007c0000000)
  to   space 586752K, 0% used [0x0000000776a00000,0x0000000776a00000,0x000000079a700000)
 ParOldGen       total 5811200K, used 1812385K [0x00000005ac000000, 0x000000070eb00000, 0x000000070eb00000)
  object space 5811200K, 31% used [0x00000005ac000000,0x000000061a9e8578,0x000000070eb00000)
 Metaspace       used 147541K, capacity 152531K, committed 152600K, reserved 1177600K
  class space    used 23450K, capacity 24568K, committed 24600K, reserved 1048576K
}
Event: 184.009 GC heap before
{Heap before GC invocations=45 (full 6):
 PSYoungGen      total 2318336K, used 1855483K [0x000000070eb00000, 0x00000007c0000000, 0x00000007c0000000)
  eden space 1702912K, 100% used [0x000000070eb00000,0x0000000776a00000,0x0000000776a00000)
  from space 615424K, 24% used [0x000000079a700000,0x00000007a3bfee48,0x00000007c0000000)
  to   space 586752K, 0% used [0x0000000776a00000,0x0000000776a00000,0x000000079a700000)
 ParOldGen       total 5811200K, used 1812385K [0x00000005ac000000, 0x000000070eb00000, 0x000000070eb00000)
  object space 5811200K, 31% used [0x00000005ac000000,0x000000061a9e8578,0x000000070eb00000)
 Metaspace       used 150995K, capacity 156099K, committed 156312K, reserved 1181696K
  class space    used 23816K, capacity 24934K, committed 24984K, reserved 1048576K
Event: 184.081 GC heap after
Heap after GC invocations=45 (full 6):
 PSYoungGen      total 2289664K, used 218571K [0x000000070eb00000, 0x00000007c0000000, 0x00000007c0000000)
  eden space 1702912K, 0% used [0x000000070eb00000,0x000000070eb00000,0x0000000776a00000)
  from space 586752K, 37% used [0x0000000776a00000,0x0000000783f72f90,0x000000079a700000)
  to   space 551936K, 0% used [0x000000079e500000,0x000000079e500000,0x00000007c0000000)
 ParOldGen       total 5811200K, used 1812393K [0x00000005ac000000, 0x000000070eb00000, 0x000000070eb00000)
  object space 5811200K, 31% used [0x00000005ac000000,0x000000061a9ea578,0x000000070eb00000)
 Metaspace       used 150995K, capacity 156099K, committed 156312K, reserved 1181696K
  class space    used 23816K, capacity 24934K, committed 24984K, reserved 1048576K
}

Deoptimization events (10 events):
Event: 187.182 Thread 0x0000000029daa000 Uncommon trap: reason=class_check action=maybe_recompile pc=0x00000000057bb918 method=net.minecraft.nbt.NBTTagCompound.func_152446_a(Ljava/io/DataInput;ILnet/minecraft/nbt/NBTSizeTracker;)V @ 4
Event: 187.182 Thread 0x0000000029daa000 Uncommon trap: reason=class_check action=maybe_recompile pc=0x00000000062073fc method=net.minecraft.nbt.NBTTagList.func_152446_a(Ljava/io/DataInput;ILnet/minecraft/nbt/NBTSizeTracker;)V @ 4
Event: 187.182 Thread 0x0000000029daa000 Uncommon trap: reason=class_check action=maybe_recompile pc=0x00000000062073fc method=net.minecraft.nbt.NBTTagList.func_152446_a(Ljava/io/DataInput;ILnet/minecraft/nbt/NBTSizeTracker;)V @ 4
Event: 187.182 Thread 0x0000000029daa000 Uncommon trap: reason=class_check action=maybe_recompile pc=0x00000000064de444 method=net.minecraft.nbt.NBTTagString.func_152446_a(Ljava/io/DataInput;ILnet/minecraft/nbt/NBTSizeTracker;)V @ 4
Event: 187.182 Thread 0x0000000029daa000 Uncommon trap: reason=class_check action=maybe_recompile pc=0x000000000487f158 method=net.minecraft.nbt.NBTSizeTracker.readUTF(Lnet/minecraft/nbt/NBTSizeTracker;Ljava/lang/String;)V @ 4
Event: 187.182 Thread 0x0000000029daa000 Uncommon trap: reason=class_check action=maybe_recompile pc=0x00000000064de444 method=net.minecraft.nbt.NBTTagString.func_152446_a(Ljava/io/DataInput;ILnet/minecraft/nbt/NBTSizeTracker;)V @ 4
Event: 187.182 Thread 0x0000000029daa000 Uncommon trap: reason=class_check action=maybe_recompile pc=0x00000000064de444 method=net.minecraft.nbt.NBTTagString.func_152446_a(Ljava/io/DataInput;ILnet/minecraft/nbt/NBTSizeTracker;)V @ 4
Event: 187.182 Thread 0x0000000029daa000 Uncommon trap: reason=class_check action=maybe_recompile pc=0x00000000064de444 method=net.minecraft.nbt.NBTTagString.func_152446_a(Ljava/io/DataInput;ILnet/minecraft/nbt/NBTSizeTracker;)V @ 4
Event: 187.183 Thread 0x0000000033ad7800 Uncommon trap: reason=class_check action=maybe_recompile pc=0x00000000067cf8f4 method=scala.collection.mutable.HashTable$class.index(Lscala/collection/mutable/HashTable;I)I @ 1
Event: 187.184 Thread 0x0000000033ad7800 Uncommon trap: reason=class_check action=maybe_recompile pc=0x00000000067cf8f4 method=scala.collection.mutable.HashTable$class.index(Lscala/collection/mutable/HashTable;I)I @ 1

Internal exceptions (10 events):
Event: 178.058 Thread 0x0000000033ad7800 Exception <a 'java/lang/NullPointerException'> (0x000000071ae632c8) thrown at [C:\re\workspace\8-2-build-windows-amd64-cygwin\jdk8u45\3627\hotspot\src\share\vm\interpreter\linkResolver.cpp, line 1178]
Event: 181.212 Thread 0x0000000033ad7800 Implicit null exception at 0x000000000697c03d to 0x000000000697cdf1
Event: 186.911 Thread 0x0000000033ad7800 Implicit null exception at 0x0000000005f46597 to 0x0000000005f46701
Event: 186.923 Thread 0x0000000033ad7800 Implicit null exception at 0x0000000003a5897a to 0x0000000003a5944d
Event: 186.923 Thread 0x0000000033ad7800 Implicit null exception at 0x000000000466ea5f to 0x0000000004670fa1
Event: 186.923 Thread 0x0000000033ad7800 Implicit null exception at 0x0000000004678701 to 0x0000000004679519
Event: 187.145 Thread 0x00000000030e3800 Exception <a 'java/lang/OutOfMemoryError'> (0x000000073cd565e8) thrown at [C:\re\workspace\8-2-build-windows-amd64-cygwin\jdk8u45\3627\hotspot\src\share\vm\prims\unsafe.cpp, line 602]
Event: 187.148 Thread 0x00000000030e3800 Exception <a 'java/lang/NullPointerException'> (0x000000073cd8ed80) thrown at [C:\re\workspace\8-2-build-windows-amd64-cygwin\jdk8u45\3627\hotspot\src\share\vm\interpreter\linkResolver.cpp, line 1178]
Event: 187.154 Thread 0x00000000030e3800 Exception <a 'java/lang/NullPointerException'> (0x000000073ce15760) thrown at [C:\re\workspace\8-2-build-windows-amd64-cygwin\jdk8u45\3627\hotspot\src\share\vm\interpreter\linkResolver.cpp, line 1178]
Event: 187.154 Thread 0x00000000030e3800 Exception <a 'java/lang/NullPointerException'> (0x000000073ce41f10) thrown at [C:\re\workspace\8-2-build-windows-amd64-cygwin\jdk8u45\3627\hotspot\src\share\vm\interpreter\linkResolver.cpp, line 1178]

Events (10 events):
Event: 187.190 loading class net/minecraftforge/fml/common/LoaderState$ModState done
Event: 187.191 loading class baubles/common/network/PacketSync$Handler$1
Event: 187.191 loading class baubles/common/network/PacketSync$Handler$1 done
Event: 187.191 Executing VM operation: RevokeBias
Event: 187.193 Executing VM operation: RevokeBias done
Event: 187.195 Thread 0x0000000028ebf000 flushing nmethod 0x0000000003614dd0
Event: 187.195 Thread 0x0000000028ebf000 flushing nmethod 0x0000000003649890
Event: 187.196 Thread 0x0000000028ebf000 flushing nmethod 0x0000000003766a50
Event: 187.196 Thread 0x0000000028ebf000 flushing nmethod 0x000000000376f010
Event: 187.197 Thread 0x0000000028ebf000 flushing nmethod 0x00000000038549d0


Dynamic libraries:
0x00007ff62be40000 - 0x00007ff62be77000 	C:\Program Files\Java\jre1.8.0_45\bin\javaw.exe
0x00007ffb94ee0000 - 0x00007ffb950b1000 	C:\WINDOWS\SYSTEM32\ntdll.dll
0x00007ffb92c00000 - 0x00007ffb92cab000 	C:\WINDOWS\System32\KERNEL32.DLL
0x00007ffb920f0000 - 0x00007ffb9230d000 	C:\WINDOWS\System32\KERNELBASE.dll
0x00007ffb943d0000 - 0x00007ffb94472000 	C:\WINDOWS\System32\ADVAPI32.dll
0x00007ffb94e40000 - 0x00007ffb94ede000 	C:\WINDOWS\System32\msvcrt.dll
0x00007ffb92930000 - 0x00007ffb92989000 	C:\WINDOWS\System32\sechost.dll
0x00007ffb947e0000 - 0x00007ffb94901000 	C:\WINDOWS\System32\RPCRT4.dll
0x00007ffb94260000 - 0x00007ffb943c5000 	C:\WINDOWS\System32\USER32.dll
0x00007ffb91470000 - 0x00007ffb9148e000 	C:\WINDOWS\System32\win32u.dll
0x00007ffb949c0000 - 0x00007ffb949f4000 	C:\WINDOWS\System32\GDI32.dll
0x00007ffb91ce0000 - 0x00007ffb91e62000 	C:\WINDOWS\System32\gdi32full.dll
0x00007ffb853d0000 - 0x00007ffb85649000 	C:\WINDOWS\WinSxS\amd64_microsoft.windows.common-controls_6595b64144ccf1df_6.0.14393.0_none_2d0f50fcbdb171b8\COMCTL32.dll
0x00007ffb94b70000 - 0x00007ffb94e37000 	C:\WINDOWS\System32\combase.dll
0x00007ffb91490000 - 0x00007ffb91585000 	C:\WINDOWS\System32\ucrtbase.dll
0x00007ffb91590000 - 0x00007ffb915fa000 	C:\WINDOWS\System32\bcryptPrimitives.dll
0x00007ffb94910000 - 0x00007ffb9493e000 	C:\WINDOWS\System32\IMM32.DLL
0x0000000061630000 - 0x0000000061702000 	C:\Program Files\Java\jre1.8.0_45\bin\msvcr100.dll
0x00000000605b0000 - 0x0000000060e33000 	C:\Program Files\Java\jre1.8.0_45\bin\server\jvm.dll
0x00007ffb92ab0000 - 0x00007ffb92ab8000 	C:\WINDOWS\System32\PSAPI.DLL
0x00007ffb8e330000 - 0x00007ffb8e339000 	C:\WINDOWS\SYSTEM32\WSOCK32.dll
0x00007ffb8f660000 - 0x00007ffb8f683000 	C:\WINDOWS\SYSTEM32\WINMM.dll
0x00007ffb8aa40000 - 0x00007ffb8aa4a000 	C:\WINDOWS\SYSTEM32\VERSION.dll
0x00007ffb94950000 - 0x00007ffb949ba000 	C:\WINDOWS\System32\WS2_32.dll
0x00007ffb8f4c0000 - 0x00007ffb8f4eb000 	C:\WINDOWS\SYSTEM32\WINMMBASE.dll
0x00007ffb92310000 - 0x00007ffb92352000 	C:\WINDOWS\System32\cfgmgr32.dll
0x0000000062b50000 - 0x0000000062b5f000 	C:\Program Files\Java\jre1.8.0_45\bin\verify.dll
0x0000000062990000 - 0x00000000629b9000 	C:\Program Files\Java\jre1.8.0_45\bin\java.dll
0x0000000062950000 - 0x0000000062966000 	C:\Program Files\Java\jre1.8.0_45\bin\zip.dll
0x00007ffb92cb0000 - 0x00007ffb941b8000 	C:\WINDOWS\System32\SHELL32.dll
0x00007ffb91600000 - 0x00007ffb91cda000 	C:\WINDOWS\System32\windows.storage.dll
0x00007ffb913f0000 - 0x00007ffb9143c000 	C:\WINDOWS\System32\powrprof.dll
0x00007ffb94620000 - 0x00007ffb94672000 	C:\WINDOWS\System32\shlwapi.dll
0x00007ffb913e0000 - 0x00007ffb913ef000 	C:\WINDOWS\System32\kernel.appcore.dll
0x00007ffb92360000 - 0x00007ffb92409000 	C:\WINDOWS\System32\shcore.dll
0x00007ffb91440000 - 0x00007ffb91454000 	C:\WINDOWS\System32\profapi.dll
0x0000000062940000 - 0x000000006294d000 	C:\Program Files\Java\jre1.8.0_45\bin\management.dll
0x00000000628b0000 - 0x00000000628ca000 	C:\Program Files\Java\jre1.8.0_45\bin\net.dll
0x00007ffb90be0000 - 0x00007ffb90c3c000 	C:\WINDOWS\system32\mswsock.dll
0x00007ffb7af20000 - 0x00007ffb7af36000 	C:\WINDOWS\system32\napinsp.dll
0x00007ffb7aca0000 - 0x00007ffb7acba000 	C:\WINDOWS\system32\pnrpnsp.dll
0x00007ffb8f640000 - 0x00007ffb8f658000 	C:\WINDOWS\system32\NLAapi.dll
0x00007ffb909b0000 - 0x00007ffb90a50000 	C:\WINDOWS\SYSTEM32\DNSAPI.dll
0x00007ffb94a60000 - 0x00007ffb94a68000 	C:\WINDOWS\System32\NSI.dll
0x00007ffb90970000 - 0x00007ffb909a8000 	C:\WINDOWS\SYSTEM32\IPHLPAPI.DLL
0x00007ffb7b220000 - 0x00007ffb7b22e000 	C:\WINDOWS\System32\winrnr.dll
0x00007ffb7ac30000 - 0x00007ffb7ac45000 	C:\WINDOWS\System32\wshbth.dll
0x0000000062bc0000 - 0x0000000062be6000 	C:\Program Files\Bonjour\mdnsNSP.dll
0x00007ffb81970000 - 0x00007ffb8197a000 	C:\Windows\System32\rasadhlp.dll
0x00007ffb88ef0000 - 0x00007ffb88f5a000 	C:\WINDOWS\System32\fwpuclnt.dll
0x00007ffb91320000 - 0x00007ffb9134b000 	C:\WINDOWS\SYSTEM32\bcrypt.dll
0x0000000062890000 - 0x00000000628a1000 	C:\Program Files\Java\jre1.8.0_45\bin\nio.dll
0x0000000062870000 - 0x0000000062887000 	C:\Program Files\Java\jre1.8.0_45\bin\unpack.dll
0x0000000180000000 - 0x0000000180053000 	C:\Users\C. A. Phoenix\Desktop\MMC11\instances\1.12.2 BS&G All mods\natives\lwjgl64.dll
0x00007ffb725c0000 - 0x00007ffb726e3000 	C:\WINDOWS\SYSTEM32\OPENGL32.dll
0x00007ffb77ff0000 - 0x00007ffb7801d000 	C:\WINDOWS\SYSTEM32\GLU32.dll
0x00007ffb71e70000 - 0x00007ffb71f67000 	C:\WINDOWS\SYSTEM32\DDRAW.dll
0x00007ffb8a8b0000 - 0x00007ffb8a8b8000 	C:\WINDOWS\SYSTEM32\DCIMAN32.dll
0x00007ffb90e50000 - 0x00007ffb90e67000 	C:\WINDOWS\SYSTEM32\CRYPTSP.dll
0x00007ffb90d60000 - 0x00007ffb90d93000 	C:\WINDOWS\system32\rsaenh.dll
0x00007ffb90a60000 - 0x00007ffb90a7f000 	C:\WINDOWS\SYSTEM32\USERENV.dll
0x00007ffb90e70000 - 0x00007ffb90e7b000 	C:\WINDOWS\SYSTEM32\CRYPTBASE.dll
0x00007ffb8b320000 - 0x00007ffb8b336000 	C:\WINDOWS\SYSTEM32\dhcpcsvc6.DLL
0x00007ffb8cd70000 - 0x00007ffb8cd8a000 	C:\WINDOWS\SYSTEM32\dhcpcsvc.DLL
0x0000000060410000 - 0x00000000605a8000 	C:\Program Files\Java\jre1.8.0_45\bin\awt.dll
0x00007ffb92990000 - 0x00007ffb92a4c000 	C:\WINDOWS\System32\OLEAUT32.dll
0x00007ffb8f970000 - 0x00007ffb8f9ea000 	C:\WINDOWS\SYSTEM32\apphelp.dll
0x00007ffb8fb70000 - 0x00007ffb8fc05000 	C:\WINDOWS\system32\uxtheme.dll
0x00007ffb94680000 - 0x00007ffb947db000 	C:\WINDOWS\System32\MSCTF.dll
0x00007ffb8e870000 - 0x00007ffb8e896000 	C:\WINDOWS\system32\dwmapi.dll
0x000000005e140000 - 0x0000000060408000 	C:\WINDOWS\SYSTEM32\nvoglv64.DLL
0x00007ffb924e0000 - 0x00007ffb92909000 	C:\WINDOWS\System32\SETUPAPI.dll
0x00007ffb92ac0000 - 0x00007ffb92bf7000 	C:\WINDOWS\System32\ole32.dll
0x00007ffb8e470000 - 0x00007ffb8e483000 	C:\WINDOWS\SYSTEM32\WTSAPI32.dll
0x00007ffb8ffa0000 - 0x00007ffb8ffc8000 	C:\WINDOWS\SYSTEM32\DEVOBJ.dll
0x00007ffb92410000 - 0x00007ffb92465000 	C:\WINDOWS\System32\WINTRUST.dll
0x00007ffb91460000 - 0x00007ffb91470000 	C:\WINDOWS\System32\MSASN1.dll
0x00007ffb91e70000 - 0x00007ffb92038000 	C:\WINDOWS\System32\CRYPT32.dll
0x00007ffb90790000 - 0x00007ffb907c2000 	C:\WINDOWS\SYSTEM32\ntmarta.dll
0x00007ffb63af0000 - 0x00007ffb63d44000 	C:\WINDOWS\system32\nvspcap64.dll
0x00007ffb85650000 - 0x00007ffb856e1000 	C:\WINDOWS\SYSTEM32\mscms.dll
0x00007ffb84850000 - 0x00007ffb84892000 	C:\WINDOWS\SYSTEM32\icm32.dll
0x00007ffb912c0000 - 0x00007ffb91316000 	C:\WINDOWS\SYSTEM32\WINSTA.dll
0x00007ffb90370000 - 0x00007ffb9040f000 	C:\WINDOWS\system32\dxgi.dll
0x00007ffb8e8a0000 - 0x00007ffb8eb56000 	C:\WINDOWS\system32\d3d11.dll
0x00007ffb65690000 - 0x00007ffb6577a000 	C:\WINDOWS\System32\DriverStore\FileRepository\nvami.inf_amd64_b376ee2d23af457f\nvldumdx.dll
0x00007ffb92910000 - 0x00007ffb9292c000 	C:\WINDOWS\System32\imagehlp.dll
0x00007ffb572e0000 - 0x00007ffb58e21000 	C:\WINDOWS\System32\DriverStore\FileRepository\nvami.inf_amd64_b376ee2d23af457f\nvwgf2umx.dll
0x00007ffb86eb0000 - 0x00007ffb87330000 	C:\WINDOWS\system32\nvapi64.dll
0x00007ffb84670000 - 0x00007ffb846b2000 	C:\Users\C. A. Phoenix\AppData\Local\Temp\jna-1369068369\jna5081639894081482643.dll
0x00000000623a0000 - 0x00000000623c4000 	C:\Program Files\Java\jre1.8.0_45\bin\sunec.dll
0x0000000001460000 - 0x00000000014c4000 	C:\Users\C. A. Phoenix\Desktop\MMC11\instances\1.12.2 BS&G All mods\natives\OpenAL64.dll
0x00007ffb941c0000 - 0x00007ffb9425f000 	C:\WINDOWS\System32\clbcatq.dll
0x00007ffb8ad80000 - 0x00007ffb8adf1000 	C:\WINDOWS\System32\MMDevApi.dll
0x00007ffb8e4c0000 - 0x00007ffb8e645000 	C:\WINDOWS\System32\PROPSYS.dll
0x00007ffb74540000 - 0x00007ffb745db000 	C:\WINDOWS\SYSTEM32\dsound.dll
0x00007ffb81260000 - 0x00007ffb812f4000 	C:\WINDOWS\SYSTEM32\AUDIOSES.DLL
0x00007ffb8eb60000 - 0x00007ffb8ec96000 	C:\WINDOWS\SYSTEM32\wintypes.dll
0x00007ffb8f8c0000 - 0x00007ffb8f8da000 	C:\Users\C. A. Phoenix\Desktop\MMC11\instances\1.12.2 BS&G All mods\natives\SAPIWrapper_x64.dll
0x00007ffb8dba0000 - 0x00007ffb8dd32000 	C:\WINDOWS\SYSTEM32\dbghelp.dll

VM Arguments:
jvm_args: -XX:HeapDumpPath=MojangTricksIntelDriversForPerformance_javaw.exe_minecraft.exe.heapdump -Xms8512m -Xmx8512m -Duser.language=en -Djava.library.path=C:/Users/C. A. Phoenix/Desktop/MMC11/instances/1.12.2 BS&G All mods/natives 
java_command: org.multimc.EntryPoint
java_class_path (initial): C:/Users/C. A. Phoenix/Desktop/MMC11/jars/NewLaunch.jar;C:/Users/C. A. Phoenix/Desktop/MMC11/libraries/net/java/jinput/jinput/2.0.5/jinput-2.0.5.jar;C:/Users/C. A. Phoenix/Desktop/MMC11/libraries/net/java/jutils/jutils/1.0.0/jutils-1.0.0.jar;C:/Users/C. A. Phoenix/Desktop/MMC11/libraries/org/lwjgl/lwjgl/lwjgl/2.9.4-nightly-20150209/lwjgl-2.9.4-nightly-20150209.jar;C:/Users/C. A. Phoenix/Desktop/MMC11/libraries/org/lwjgl/lwjgl/lwjgl_util/2.9.4-nightly-20150209/lwjgl_util-2.9.4-nightly-20150209.jar;C:/Users/C. A. Phoenix/Desktop/MMC11/libraries/com/mojang/patchy/1.1/patchy-1.1.jar;C:/Users/C. A. Phoenix/Desktop/MMC11/libraries/oshi-project/oshi-core/1.1/oshi-core-1.1.jar;C:/Users/C. A. Phoenix/Desktop/MMC11/libraries/net/java/dev/jna/jna/4.4.0/jna-4.4.0.jar;C:/Users/C. A. Phoenix/Desktop/MMC11/libraries/net/java/dev/jna/platform/3.4.0/platform-3.4.0.jar;C:/Users/C. A. Phoenix/Desktop/MMC11/libraries/com/ibm/icu/icu4j-core-mojang/51.2/icu4j-core-mojang-51.2.jar;C:/Users/C. A. Phoenix/Desktop/MMC11/libraries/net/sf/jopt-simple/jopt-simple/5.0.3/jopt-simple-5.0.3.jar;C:/Users/C. A. Phoenix/Desktop/MMC11/libraries/com/paulscode/codecjorbis/20101023/codecjorbis-20101023.jar;C:/Users/C. A. Phoenix/Desktop/MMC11/libraries/com/paulscode/codecwav/20101023/codecwav-20101023.jar;C:/Users/C. A. Phoenix/Desktop/MMC11/libraries/com/paulscode/libraryjavasound/20101123/libraryjavasound-20101123.jar;C:/Users/C. A. Phoenix/Desktop/MMC11/libraries/com/paulscode/librarylwjglopenal/20100824/librarylwjglopenal-20100824.jar;C:/Users/C. A. Phoenix/Desktop/MMC11/libraries/com/paulscode/soundsystem/20120107/soundsystem-20120107.jar;C:/Users/C. A. Phoenix/Desktop/MMC11/libraries/io/netty/netty-all/4.1.9.Final/netty-all-4.1.9.Final.jar;C:/Users/C. A. Phoenix/Desktop/MMC11/libraries/com/google/guava/guava/21.0/guava-21.0.jar;C:/Users/C. A. Phoenix/Desktop/MMC11/libraries/org/apache/commons/commons-lang3/3.5/commons-lang3-3.5.jar;C:/Users/C. A. Phoenix/Desktop/MMC11/li
Launcher Type: SUN_STANDARD

Environment Variables:
PATH=C:\ProgramData\Oracle\Java\javapath;C:\Program Files (x86)\Intel\iCLS Client\;C:\Program Files\Intel\iCLS Client\;C:\Windows\system32;C:\Windows;C:\Windows\System32\Wbem;C:\Windows\System32\WindowsPowerShell\v1.0\;C:\Program Files (x86)\Intel\Intel(R) Management Engine Components\DAL;C:\Program Files\Intel\Intel(R) Management Engine Components\DAL;C:\Program Files (x86)\Intel\Intel(R) Management Engine Components\IPT;C:\Program Files\Intel\Intel(R) Management Engine Components\IPT;C:\Program Files (x86)\NVIDIA Corporation\PhysX\Common;C:\Program Files\Intel\WiFi\bin\;C:\Program Files\Common Files\Intel\WirelessCommon\;C:\WINDOWS\system32;C:\WINDOWS;C:\WINDOWS\System32\Wbem;C:\WINDOWS\System32\WindowsPowerShell\v1.0\;C:\Users\C. A. Phoenix\AppData\Local\Microsoft\WindowsApps;
USERNAME=C. A. Phoenix
OS=Windows_NT
PROCESSOR_IDENTIFIER=Intel64 Family 6 Model 94 Stepping 3, GenuineIntel



---------------  S Y S T E M  ---------------

OS: Windows 10.0 , 64 bit Build 14393 (10.0.14393.0)

CPU:total 8 (4 cores per cpu, 2 threads per core) family 6 model 94 stepping 3, cmov, cx8, fxsr, mmx, sse, sse2, sse3, ssse3, sse4.1, sse4.2, popcnt, avx, avx2, aes, clmul, erms, rtm, 3dnowpref, lzcnt, ht, tsc, tscinvbit, bmi1, bmi2, adx

Memory: 4k page, physical 16673732k(3532768k free), swap 32203712k(5132k free)

vm_info: Java HotSpot(TM) 64-Bit Server VM (25.45-b02) for windows-amd64 JRE (1.8.0_45-b15), built on Apr 30 2015 12:40:44 by "java_re" with MS VC++ 10.0 (VS2010)

time: Thu Oct 11 19:40:17 2018
elapsed time: 187 seconds (0d 0h 3m 7s)

