#
# There is insufficient memory for the Java Runtime Environment to continue.
# Native memory allocation (malloc) failed to allocate 1790016 bytes for Chunk::new
# Possible reasons:
#   The system is out of physical RAM or swap space
#   In 32 bit mode, the process size limit was hit
# Possible solutions:
#   Reduce memory load on the system
#   Increase physical memory or swap space
#   Check if swap backing store is full
#   Use 64 bit Java on a 64 bit OS
#   Decrease Java heap size (-Xmx/-Xms)
#   Decrease number of Java threads
#   Decrease Java thread stack sizes (-Xss)
#   Set larger code cache with -XX:ReservedCodeCacheSize=
# This output file may be truncated or incomplete.
#
#  Out of Memory Error (allocation.cpp:390), pid=47892, tid=47860
#
# JRE version: Java(TM) SE Runtime Environment (8.0_45-b15) (build 1.8.0_45-b15)
# Java VM: Java HotSpot(TM) 64-Bit Server VM (25.45-b02 mixed mode windows-amd64 compressed oops)
# Failed to write core dump. Minidumps are not enabled by default on client versions of Windows
#

---------------  T H R E A D  ---------------

Current thread (0x0000000028233800):  JavaThread "C2 CompilerThread1" daemon [_thread_in_native, id=47860, stack(0x0000000028900000,0x0000000028a00000)]

Stack: [0x0000000028900000,0x0000000028a00000]
Native frames: (J=compiled Java code, j=interpreted, Vv=VM code, C=native code)
V  [jvm.dll+0x32b57a]
V  [jvm.dll+0x279873]
V  [jvm.dll+0x27a509]
V  [jvm.dll+0x271825]
V  [jvm.dll+0xcb9e2]
V  [jvm.dll+0xcbeac]
V  [jvm.dll+0x476ef2]
V  [jvm.dll+0x4b955f]
V  [jvm.dll+0x46bf81]
V  [jvm.dll+0x46ccbe]
V  [jvm.dll+0x4500f2]
V  [jvm.dll+0xa4352]
V  [jvm.dll+0xa4c8f]
V  [jvm.dll+0x241984]
V  [jvm.dll+0x29853a]
C  [msvcr100.dll+0x21d9f]
C  [msvcr100.dll+0x21e3b]
C  [KERNEL32.DLL+0x8364]
C  [ntdll.dll+0x65e91]


Current CompileTask:
C2: 540613 30401       4       net.minecraft.server.management.PlayerChunkMap::func_72693_b (457 bytes)


---------------  P R O C E S S  ---------------

Java Threads: ( => current thread )
  0x0000000031126800 JavaThread "pool-4-thread-1" [_thread_blocked, id=48304, stack(0x0000000050850000,0x0000000050950000)]
  0x0000000031126000 JavaThread "Chunk I/O Executor Thread-1" daemon [_thread_blocked, id=46264, stack(0x000000006dae0000,0x000000006dbe0000)]
  0x0000000031120800 JavaThread "Chunk Batcher 7" daemon [_thread_blocked, id=49412, stack(0x00000000630f0000,0x00000000631f0000)]
  0x0000000031120000 JavaThread "Chunk Batcher 6" daemon [_thread_blocked, id=33892, stack(0x0000000062ff0000,0x00000000630f0000)]
  0x0000000031123800 JavaThread "Chunk Batcher 5" daemon [_thread_blocked, id=50544, stack(0x0000000062ef0000,0x0000000062ff0000)]
  0x0000000031125000 JavaThread "Chunk Batcher 4" daemon [_thread_blocked, id=39340, stack(0x0000000062df0000,0x0000000062ef0000)]
  0x000000003487c800 JavaThread "Chunk Batcher 3" daemon [_thread_blocked, id=51960, stack(0x0000000062cf0000,0x0000000062df0000)]
  0x0000000034882800 JavaThread "Chunk Batcher 2" daemon [_thread_blocked, id=51952, stack(0x0000000062bf0000,0x0000000062cf0000)]
  0x0000000034880800 JavaThread "Chunk Batcher 1" daemon [_thread_blocked, id=48976, stack(0x00000000629c0000,0x0000000062ac0000)]
  0x0000000034883800 JavaThread "Chunk Batcher 0" daemon [_thread_blocked, id=50448, stack(0x00000000626d0000,0x00000000627d0000)]
  0x000000003487f800 JavaThread "pool-3-thread-1" [_thread_blocked, id=51396, stack(0x00000000624d0000,0x00000000625d0000)]
  0x0000000034881000 JavaThread "Netty Server IO #1" daemon [_thread_in_native, id=48200, stack(0x00000000623d0000,0x00000000624d0000)]
  0x0000000034878000 JavaThread "Netty Local Client IO #0" daemon [_thread_blocked, id=51460, stack(0x0000000062240000,0x0000000062340000)]
  0x0000000034877800 JavaThread "Netty Server IO #0" daemon [_thread_in_native, id=46368, stack(0x0000000061f40000,0x0000000062040000)]
  0x000000003487c000 JavaThread "File IO Thread" [_thread_blocked, id=48220, stack(0x0000000061e40000,0x0000000061f40000)]
  0x000000003487e000 JavaThread "Thread-32" [_thread_blocked, id=22816, stack(0x0000000061b40000,0x0000000061c40000)]
  0x0000000034875000 JavaThread "Forestry Greenhouse" [_thread_blocked, id=23584, stack(0x0000000061040000,0x0000000061140000)]
  0x0000000034879000 JavaThread "Thread-21" [_thread_blocked, id=5452, stack(0x0000000060f40000,0x0000000061040000)]
  0x000000002e6a7000 JavaThread "Server thread" [_thread_blocked, id=50168, stack(0x000000005d500000,0x000000005d600000)]
  0x000000002e6ab800 JavaThread "Snooper Timer" daemon [_thread_blocked, id=38800, stack(0x000000005d400000,0x000000005d500000)]
  0x0000000029f30800 JavaThread "Forestry Greenhouse Client" [_thread_blocked, id=45648, stack(0x000000005d300000,0x000000005d400000)]
  0x0000000029f30000 JavaThread "Narrator" daemon [_thread_blocked, id=49016, stack(0x000000005d200000,0x000000005d300000)]
  0x000000002e6b3000 JavaThread "PR RoutingThread #3" daemon [_thread_blocked, id=11216, stack(0x000000005c850000,0x000000005c950000)]
  0x000000002e6b1800 JavaThread "PR RoutingThread #2" daemon [_thread_blocked, id=48920, stack(0x000000005c750000,0x000000005c850000)]
  0x000000002e6aa000 JavaThread "PR RoutingThread #1" daemon [_thread_blocked, id=47480, stack(0x000000005c650000,0x000000005c750000)]
  0x000000002e6b1000 JavaThread "PR RoutingThread #0" daemon [_thread_blocked, id=48680, stack(0x000000005c550000,0x000000005c650000)]
  0x000000002e6ac800 JavaThread "ic2-poolthread-1" daemon [_thread_blocked, id=48480, stack(0x000000005c450000,0x000000005c550000)]
  0x000000002e6ae000 JavaThread "pool-5-thread-2" [_thread_blocked, id=1632, stack(0x000000005ba50000,0x000000005bb50000)]
  0x000000002e6a6800 JavaThread "pool-5-thread-1" [_thread_blocked, id=46768, stack(0x000000005b750000,0x000000005b850000)]
  0x000000002e6a4800 JavaThread "Thread-8" [_thread_blocked, id=48364, stack(0x0000000051650000,0x0000000051750000)]
  0x000000002e6ab000 JavaThread "Thread-7" [_thread_blocked, id=51496, stack(0x0000000051550000,0x0000000051650000)]
  0x00000000295b8000 JavaThread "LWJGL Timer" daemon [_thread_blocked, id=50964, stack(0x000000003e790000,0x000000003e890000)]
  0x00000000348a7800 JavaThread "Java2D Disposer" daemon [_thread_blocked, id=50832, stack(0x0000000030740000,0x0000000030840000)]
  0x000000002bd56000 JavaThread "Timer hack thread" daemon [_thread_blocked, id=41996, stack(0x00000000303c0000,0x00000000304c0000)]
  0x000000002f6a8800 JavaThread "Snooper Timer" daemon [_thread_blocked, id=46308, stack(0x000000002ec00000,0x000000002ed00000)]
  0x00000000282c3000 JavaThread "Service Thread" daemon [_thread_blocked, id=45212, stack(0x0000000028c00000,0x0000000028d00000)]
  0x0000000028245000 JavaThread "C1 CompilerThread3" daemon [_thread_blocked, id=12440, stack(0x0000000028b00000,0x0000000028c00000)]
  0x0000000028238000 JavaThread "C2 CompilerThread2" daemon [_thread_in_native, id=46956, stack(0x0000000028a00000,0x0000000028b00000)]
=>0x0000000028233800 JavaThread "C2 CompilerThread1" daemon [_thread_in_native, id=47860, stack(0x0000000028900000,0x0000000028a00000)]
  0x000000002822c000 JavaThread "C2 CompilerThread0" daemon [_thread_in_native, id=44928, stack(0x0000000028800000,0x0000000028900000)]
  0x000000002623e000 JavaThread "Attach Listener" daemon [_thread_blocked, id=35200, stack(0x0000000028700000,0x0000000028800000)]
  0x000000002623d000 JavaThread "Signal Dispatcher" daemon [_thread_blocked, id=50720, stack(0x0000000028600000,0x0000000028700000)]
  0x000000000255c000 JavaThread "Finalizer" daemon [_thread_blocked, id=48512, stack(0x0000000028100000,0x0000000028200000)]
  0x000000002622d800 JavaThread "Reference Handler" daemon [_thread_blocked, id=48936, stack(0x0000000028000000,0x0000000028100000)]
  0x0000000002463800 JavaThread "Client thread" [_thread_in_native, id=49484, stack(0x0000000002280000,0x0000000002380000)]

Other Threads:
  0x0000000026228800 VMThread [stack: 0x0000000027f00000,0x0000000028000000] [id=51576]
  0x0000000028304000 WatcherThread [stack: 0x0000000028d00000,0x0000000028e00000] [id=48748]

VM state:not at safepoint (normal execution)

VM Mutex/Monitor currently owned by a thread: None

Heap:
 PSYoungGen      total 2432000K, used 473130K [0x000000070eb00000, 0x00000007c0000000, 0x00000007c0000000)
  eden space 1947136K, 16% used [0x000000070eb00000,0x0000000722433008,0x0000000785880000)
  from space 484864K, 31% used [0x00000007a2680000,0x00000007abb57a70,0x00000007c0000000)
  to   space 473088K, 0% used [0x0000000785880000,0x0000000785880000,0x00000007a2680000)
 ParOldGen       total 5811200K, used 1957186K [0x00000005ac000000, 0x000000070eb00000, 0x000000070eb00000)
  object space 5811200K, 33% used [0x00000005ac000000,0x0000000623750a80,0x000000070eb00000)
 Metaspace       used 158551K, capacity 163897K, committed 164264K, reserved 1187840K
  class space    used 24487K, capacity 25661K, committed 25776K, reserved 1048576K

Card table byte_map: [0x0000000011920000,0x00000000129d0000] byte_map_base: 0x000000000ebc0000

Marking Bits: (ParMarkBitMap*) 0x0000000060cd4040
 Begin Bits: [0x0000000013cf0000, 0x000000001c1f0000)
 End Bits:   [0x000000001c1f0000, 0x00000000246f0000)

Polling page: 0x0000000000b10000

CodeCache: size=245760Kb used=82359Kb max_used=82359Kb free=163400Kb
 bounds [0x0000000002560000, 0x0000000007660000, 0x0000000011560000]
 total_blobs=21930 nmethods=20442 adapters=1395
 compilation: enabled

Compilation events (10 events):
Event: 540.475 Thread 0x000000002822c000 30407       4       forestry.core.models.ModelBlockDefault::func_188616_a (23 bytes)
Event: 540.482 Thread 0x000000002822c000 nmethod 30407 0x0000000006c54450 code [0x0000000006c54660, 0x0000000006c54dc0]
Event: 540.482 Thread 0x000000002822c000 30403       4       forestry.arboriculture.blocks.BlockAbstractLeaves::func_176225_a (47 bytes)
Event: 540.488 Thread 0x0000000028245000 30412       3       net.minecraft.entity.Entity::func_70082_c (109 bytes)
Event: 540.489 Thread 0x0000000028245000 nmethod 30412 0x0000000006926a50 code [0x0000000006926c00, 0x0000000006927028]
Event: 540.492 Thread 0x000000002822c000 nmethod 30403 0x0000000005fb5510 code [0x0000000005fb5760, 0x0000000005fb6108]
Event: 540.492 Thread 0x000000002822c000 30404       4       forestry.core.utils.BlockUtil::shouldSideBeRendered (163 bytes)
Event: 540.500 Thread 0x000000002822c000 nmethod 30404 0x00000000071aef50 code [0x00000000071af180, 0x00000000071afa68]
Event: 540.506 Thread 0x000000002822c000 30413       4       java.nio.FloatBuffer::put (9 bytes)
Event: 540.508 Thread 0x000000002822c000 nmethod 30413 0x0000000006926390 code [0x00000000069264e0, 0x00000000069266f8]

GC Heap History (10 events):
Event: 515.749 GC heap before
{Heap before GC invocations=53 (full 6):
 PSYoungGen      total 2344960K, used 1833984K [0x000000070eb00000, 0x00000007c0000000, 0x00000007c0000000)
  eden space 1833984K, 100% used [0x000000070eb00000,0x000000077ea00000,0x000000077ea00000)
  from space 510976K, 0% used [0x00000007a0d00000,0x00000007a0d00000,0x00000007c0000000)
  to   space 535552K, 0% used [0x000000077ea00000,0x000000077ea00000,0x000000079f500000)
 ParOldGen       total 5811200K, used 1818046K [0x00000005ac000000, 0x000000070eb00000, 0x000000070eb00000)
  object space 5811200K, 31% used [0x00000005ac000000,0x000000061af6f970,0x000000070eb00000)
 Metaspace       used 149701K, capacity 154737K, committed 154920K, reserved 1179648K
  class space    used 23682K, capacity 24785K, committed 24880K, reserved 1048576K
Event: 515.814 GC heap after
Heap after GC invocations=53 (full 6):
 PSYoungGen      total 2369536K, used 160323K [0x000000070eb00000, 0x00000007c0000000, 0x00000007c0000000)
  eden space 1833984K, 0% used [0x000000070eb00000,0x000000070eb00000,0x000000077ea00000)
  from space 535552K, 29% used [0x000000077ea00000,0x0000000788690f98,0x000000079f500000)
  to   space 522240K, 0% used [0x00000007a0200000,0x00000007a0200000,0x00000007c0000000)
 ParOldGen       total 5811200K, used 1818054K [0x00000005ac000000, 0x000000070eb00000, 0x000000070eb00000)
  object space 5811200K, 31% used [0x00000005ac000000,0x000000061af71970,0x000000070eb00000)
 Metaspace       used 149701K, capacity 154737K, committed 154920K, reserved 1179648K
  class space    used 23682K, capacity 24785K, committed 24880K, reserved 1048576K
}
Event: 520.524 GC heap before
{Heap before GC invocations=54 (full 6):
 PSYoungGen      total 2369536K, used 1353512K [0x000000070eb00000, 0x00000007c0000000, 0x00000007c0000000)
  eden space 1833984K, 65% used [0x000000070eb00000,0x0000000757839240,0x000000077ea00000)
  from space 535552K, 29% used [0x000000077ea00000,0x0000000788690f98,0x000000079f500000)
  to   space 522240K, 0% used [0x00000007a0200000,0x00000007a0200000,0x00000007c0000000)
 ParOldGen       total 5811200K, used 1818054K [0x00000005ac000000, 0x000000070eb00000, 0x000000070eb00000)
  object space 5811200K, 31% used [0x00000005ac000000,0x000000061af71970,0x000000070eb00000)
 Metaspace       used 155328K, capacity 160665K, committed 160936K, reserved 1185792K
  class space    used 24323K, capacity 25493K, committed 25520K, reserved 1048576K
Event: 520.593 GC heap after
Heap after GC invocations=54 (full 6):
 PSYoungGen      total 2409984K, used 237617K [0x000000070eb00000, 0x00000007c0000000, 0x00000007c0000000)
  eden space 1887744K, 0% used [0x000000070eb00000,0x000000070eb00000,0x0000000781e80000)
  from space 522240K, 45% used [0x00000007a0200000,0x00000007aea0c5f0,0x00000007c0000000)
  to   space 495104K, 0% used [0x0000000781e80000,0x0000000781e80000,0x00000007a0200000)
 ParOldGen       total 5811200K, used 1818062K [0x00000005ac000000, 0x000000070eb00000, 0x000000070eb00000)
  object space 5811200K, 31% used [0x00000005ac000000,0x000000061af73970,0x000000070eb00000)
 Metaspace       used 155328K, capacity 160665K, committed 160936K, reserved 1185792K
  class space    used 24323K, capacity 25493K, committed 25520K, reserved 1048576K
}
Event: 520.593 GC heap before
{Heap before GC invocations=55 (full 7):
 PSYoungGen      total 2409984K, used 237617K [0x000000070eb00000, 0x00000007c0000000, 0x00000007c0000000)
  eden space 1887744K, 0% used [0x000000070eb00000,0x000000070eb00000,0x0000000781e80000)
  from space 522240K, 45% used [0x00000007a0200000,0x00000007aea0c5f0,0x00000007c0000000)
  to   space 495104K, 0% used [0x0000000781e80000,0x0000000781e80000,0x00000007a0200000)
 ParOldGen       total 5811200K, used 1818062K [0x00000005ac000000, 0x000000070eb00000, 0x000000070eb00000)
  object space 5811200K, 31% used [0x00000005ac000000,0x000000061af73970,0x000000070eb00000)
 Metaspace       used 155328K, capacity 160665K, committed 160936K, reserved 1185792K
  class space    used 24323K, capacity 25493K, committed 25520K, reserved 1048576K
Event: 524.339 GC heap after
Heap after GC invocations=55 (full 7):
 PSYoungGen      total 2409984K, used 0K [0x000000070eb00000, 0x00000007c0000000, 0x00000007c0000000)
  eden space 1887744K, 0% used [0x000000070eb00000,0x000000070eb00000,0x0000000781e80000)
  from space 522240K, 0% used [0x00000007a0200000,0x00000007a0200000,0x00000007c0000000)
  to   space 495104K, 0% used [0x0000000781e80000,0x0000000781e80000,0x00000007a0200000)
 ParOldGen       total 5811200K, used 1957170K [0x00000005ac000000, 0x000000070eb00000, 0x000000070eb00000)
  object space 5811200K, 33% used [0x00000005ac000000,0x000000062374ca80,0x000000070eb00000)
 Metaspace       used 155328K, capacity 160665K, committed 160936K, reserved 1185792K
  class space    used 24323K, capacity 25493K, committed 25520K, reserved 1048576K
}
Event: 530.537 GC heap before
{Heap before GC invocations=56 (full 7):
 PSYoungGen      total 2409984K, used 1887744K [0x000000070eb00000, 0x00000007c0000000, 0x00000007c0000000)
  eden space 1887744K, 100% used [0x000000070eb00000,0x0000000781e80000,0x0000000781e80000)
  from space 522240K, 0% used [0x00000007a0200000,0x00000007a0200000,0x00000007c0000000)
  to   space 495104K, 0% used [0x0000000781e80000,0x0000000781e80000,0x00000007a0200000)
 ParOldGen       total 5811200K, used 1957170K [0x00000005ac000000, 0x000000070eb00000, 0x000000070eb00000)
  object space 5811200K, 33% used [0x00000005ac000000,0x000000062374ca80,0x000000070eb00000)
 Metaspace       used 157205K, capacity 162599K, committed 162728K, reserved 1185792K
  class space    used 24475K, capacity 25660K, committed 25776K, reserved 1048576K
Event: 530.581 GC heap after
Heap after GC invocations=56 (full 7):
 PSYoungGen      total 2382848K, used 153808K [0x000000070eb00000, 0x00000007c0000000, 0x00000007c0000000)
  eden space 1887744K, 0% used [0x000000070eb00000,0x000000070eb00000,0x0000000781e80000)
  from space 495104K, 31% used [0x0000000781e80000,0x000000078b4b43d8,0x00000007a0200000)
  to   space 484864K, 0% used [0x00000007a2680000,0x00000007a2680000,0x00000007c0000000)
 ParOldGen       total 5811200K, used 1957178K [0x00000005ac000000, 0x000000070eb00000, 0x000000070eb00000)
  object space 5811200K, 33% used [0x00000005ac000000,0x000000062374ea80,0x000000070eb00000)
 Metaspace       used 157205K, capacity 162599K, committed 162728K, reserved 1185792K
  class space    used 24475K, capacity 25660K, committed 25776K, reserved 1048576K
}
Event: 539.896 GC heap before
{Heap before GC invocations=57 (full 7):
 PSYoungGen      total 2382848K, used 2041552K [0x000000070eb00000, 0x00000007c0000000, 0x00000007c0000000)
  eden space 1887744K, 100% used [0x000000070eb00000,0x0000000781e80000,0x0000000781e80000)
  from space 495104K, 31% used [0x0000000781e80000,0x000000078b4b43d8,0x00000007a0200000)
  to   space 484864K, 0% used [0x00000007a2680000,0x00000007a2680000,0x00000007c0000000)
 ParOldGen       total 5811200K, used 1957178K [0x00000005ac000000, 0x000000070eb00000, 0x000000070eb00000)
  object space 5811200K, 33% used [0x00000005ac000000,0x000000062374ea80,0x000000070eb00000)
 Metaspace       used 158534K, capacity 163897K, committed 164264K, reserved 1187840K
  class space    used 24487K, capacity 25661K, committed 25776K, reserved 1048576K
Event: 539.932 GC heap after
Heap after GC invocations=57 (full 7):
 PSYoungGen      total 2432000K, used 152414K [0x000000070eb00000, 0x00000007c0000000, 0x00000007c0000000)
  eden space 1947136K, 0% used [0x000000070eb00000,0x000000070eb00000,0x0000000785880000)
  from space 484864K, 31% used [0x00000007a2680000,0x00000007abb57a70,0x00000007c0000000)
  to   space 473088K, 0% used [0x0000000785880000,0x0000000785880000,0x00000007a2680000)
 ParOldGen       total 5811200K, used 1957186K [0x00000005ac000000, 0x000000070eb00000, 0x000000070eb00000)
  object space 5811200K, 33% used [0x00000005ac000000,0x0000000623750a80,0x000000070eb00000)
 Metaspace       used 158534K, capacity 163897K, committed 164264K, reserved 1187840K
  class space    used 24487K, capacity 25661K, committed 25776K, reserved 1048576K
}

Deoptimization events (10 events):
Event: 539.967 Thread 0x000000002e6a7000 Uncommon trap: reason=class_check action=maybe_recompile pc=0x0000000006757060 method=net.minecraft.block.Block.isLeaves(Lnet/minecraft/block/state/IBlockState;Lnet/minecraft/world/IBlockAccess;Lnet/minecraft/util/math/BlockPos;)Z @ 1
Event: 540.070 Thread 0x0000000031123800 Uncommon trap: reason=unstable_if action=reinterpret pc=0x0000000007399d28 method=com.google.common.cache.LocalCache$Segment.get(Ljava/lang/Object;I)Ljava/lang/Object; @ 4
Event: 540.104 Thread 0x0000000034880800 Uncommon trap: reason=bimorphic action=maybe_recompile pc=0x000000000490f43c method=net.minecraftforge.client.model.MultiModelState.apply(Ljava/util/Optional;)Ljava/util/Optional; @ 50
Event: 540.104 Thread 0x0000000034880800 Uncommon trap: reason=bimorphic action=maybe_recompile pc=0x00000000049ffee8 method=net.minecraftforge.client.model.ModelLoader$VanillaModelWrapper.bakeNormal(Lnet/minecraft/client/renderer/block/model/ModelBlock;Lnet/minecraftforge/common/model/IModelStat
Event: 540.106 Thread 0x0000000034880800 Uncommon trap: reason=bimorphic action=maybe_recompile pc=0x00000000049ffee8 method=net.minecraftforge.client.model.ModelLoader$VanillaModelWrapper.bakeNormal(Lnet/minecraft/client/renderer/block/model/ModelBlock;Lnet/minecraftforge/common/model/IModelStat®πèj·Ä@
Event: 540.177 Thread 0x000000002e6a7000 Uncommon trap: reason=class_check action=maybe_recompile pc=0x0000000006f385a8 method=net.minecraft.entity.ai.EntityAITasks.func_75774_a()V @ 89
Event: 540.328 Thread 0x000000002e6a7000 Uncommon trap: reason=class_check action=maybe_recompile pc=0x0000000006f385a8 method=net.minecraft.entity.ai.EntityAITasks.func_75774_a()V @ 89
Event: 540.421 Thread 0x0000000002463800 Uncommon trap: reason=unstable_if action=reinterpret pc=0x00000000075c3814 method=net.minecraft.client.renderer.RenderGlobal.func_181562_a(Lnet/minecraft/util/math/BlockPos;Lnet/minecraft/client/renderer/chunk/RenderChunk;Lnet/minecraft/util/EnumFacing;)Ln!lp_„Ä@
Event: 540.422 Thread 0x0000000002463800 Uncommon trap: reason=unstable_if action=reinterpret pc=0x0000000006204af4 method=net.minecraft.client.renderer.RenderGlobal.func_181562_a(Lnet/minecraft/util/math/BlockPos;Lnet/minecraft/client/renderer/chunk/RenderChunk;Lnet/minecraft/util/EnumFacing;)LnPÔ·£à„Ä@
Event: 540.442 Thread 0x0000000002463800 Uncommon trap: reason=unstable_if action=reinterpret pc=0x000000000756e57c method=net.minecraft.client.renderer.RenderGlobal.func_181562_a(Lnet/minecraft/util/math/BlockPos;Lnet/minecraft/client/renderer/chunk/RenderChunk;Lnet/minecraft/util/EnumFacing;)Lnv≈ùŒªﬂÄ@

Internal exceptions (10 events):
Event: 540.323 Thread 0x000000002e6ab000 Exception <a 'java/lang/InterruptedException': sleep interrupted> (0x0000000713169810) thrown at [C:\re\workspace\8-2-build-windows-amd64-cygwin\jdk8u45\3627\hotspot\src\share\vm\prims\jvm.cpp, line 3211]
Event: 540.357 Thread 0x000000002e6ab000 Exception <a 'java/lang/InterruptedException': sleep interrupted> (0x0000000713169a60) thrown at [C:\re\workspace\8-2-build-windows-amd64-cygwin\jdk8u45\3627\hotspot\src\share\vm\prims\jvm.cpp, line 3211]
Event: 540.420 Thread 0x000000002e6ab000 Exception <a 'java/lang/InterruptedException': sleep interrupted> (0x0000000713169cb0) thrown at [C:\re\workspace\8-2-build-windows-amd64-cygwin\jdk8u45\3627\hotspot\src\share\vm\prims\jvm.cpp, line 3211]
Event: 540.438 Thread 0x000000002e6ab000 Exception <a 'java/lang/InterruptedException': sleep interrupted> (0x0000000713169f00) thrown at [C:\re\workspace\8-2-build-windows-amd64-cygwin\jdk8u45\3627\hotspot\src\share\vm\prims\jvm.cpp, line 3211]
Event: 540.450 Thread 0x000000002e6ab000 Exception <a 'java/lang/InterruptedException': sleep interrupted> (0x000000071316a150) thrown at [C:\re\workspace\8-2-build-windows-amd64-cygwin\jdk8u45\3627\hotspot\src\share\vm\prims\jvm.cpp, line 3211]
Event: 540.467 Thread 0x000000002e6ab000 Exception <a 'java/lang/InterruptedException': sleep interrupted> (0x000000071316a3a0) thrown at [C:\re\workspace\8-2-build-windows-amd64-cygwin\jdk8u45\3627\hotspot\src\share\vm\prims\jvm.cpp, line 3211]
Event: 540.488 Thread 0x000000002e6ab000 Exception <a 'java/lang/InterruptedException': sleep interrupted> (0x000000071316a5f0) thrown at [C:\re\workspace\8-2-build-windows-amd64-cygwin\jdk8u45\3627\hotspot\src\share\vm\prims\jvm.cpp, line 3211]
Event: 540.500 Thread 0x000000002e6ab000 Exception <a 'java/lang/InterruptedException': sleep interrupted> (0x000000071316a840) thrown at [C:\re\workspace\8-2-build-windows-amd64-cygwin\jdk8u45\3627\hotspot\src\share\vm\prims\jvm.cpp, line 3211]
Event: 540.500 Thread 0x000000002e6ab000 Exception <a 'java/lang/InterruptedException': sleep interrupted> (0x000000071316aa68) thrown at [C:\re\workspace\8-2-build-windows-amd64-cygwin\jdk8u45\3627\hotspot\src\share\vm\prims\jvm.cpp, line 3211]
Event: 540.517 Thread 0x000000002e6ab000 Exception <a 'java/lang/InterruptedException': sleep interrupted> (0x000000071316ac90) thrown at [C:\re\workspace\8-2-build-windows-amd64-cygwin\jdk8u45\3627\hotspot\src\share\vm\prims\jvm.cpp, line 3211]

Events (10 events):
Event: 540.421 Thread 0x0000000002463800 DEOPT PACKING pc=0x00000000075c3814 sp=0x000000000237d640
Event: 540.421 Thread 0x0000000002463800 DEOPT UNPACKING pc=0x00000000025a582a sp=0x000000000237d558 mode 2
Event: 540.422 Thread 0x0000000002463800 Uncommon trap: trap_request=0xffffff65 fr.pc=0x0000000006204af4
Event: 540.422 Thread 0x0000000002463800 DEOPT PACKING pc=0x0000000006204af4 sp=0x000000000237d5a0
Event: 540.422 Thread 0x0000000002463800 DEOPT UNPACKING pc=0x00000000025a582a sp=0x000000000237d548 mode 2
Event: 540.441 Thread 0x0000000002463800 DEOPT PACKING pc=0x0000000006c5d2a5 sp=0x000000000237d540
Event: 540.441 Thread 0x0000000002463800 DEOPT UNPACKING pc=0x00000000025a787f sp=0x000000000237d350 mode 0
Event: 540.442 Thread 0x0000000002463800 Uncommon trap: trap_request=0xffffff65 fr.pc=0x000000000756e57c
Event: 540.442 Thread 0x0000000002463800 DEOPT PACKING pc=0x000000000756e57c sp=0x000000000237d660
Event: 540.442 Thread 0x0000000002463800 DEOPT UNPACKING pc=0x00000000025a582a sp=0x000000000237d558 mode 2


Dynamic libraries:
0x00007ff62be40000 - 0x00007ff62be77000 	C:\Program Files\Java\jre1.8.0_45\bin\javaw.exe
0x00007ffb94ee0000 - 0x00007ffb950b1000 	C:\WINDOWS\SYSTEM32\ntdll.dll
0x00007ffb92c00000 - 0x00007ffb92cab000 	C:\WINDOWS\System32\KERNEL32.DLL
0x00007ffb920f0000 - 0x00007ffb9230d000 	C:\WINDOWS\System32\KERNELBASE.dll
0x00007ffb943d0000 - 0x00007ffb94472000 	C:\WINDOWS\System32\ADVAPI32.dll
0x00007ffb94e40000 - 0x00007ffb94ede000 	C:\WINDOWS\System32\msvcrt.dll
0x00007ffb92930000 - 0x00007ffb92989000 	C:\WINDOWS\System32\sechost.dll
0x00007ffb947e0000 - 0x00007ffb94901000 	C:\WINDOWS\System32\RPCRT4.dll
0x00007ffb94260000 - 0x00007ffb943c5000 	C:\WINDOWS\System32\USER32.dll
0x00007ffb91470000 - 0x00007ffb9148e000 	C:\WINDOWS\System32\win32u.dll
0x00007ffb949c0000 - 0x00007ffb949f4000 	C:\WINDOWS\System32\GDI32.dll
0x00007ffb91ce0000 - 0x00007ffb91e62000 	C:\WINDOWS\System32\gdi32full.dll
0x00007ffb853d0000 - 0x00007ffb85649000 	C:\WINDOWS\WinSxS\amd64_microsoft.windows.common-controls_6595b64144ccf1df_6.0.14393.0_none_2d0f50fcbdb171b8\COMCTL32.dll
0x00007ffb94b70000 - 0x00007ffb94e37000 	C:\WINDOWS\System32\combase.dll
0x00007ffb91490000 - 0x00007ffb91585000 	C:\WINDOWS\System32\ucrtbase.dll
0x00007ffb91590000 - 0x00007ffb915fa000 	C:\WINDOWS\System32\bcryptPrimitives.dll
0x00007ffb94910000 - 0x00007ffb9493e000 	C:\WINDOWS\System32\IMM32.DLL
0x0000000060d60000 - 0x0000000060e32000 	C:\Program Files\Java\jre1.8.0_45\bin\msvcr100.dll
0x00000000604d0000 - 0x0000000060d53000 	C:\Program Files\Java\jre1.8.0_45\bin\server\jvm.dll
0x00007ffb92ab0000 - 0x00007ffb92ab8000 	C:\WINDOWS\System32\PSAPI.DLL
0x00007ffb8e330000 - 0x00007ffb8e339000 	C:\WINDOWS\SYSTEM32\WSOCK32.dll
0x00007ffb8f660000 - 0x00007ffb8f683000 	C:\WINDOWS\SYSTEM32\WINMM.dll
0x00007ffb8aa40000 - 0x00007ffb8aa4a000 	C:\WINDOWS\SYSTEM32\VERSION.dll
0x00007ffb94950000 - 0x00007ffb949ba000 	C:\WINDOWS\System32\WS2_32.dll
0x00007ffb8f4c0000 - 0x00007ffb8f4eb000 	C:\WINDOWS\SYSTEM32\WINMMBASE.dll
0x00007ffb92310000 - 0x00007ffb92352000 	C:\WINDOWS\System32\cfgmgr32.dll
0x0000000062b50000 - 0x0000000062b5f000 	C:\Program Files\Java\jre1.8.0_45\bin\verify.dll
0x0000000062990000 - 0x00000000629b9000 	C:\Program Files\Java\jre1.8.0_45\bin\java.dll
0x0000000062950000 - 0x0000000062966000 	C:\Program Files\Java\jre1.8.0_45\bin\zip.dll
0x00007ffb92cb0000 - 0x00007ffb941b8000 	C:\WINDOWS\System32\SHELL32.dll
0x00007ffb91600000 - 0x00007ffb91cda000 	C:\WINDOWS\System32\windows.storage.dll
0x00007ffb913f0000 - 0x00007ffb9143c000 	C:\WINDOWS\System32\powrprof.dll
0x00007ffb94620000 - 0x00007ffb94672000 	C:\WINDOWS\System32\shlwapi.dll
0x00007ffb913e0000 - 0x00007ffb913ef000 	C:\WINDOWS\System32\kernel.appcore.dll
0x00007ffb92360000 - 0x00007ffb92409000 	C:\WINDOWS\System32\shcore.dll
0x00007ffb91440000 - 0x00007ffb91454000 	C:\WINDOWS\System32\profapi.dll
0x0000000062940000 - 0x000000006294d000 	C:\Program Files\Java\jre1.8.0_45\bin\management.dll
0x00000000628b0000 - 0x00000000628ca000 	C:\Program Files\Java\jre1.8.0_45\bin\net.dll
0x00007ffb90be0000 - 0x00007ffb90c3c000 	C:\WINDOWS\system32\mswsock.dll
0x00007ffb7af20000 - 0x00007ffb7af36000 	C:\WINDOWS\system32\napinsp.dll
0x00007ffb7aca0000 - 0x00007ffb7acba000 	C:\WINDOWS\system32\pnrpnsp.dll
0x00007ffb8f640000 - 0x00007ffb8f658000 	C:\WINDOWS\system32\NLAapi.dll
0x00007ffb909b0000 - 0x00007ffb90a50000 	C:\WINDOWS\SYSTEM32\DNSAPI.dll
0x00007ffb94a60000 - 0x00007ffb94a68000 	C:\WINDOWS\System32\NSI.dll
0x00007ffb90970000 - 0x00007ffb909a8000 	C:\WINDOWS\SYSTEM32\IPHLPAPI.DLL
0x00007ffb7b220000 - 0x00007ffb7b22e000 	C:\WINDOWS\System32\winrnr.dll
0x00007ffb7ac30000 - 0x00007ffb7ac45000 	C:\WINDOWS\System32\wshbth.dll
0x0000000062bc0000 - 0x0000000062be6000 	C:\Program Files\Bonjour\mdnsNSP.dll
0x00007ffb81970000 - 0x00007ffb8197a000 	C:\Windows\System32\rasadhlp.dll
0x00007ffb88ef0000 - 0x00007ffb88f5a000 	C:\WINDOWS\System32\fwpuclnt.dll
0x00007ffb91320000 - 0x00007ffb9134b000 	C:\WINDOWS\SYSTEM32\bcrypt.dll
0x0000000062890000 - 0x00000000628a1000 	C:\Program Files\Java\jre1.8.0_45\bin\nio.dll
0x0000000062870000 - 0x0000000062887000 	C:\Program Files\Java\jre1.8.0_45\bin\unpack.dll
0x0000000180000000 - 0x0000000180053000 	C:\Users\C. A. Phoenix\Desktop\MMC11\instances\1.12.2 BS&G All mods\natives\lwjgl64.dll
0x00007ffb725c0000 - 0x00007ffb726e3000 	C:\WINDOWS\SYSTEM32\OPENGL32.dll
0x00007ffb77ff0000 - 0x00007ffb7801d000 	C:\WINDOWS\SYSTEM32\GLU32.dll
0x00007ffb71e70000 - 0x00007ffb71f67000 	C:\WINDOWS\SYSTEM32\DDRAW.dll
0x00007ffb8a8b0000 - 0x00007ffb8a8b8000 	C:\WINDOWS\SYSTEM32\DCIMAN32.dll
0x00007ffb90e50000 - 0x00007ffb90e67000 	C:\WINDOWS\SYSTEM32\CRYPTSP.dll
0x00007ffb90d60000 - 0x00007ffb90d93000 	C:\WINDOWS\system32\rsaenh.dll
0x00007ffb90a60000 - 0x00007ffb90a7f000 	C:\WINDOWS\SYSTEM32\USERENV.dll
0x00007ffb90e70000 - 0x00007ffb90e7b000 	C:\WINDOWS\SYSTEM32\CRYPTBASE.dll
0x00007ffb8b320000 - 0x00007ffb8b336000 	C:\WINDOWS\SYSTEM32\dhcpcsvc6.DLL
0x00007ffb8cd70000 - 0x00007ffb8cd8a000 	C:\WINDOWS\SYSTEM32\dhcpcsvc.DLL
0x0000000060330000 - 0x00000000604c8000 	C:\Program Files\Java\jre1.8.0_45\bin\awt.dll
0x00007ffb92990000 - 0x00007ffb92a4c000 	C:\WINDOWS\System32\OLEAUT32.dll
0x00007ffb8f970000 - 0x00007ffb8f9ea000 	C:\WINDOWS\SYSTEM32\apphelp.dll
0x00007ffb8fb70000 - 0x00007ffb8fc05000 	C:\WINDOWS\system32\uxtheme.dll
0x00007ffb94680000 - 0x00007ffb947db000 	C:\WINDOWS\System32\MSCTF.dll
0x00007ffb8e870000 - 0x00007ffb8e896000 	C:\WINDOWS\system32\dwmapi.dll
0x000000005e060000 - 0x0000000060328000 	C:\WINDOWS\SYSTEM32\nvoglv64.DLL
0x00007ffb924e0000 - 0x00007ffb92909000 	C:\WINDOWS\System32\SETUPAPI.dll
0x00007ffb92ac0000 - 0x00007ffb92bf7000 	C:\WINDOWS\System32\ole32.dll
0x00007ffb8e470000 - 0x00007ffb8e483000 	C:\WINDOWS\SYSTEM32\WTSAPI32.dll
0x00007ffb8ffa0000 - 0x00007ffb8ffc8000 	C:\WINDOWS\SYSTEM32\DEVOBJ.dll
0x00007ffb92410000 - 0x00007ffb92465000 	C:\WINDOWS\System32\WINTRUST.dll
0x00007ffb91460000 - 0x00007ffb91470000 	C:\WINDOWS\System32\MSASN1.dll
0x00007ffb91e70000 - 0x00007ffb92038000 	C:\WINDOWS\System32\CRYPT32.dll
0x00007ffb90790000 - 0x00007ffb907c2000 	C:\WINDOWS\SYSTEM32\ntmarta.dll
0x00007ffb63af0000 - 0x00007ffb63d44000 	C:\WINDOWS\system32\nvspcap64.dll
0x00007ffb85650000 - 0x00007ffb856e1000 	C:\WINDOWS\SYSTEM32\mscms.dll
0x00007ffb84850000 - 0x00007ffb84892000 	C:\WINDOWS\SYSTEM32\icm32.dll
0x00007ffb912c0000 - 0x00007ffb91316000 	C:\WINDOWS\SYSTEM32\WINSTA.dll
0x00007ffb90370000 - 0x00007ffb9040f000 	C:\WINDOWS\system32\dxgi.dll
0x00007ffb8e8a0000 - 0x00007ffb8eb56000 	C:\WINDOWS\system32\d3d11.dll
0x00007ffb65690000 - 0x00007ffb6577a000 	C:\WINDOWS\System32\DriverStore\FileRepository\nvami.inf_amd64_b376ee2d23af457f\nvldumdx.dll
0x00007ffb92910000 - 0x00007ffb9292c000 	C:\WINDOWS\System32\imagehlp.dll
0x00007ffb572e0000 - 0x00007ffb58e21000 	C:\WINDOWS\System32\DriverStore\FileRepository\nvami.inf_amd64_b376ee2d23af457f\nvwgf2umx.dll
0x00007ffb86eb0000 - 0x00007ffb87330000 	C:\WINDOWS\system32\nvapi64.dll
0x00007ffb813e0000 - 0x00007ffb81422000 	C:\Users\C. A. Phoenix\AppData\Local\Temp\jna-1369068369\jna3380923766326510820.dll
0x00000000623a0000 - 0x00000000623c4000 	C:\Program Files\Java\jre1.8.0_45\bin\sunec.dll
0x000000003d370000 - 0x000000003d3d4000 	C:\Users\C. A. Phoenix\Desktop\MMC11\instances\1.12.2 BS&G All mods\natives\OpenAL64.dll
0x00007ffb941c0000 - 0x00007ffb9425f000 	C:\WINDOWS\System32\clbcatq.dll
0x00007ffb8ad80000 - 0x00007ffb8adf1000 	C:\WINDOWS\System32\MMDevApi.dll
0x00007ffb8e4c0000 - 0x00007ffb8e645000 	C:\WINDOWS\System32\PROPSYS.dll
0x00007ffb74540000 - 0x00007ffb745db000 	C:\WINDOWS\SYSTEM32\dsound.dll
0x00007ffb81260000 - 0x00007ffb812f4000 	C:\WINDOWS\SYSTEM32\AUDIOSES.DLL
0x00007ffb8eb60000 - 0x00007ffb8ec96000 	C:\WINDOWS\SYSTEM32\wintypes.dll
0x00007ffb8f8c0000 - 0x00007ffb8f8da000 	C:\Users\C. A. Phoenix\Desktop\MMC11\instances\1.12.2 BS&G All mods\natives\SAPIWrapper_x64.dll
0x00007ffb8dba0000 - 0x00007ffb8dd32000 	C:\WINDOWS\SYSTEM32\dbghelp.dll

VM Arguments:
jvm_args: -XX:HeapDumpPath=MojangTricksIntelDriversForPerformance_javaw.exe_minecraft.exe.heapdump -Xms8512m -Xmx8512m -Duser.language=en -Djava.library.path=C:/Users/C. A. Phoenix/Desktop/MMC11/instances/1.12.2 BS&G All mods/natives 
java_command: org.multimc.EntryPoint
java_class_path (initial): C:/Users/C. A. Phoenix/Desktop/MMC11/jars/NewLaunch.jar;C:/Users/C. A. Phoenix/Desktop/MMC11/libraries/net/java/jinput/jinput/2.0.5/jinput-2.0.5.jar;C:/Users/C. A. Phoenix/Desktop/MMC11/libraries/net/java/jutils/jutils/1.0.0/jutils-1.0.0.jar;C:/Users/C. A. Phoenix/Desktop/MMC11/libraries/org/lwjgl/lwjgl/lwjgl/2.9.4-nightly-20150209/lwjgl-2.9.4-nightly-20150209.jar;C:/Users/C. A. Phoenix/Desktop/MMC11/libraries/org/lwjgl/lwjgl/lwjgl_util/2.9.4-nightly-20150209/lwjgl_util-2.9.4-nightly-20150209.jar;C:/Users/C. A. Phoenix/Desktop/MMC11/libraries/com/mojang/patchy/1.1/patchy-1.1.jar;C:/Users/C. A. Phoenix/Desktop/MMC11/libraries/oshi-project/oshi-core/1.1/oshi-core-1.1.jar;C:/Users/C. A. Phoenix/Desktop/MMC11/libraries/net/java/dev/jna/jna/4.4.0/jna-4.4.0.jar;C:/Users/C. A. Phoenix/Desktop/MMC11/libraries/net/java/dev/jna/platform/3.4.0/platform-3.4.0.jar;C:/Users/C. A. Phoenix/Desktop/MMC11/libraries/com/ibm/icu/icu4j-core-mojang/51.2/icu4j-core-mojang-51.2.jar;C:/Users/C. A. Phoenix/Desktop/MMC11/libraries/net/sf/jopt-simple/jopt-simple/5.0.3/jopt-simple-5.0.3.jar;C:/Users/C. A. Phoenix/Desktop/MMC11/libraries/com/paulscode/codecjorbis/20101023/codecjorbis-20101023.jar;C:/Users/C. A. Phoenix/Desktop/MMC11/libraries/com/paulscode/codecwav/20101023/codecwav-20101023.jar;C:/Users/C. A. Phoenix/Desktop/MMC11/libraries/com/paulscode/libraryjavasound/20101123/libraryjavasound-20101123.jar;C:/Users/C. A. Phoenix/Desktop/MMC11/libraries/com/paulscode/librarylwjglopenal/20100824/librarylwjglopenal-20100824.jar;C:/Users/C. A. Phoenix/Desktop/MMC11/libraries/com/paulscode/soundsystem/20120107/soundsystem-20120107.jar;C:/Users/C. A. Phoenix/Desktop/MMC11/libraries/io/netty/netty-all/4.1.9.Final/netty-all-4.1.9.Final.jar;C:/Users/C. A. Phoenix/Desktop/MMC11/libraries/com/google/guava/guava/21.0/guava-21.0.jar;C:/Users/C. A. Phoenix/Desktop/MMC11/libraries/org/apache/commons/commons-lang3/3.5/commons-lang3-3.5.jar;C:/Users/C. A. Phoenix/Desktop/MMC11/li
Launcher Type: SUN_STANDARD

Environment Variables:
PATH=C:\ProgramData\Oracle\Java\javapath;C:\Program Files (x86)\Intel\iCLS Client\;C:\Program Files\Intel\iCLS Client\;C:\Windows\system32;C:\Windows;C:\Windows\System32\Wbem;C:\Windows\System32\WindowsPowerShell\v1.0\;C:\Program Files (x86)\Intel\Intel(R) Management Engine Components\DAL;C:\Program Files\Intel\Intel(R) Management Engine Components\DAL;C:\Program Files (x86)\Intel\Intel(R) Management Engine Components\IPT;C:\Program Files\Intel\Intel(R) Management Engine Components\IPT;C:\Program Files (x86)\NVIDIA Corporation\PhysX\Common;C:\Program Files\Intel\WiFi\bin\;C:\Program Files\Common Files\Intel\WirelessCommon\;C:\WINDOWS\system32;C:\WINDOWS;C:\WINDOWS\System32\Wbem;C:\WINDOWS\System32\WindowsPowerShell\v1.0\;C:\Users\C. A. Phoenix\AppData\Local\Microsoft\WindowsApps;
USERNAME=C. A. Phoenix
OS=Windows_NT
PROCESSOR_IDENTIFIER=Intel64 Family 6 Model 94 Stepping 3, GenuineIntel



---------------  S Y S T E M  ---------------

OS: Windows 10.0 , 64 bit Build 14393 (10.0.14393.0)

CPU:total 8 (4 cores per cpu, 2 threads per core) family 6 model 94 stepping 3, cmov, cx8, fxsr, mmx, sse, sse2, sse3, ssse3, sse4.1, sse4.2, popcnt, avx, avx2, aes, clmul, erms, rtm, 3dnowpref, lzcnt, ht, tsc, tscinvbit, bmi1, bmi2, adx

Memory: 4k page, physical 16673732k(1899708k free), swap 32203712k(4408k free)

vm_info: Java HotSpot(TM) 64-Bit Server VM (25.45-b02) for windows-amd64 JRE (1.8.0_45-b15), built on Apr 30 2015 12:40:44 by "java_re" with MS VC++ 10.0 (VS2010)

time: Thu Oct 11 19:37:01 2018
elapsed time: 540 seconds (0d 0h 9m 0s)

