#
# There is insufficient memory for the Java Runtime Environment to continue.
# Native memory allocation (malloc) failed to allocate 1047056 bytes for Chunk::new
# Possible reasons:
#   The system is out of physical RAM or swap space
#   In 32 bit mode, the process size limit was hit
# Possible solutions:
#   Reduce memory load on the system
#   Increase physical memory or swap space
#   Check if swap backing store is full
#   Use 64 bit Java on a 64 bit OS
#   Decrease Java heap size (-Xmx/-Xms)
#   Decrease number of Java threads
#   Decrease Java thread stack sizes (-Xss)
#   Set larger code cache with -XX:ReservedCodeCacheSize=
# This output file may be truncated or incomplete.
#
#  Out of Memory Error (allocation.cpp:390), pid=45708, tid=47804
#
# JRE version: Java(TM) SE Runtime Environment (8.0_45-b15) (build 1.8.0_45-b15)
# Java VM: Java HotSpot(TM) 64-Bit Server VM (25.45-b02 mixed mode windows-amd64 compressed oops)
# Failed to write core dump. Minidumps are not enabled by default on client versions of Windows
#

---------------  T H R E A D  ---------------

Current thread (0x0000000028734800):  JavaThread "C2 CompilerThread2" daemon [_thread_in_native, id=47804, stack(0x0000000028f00000,0x0000000029000000)]

Stack: [0x0000000028f00000,0x0000000029000000]
Native frames: (J=compiled Java code, j=interpreted, Vv=VM code, C=native code)
V  [jvm.dll+0x32b57a]


Current CompileTask:
C2: 134870 21154   !   4       mezz.jei.ingredients.IngredientListElement::create (131 bytes)


---------------  P R O C E S S  ---------------

Java Threads: ( => current thread )
  0x0000000030953000 JavaThread "ThaumicJEI Aspect Cache" [_thread_in_Java, id=48888, stack(0x000000005e390000,0x000000005e490000)]
  0x000000003094d000 JavaThread "PR RoutingThread #3" daemon [_thread_blocked, id=24088, stack(0x000000005e290000,0x000000005e390000)]
  0x000000003094f000 JavaThread "PR RoutingThread #2" daemon [_thread_blocked, id=24036, stack(0x000000005e190000,0x000000005e290000)]
  0x0000000030944800 JavaThread "PR RoutingThread #1" daemon [_thread_blocked, id=31956, stack(0x000000005e090000,0x000000005e190000)]
  0x000000003094b800 JavaThread "PR RoutingThread #0" daemon [_thread_blocked, id=6916, stack(0x000000005df90000,0x000000005e090000)]
  0x0000000030947000 JavaThread "ic2-poolthread-1" daemon [_thread_blocked, id=36604, stack(0x000000005de90000,0x000000005df90000)]
  0x0000000030950800 JavaThread "pool-5-thread-2" [_thread_blocked, id=46988, stack(0x000000005d390000,0x000000005d490000)]
  0x000000003094c000 JavaThread "pool-5-thread-1" [_thread_blocked, id=48648, stack(0x000000005ce90000,0x000000005cf90000)]
  0x000000002a694000 JavaThread "Thread-8" [_thread_blocked, id=47144, stack(0x0000000051c10000,0x0000000051d10000)]
  0x000000002a695800 JavaThread "Thread-7" [_thread_blocked, id=28948, stack(0x0000000051b10000,0x0000000051c10000)]
  0x000000002c8ca800 JavaThread "LWJGL Timer" daemon [_thread_blocked, id=48388, stack(0x000000003d7f0000,0x000000003d8f0000)]
  0x000000002bf31800 JavaThread "Thread-3" [_thread_blocked, id=42896, stack(0x000000003bc50000,0x000000003bd50000)]
  0x0000000033900800 JavaThread "Java2D Disposer" daemon [_thread_blocked, id=48456, stack(0x00000000330a0000,0x00000000331a0000)]
  0x000000002a43d800 JavaThread "Timer hack thread" daemon [_thread_blocked, id=47172, stack(0x0000000032fa0000,0x00000000330a0000)]
  0x0000000030556800 JavaThread "Snooper Timer" daemon [_thread_blocked, id=30568, stack(0x0000000032ca0000,0x0000000032da0000)]
  0x00000000287cb000 JavaThread "Service Thread" daemon [_thread_blocked, id=42948, stack(0x0000000029100000,0x0000000029200000)]
  0x0000000028745000 JavaThread "C1 CompilerThread3" daemon [_thread_blocked, id=48896, stack(0x0000000029000000,0x0000000029100000)]
=>0x0000000028734800 JavaThread "C2 CompilerThread2" daemon [_thread_in_native, id=47804, stack(0x0000000028f00000,0x0000000029000000)]
  0x0000000028730800 JavaThread "C2 CompilerThread1" daemon [_thread_in_native, id=44108, stack(0x0000000028e00000,0x0000000028f00000)]
  0x000000002872d000 JavaThread "C2 CompilerThread0" daemon [_thread_in_native, id=42732, stack(0x0000000028d00000,0x0000000028e00000)]
  0x0000000028729800 JavaThread "Attach Listener" daemon [_thread_blocked, id=47388, stack(0x0000000028c00000,0x0000000028d00000)]
  0x000000002673e000 JavaThread "Signal Dispatcher" daemon [_thread_blocked, id=28544, stack(0x0000000028b00000,0x0000000028c00000)]
  0x0000000002a5c800 JavaThread "Finalizer" daemon [_thread_blocked, id=46832, stack(0x0000000028600000,0x0000000028700000)]
  0x0000000002a56000 JavaThread "Reference Handler" daemon [_thread_blocked, id=45392, stack(0x0000000028500000,0x0000000028600000)]
  0x0000000002963800 JavaThread "Client thread" [_thread_in_native, id=48208, stack(0x00000000027c0000,0x00000000028c0000)]

Other Threads:
  0x0000000026729000 VMThread [stack: 0x0000000028400000,0x0000000028500000] [id=43196]
  0x00000000287cc000 WatcherThread [stack: 0x0000000029200000,0x0000000029300000] [id=30148]

VM state:not at safepoint (normal execution)

VM Mutex/Monitor currently owned by a thread: None

Heap:
 PSYoungGen      total 2139648K, used 1307001K [0x000000070eb00000, 0x00000007c0000000, 0x00000007c0000000)
  eden space 1383424K, 92% used [0x000000070eb00000,0x000000075c7b5c20,0x0000000763200000)
  from space 756224K, 4% used [0x0000000763200000,0x00000007651a8b80,0x0000000791480000)
  to   space 737280K, 0% used [0x0000000793000000,0x0000000793000000,0x00000007c0000000)
 ParOldGen       total 5811200K, used 1708602K [0x00000005ac000000, 0x000000070eb00000, 0x000000070eb00000)
  object space 5811200K, 29% used [0x00000005ac000000,0x000000061448ea30,0x000000070eb00000)
 Metaspace       used 142935K, capacity 147545K, committed 147624K, reserved 1173504K
  class space    used 22935K, capacity 23979K, committed 23984K, reserved 1048576K

Card table byte_map: [0x0000000011e20000,0x0000000012ed0000] byte_map_base: 0x000000000f0c0000

Marking Bits: (ParMarkBitMap*) 0x0000000072634040
 Begin Bits: [0x00000000141f0000, 0x000000001c6f0000)
 End Bits:   [0x000000001c6f0000, 0x0000000024bf0000)

Polling page: 0x0000000000a60000

CodeCache: size=245760Kb used=55978Kb max_used=55991Kb free=189781Kb
 bounds [0x0000000002a60000, 0x0000000006170000, 0x0000000011a60000]
 total_blobs=16062 nmethods=14707 adapters=1265
 compilation: enabled

Compilation events (10 events):
Event: 134.817 Thread 0x000000002872d000 nmethod 21155 0x00000000061584d0 code [0x0000000006158720, 0x0000000006159270]
Event: 134.817 Thread 0x000000002872d000 21177       4       java.util.TimSort::countRunAndMakeAscending (128 bytes)
Event: 134.823 Thread 0x0000000028745000 21178       3       java.io.WinNTFileSystem::canonicalize (372 bytes)
Event: 134.827 Thread 0x0000000028745000 nmethod 21178 0x000000000615a350 code [0x000000000615a980, 0x000000000615ef98]
Event: 134.832 Thread 0x000000002872d000 nmethod 21177 0x0000000006161490 code [0x00000000061615e0, 0x0000000006161e98]
Event: 134.832 Thread 0x000000002872d000 21157   !   4       mezz.jei.util.LegacyUtil::getResourceId (17 bytes)
Event: 134.838 Thread 0x000000002872d000 nmethod 21157 0x0000000006162210 code [0x00000000061623a0, 0x0000000006162718]
Event: 134.838 Thread 0x000000002872d000 21176       4       mezz.jei.ingredients.IngredientListElementComparator::compare (124 bytes)
Event: 134.845 Thread 0x000000002872d000 nmethod 21176 0x0000000006162d90 code [0x0000000006162f20, 0x0000000006163618]
Event: 134.845 Thread 0x000000002872d000 21175       4       mezz.jei.ingredients.IngredientListElementComparator::compare (13 bytes)

GC Heap History (10 events):
Event: 117.025 GC heap before
{Heap before GC invocations=29 (full 4):
 PSYoungGen      total 2094592K, used 1347764K [0x000000070eb00000, 0x00000007c0000000, 0x00000007c0000000)
  eden space 1292288K, 100% used [0x000000070eb00000,0x000000075d900000,0x000000075d900000)
  from space 802304K, 6% used [0x000000078f080000,0x00000007926ad280,0x00000007c0000000)
  to   space 806400K, 0% used [0x000000075d900000,0x000000075d900000,0x000000078ec80000)
 ParOldGen       total 5811200K, used 1575426K [0x00000005ac000000, 0x000000070eb00000, 0x000000070eb00000)
  object space 5811200K, 27% used [0x00000005ac000000,0x000000060c280840,0x000000070eb00000)
 Metaspace       used 137228K, capacity 141381K, committed 141608K, reserved 1167360K
  class space    used 22091K, capacity 23059K, committed 23088K, reserved 1048576K
Event: 117.067 GC heap after
Heap after GC invocations=29 (full 4):
 PSYoungGen      total 2098688K, used 39200K [0x000000070eb00000, 0x00000007c0000000, 0x00000007c0000000)
  eden space 1292288K, 0% used [0x000000070eb00000,0x000000070eb00000,0x000000075d900000)
  from space 806400K, 4% used [0x000000075d900000,0x000000075ff48240,0x000000078ec80000)
  to   space 805376K, 0% used [0x000000078ed80000,0x000000078ed80000,0x00000007c0000000)
 ParOldGen       total 5811200K, used 1591545K [0x00000005ac000000, 0x000000070eb00000, 0x000000070eb00000)
  object space 5811200K, 27% used [0x00000005ac000000,0x000000060d23e468,0x000000070eb00000)
 Metaspace       used 137228K, capacity 141381K, committed 141608K, reserved 1167360K
  class space    used 22091K, capacity 23059K, committed 23088K, reserved 1048576K
}
Event: 121.435 GC heap before
{Heap before GC invocations=30 (full 4):
 PSYoungGen      total 2098688K, used 1331488K [0x000000070eb00000, 0x00000007c0000000, 0x00000007c0000000)
  eden space 1292288K, 100% used [0x000000070eb00000,0x000000075d900000,0x000000075d900000)
  from space 806400K, 4% used [0x000000075d900000,0x000000075ff48240,0x000000078ec80000)
  to   space 805376K, 0% used [0x000000078ed80000,0x000000078ed80000,0x00000007c0000000)
 ParOldGen       total 5811200K, used 1591545K [0x00000005ac000000, 0x000000070eb00000, 0x000000070eb00000)
  object space 5811200K, 27% used [0x00000005ac000000,0x000000060d23e468,0x000000070eb00000)
 Metaspace       used 140403K, capacity 144749K, committed 144936K, reserved 1171456K
  class space    used 22576K, capacity 23571K, committed 23600K, reserved 1048576K
Event: 121.610 GC heap after
Heap after GC invocations=30 (full 4):
 PSYoungGen      total 2118656K, used 99394K [0x000000070eb00000, 0x00000007c0000000, 0x00000007c0000000)
  eden space 1313280K, 0% used [0x000000070eb00000,0x000000070eb00000,0x000000075ed80000)
  from space 805376K, 12% used [0x000000078ed80000,0x0000000794e90bf0,0x00000007c0000000)
  to   space 786432K, 0% used [0x000000075ed80000,0x000000075ed80000,0x000000078ed80000)
 ParOldGen       total 5811200K, used 1605420K [0x00000005ac000000, 0x000000070eb00000, 0x000000070eb00000)
  object space 5811200K, 27% used [0x00000005ac000000,0x000000060dfcb178,0x000000070eb00000)
 Metaspace       used 140403K, capacity 144749K, committed 144936K, reserved 1171456K
  class space    used 22576K, capacity 23571K, committed 23600K, reserved 1048576K
}
Event: 123.161 GC heap before
{Heap before GC invocations=31 (full 4):
 PSYoungGen      total 2118656K, used 1412674K [0x000000070eb00000, 0x00000007c0000000, 0x00000007c0000000)
  eden space 1313280K, 100% used [0x000000070eb00000,0x000000075ed80000,0x000000075ed80000)
  from space 805376K, 12% used [0x000000078ed80000,0x0000000794e90bf0,0x00000007c0000000)
  to   space 786432K, 0% used [0x000000075ed80000,0x000000075ed80000,0x000000078ed80000)
 ParOldGen       total 5811200K, used 1605420K [0x00000005ac000000, 0x000000070eb00000, 0x000000070eb00000)
  object space 5811200K, 27% used [0x00000005ac000000,0x000000060dfcb178,0x000000070eb00000)
 Metaspace       used 140411K, capacity 144749K, committed 144936K, reserved 1171456K
  class space    used 22576K, capacity 23571K, committed 23600K, reserved 1048576K
Event: 123.216 GC heap after
Heap after GC invocations=31 (full 4):
 PSYoungGen      total 2099712K, used 94882K [0x000000070eb00000, 0x00000007c0000000, 0x00000007c0000000)
  eden space 1313280K, 0% used [0x000000070eb00000,0x000000070eb00000,0x000000075ed80000)
  from space 786432K, 12% used [0x000000075ed80000,0x0000000764a289c0,0x000000078ed80000)
  to   space 765440K, 0% used [0x0000000791480000,0x0000000791480000,0x00000007c0000000)
 ParOldGen       total 5811200K, used 1607373K [0x00000005ac000000, 0x000000070eb00000, 0x000000070eb00000)
  object space 5811200K, 27% used [0x00000005ac000000,0x000000060e1b37d8,0x000000070eb00000)
 Metaspace       used 140411K, capacity 144749K, committed 144936K, reserved 1171456K
  class space    used 22576K, capacity 23571K, committed 23600K, reserved 1048576K
}
Event: 124.517 GC heap before
{Heap before GC invocations=32 (full 4):
 PSYoungGen      total 2099712K, used 1408162K [0x000000070eb00000, 0x00000007c0000000, 0x00000007c0000000)
  eden space 1313280K, 100% used [0x000000070eb00000,0x000000075ed80000,0x000000075ed80000)
  from space 786432K, 12% used [0x000000075ed80000,0x0000000764a289c0,0x000000078ed80000)
  to   space 765440K, 0% used [0x0000000791480000,0x0000000791480000,0x00000007c0000000)
 ParOldGen       total 5811200K, used 1607373K [0x00000005ac000000, 0x000000070eb00000, 0x000000070eb00000)
  object space 5811200K, 27% used [0x00000005ac000000,0x000000060e1b37d8,0x000000070eb00000)
 Metaspace       used 140432K, capacity 144749K, committed 144936K, reserved 1171456K
  class space    used 22576K, capacity 23571K, committed 23600K, reserved 1048576K
Event: 124.580 GC heap after
Heap after GC invocations=32 (full 4):
 PSYoungGen      total 2148864K, used 6326K [0x000000070eb00000, 0x00000007c0000000, 0x00000007c0000000)
  eden space 1383424K, 0% used [0x000000070eb00000,0x000000070eb00000,0x0000000763200000)
  from space 765440K, 0% used [0x0000000791480000,0x0000000791aadba8,0x00000007c0000000)
  to   space 756224K, 0% used [0x0000000763200000,0x0000000763200000,0x0000000791480000)
 ParOldGen       total 5811200K, used 1702451K [0x00000005ac000000, 0x000000070eb00000, 0x000000070eb00000)
  object space 5811200K, 29% used [0x00000005ac000000,0x0000000613e8ce88,0x000000070eb00000)
 Metaspace       used 140432K, capacity 144749K, committed 144936K, reserved 1171456K
  class space    used 22576K, capacity 23571K, committed 23600K, reserved 1048576K
}
Event: 129.507 GC heap before
{Heap before GC invocations=33 (full 4):
 PSYoungGen      total 2148864K, used 1389750K [0x000000070eb00000, 0x00000007c0000000, 0x00000007c0000000)
  eden space 1383424K, 100% used [0x000000070eb00000,0x0000000763200000,0x0000000763200000)
  from space 765440K, 0% used [0x0000000791480000,0x0000000791aadba8,0x00000007c0000000)
  to   space 756224K, 0% used [0x0000000763200000,0x0000000763200000,0x0000000791480000)
 ParOldGen       total 5811200K, used 1702451K [0x00000005ac000000, 0x000000070eb00000, 0x000000070eb00000)
  object space 5811200K, 29% used [0x00000005ac000000,0x0000000613e8ce88,0x000000070eb00000)
 Metaspace       used 142036K, capacity 146459K, committed 146600K, reserved 1171456K
  class space    used 22823K, capacity 23858K, committed 23984K, reserved 1048576K
Event: 129.542 GC heap after
Heap after GC invocations=33 (full 4):
 PSYoungGen      total 2139648K, used 32418K [0x000000070eb00000, 0x00000007c0000000, 0x00000007c0000000)
  eden space 1383424K, 0% used [0x000000070eb00000,0x000000070eb00000,0x0000000763200000)
  from space 756224K, 4% used [0x0000000763200000,0x00000007651a8b80,0x0000000791480000)
  to   space 737280K, 0% used [0x0000000793000000,0x0000000793000000,0x00000007c0000000)
 ParOldGen       total 5811200K, used 1708602K [0x00000005ac000000, 0x000000070eb00000, 0x000000070eb00000)
  object space 5811200K, 29% used [0x00000005ac000000,0x000000061448ea30,0x000000070eb00000)
 Metaspace       used 142036K, capacity 146459K, committed 146600K, reserved 1171456K
  class space    used 22823K, capacity 23858K, committed 23984K, reserved 1048576K
}

Deoptimization events (10 events):
Event: 134.786 Thread 0x0000000002963800 Uncommon trap: reason=class_check action=maybe_recompile pc=0x0000000006130800 method=mezz.jei.ingredients.IngredientInformation.getDisplayName(Ljava/lang/Object;Lmezz/jei/api/ingredients/IIngredientHelper;)Ljava/lang/String; @ 2
Event: 134.786 Thread 0x0000000002963800 Uncommon trap: reason=class_check action=maybe_recompile pc=0x0000000006115a9c method=mezz.jei.util.LegacyUtil.getResourceId(Ljava/lang/Object;Lmezz/jei/api/ingredients/IIngredientHelper;)Ljava/lang/String; @ 2
Event: 134.786 Thread 0x0000000002963800 Uncommon trap: reason=class_check action=maybe_recompile pc=0x000000000614f2c0 method=mezz.jei.ingredients.IngredientListElement.create(Ljava/lang/Object;Lmezz/jei/api/ingredients/IIngredientHelper;Lmezz/jei/api/ingredients/IIngredientRenderer;Lmezz/jei/st·Õt*Ÿ`@
Event: 134.786 Thread 0x0000000002963800 Uncommon trap: reason=class_check action=maybe_recompile pc=0x0000000006128538 method=mezz.jei.ingredients.IngredientListElement.<init>(Ljava/lang/Object;ILmezz/jei/api/ingredients/IIngredientHelper;Lmezz/jei/api/ingredients/IIngredientRenderer;Lmezz/jei/s≥§#≠*Ÿ`@
Event: 134.786 Thread 0x0000000002963800 Uncommon trap: reason=class_check action=maybe_recompile pc=0x0000000006130800 method=mezz.jei.ingredients.IngredientInformation.getDisplayName(Ljava/lang/Object;Lmezz/jei/api/ingredients/IIngredientHelper;)Ljava/lang/String; @ 2
Event: 134.786 Thread 0x0000000002963800 Uncommon trap: reason=class_check action=maybe_recompile pc=0x0000000006115a9c method=mezz.jei.util.LegacyUtil.getResourceId(Ljava/lang/Object;Lmezz/jei/api/ingredients/IIngredientHelper;)Ljava/lang/String; @ 2
Event: 134.787 Thread 0x0000000002963800 Uncommon trap: reason=class_check action=maybe_recompile pc=0x000000000614f2c0 method=mezz.jei.ingredients.IngredientListElement.create(Ljava/lang/Object;Lmezz/jei/api/ingredients/IIngredientHelper;Lmezz/jei/api/ingredients/IIngredientRenderer;Lmezz/jei/st{?6L+Ÿ`@
Event: 134.787 Thread 0x0000000002963800 Uncommon trap: reason=class_check action=maybe_recompile pc=0x0000000006128538 method=mezz.jei.ingredients.IngredientListElement.<init>(Ljava/lang/Object;ILmezz/jei/api/ingredients/IIngredientHelper;Lmezz/jei/api/ingredients/IIngredientRenderer;Lmezz/jei/sn≈o{+Ÿ`@
Event: 134.787 Thread 0x0000000002963800 Uncommon trap: reason=class_check action=maybe_recompile pc=0x0000000006130800 method=mezz.jei.ingredients.IngredientInformation.getDisplayName(Ljava/lang/Object;Lmezz/jei/api/ingredients/IIngredientHelper;)Ljava/lang/String; @ 2
Event: 134.787 Thread 0x0000000002963800 Uncommon trap: reason=class_check action=maybe_recompile pc=0x0000000006115a9c method=mezz.jei.util.LegacyUtil.getResourceId(Ljava/lang/Object;Lmezz/jei/api/ingredients/IIngredientHelper;)Ljava/lang/String; @ 2

Internal exceptions (10 events):
Event: 107.452 Thread 0x0000000002963800 Exception <a 'java/io/IOException'> (0x000000074ed9eb70) thrown at [C:\re\workspace\8-2-build-windows-amd64-cygwin\jdk8u45\3627\hotspot\src\share\vm\prims\jni.cpp, line 709]
Event: 107.519 Thread 0x0000000002963800 Implicit null exception at 0x000000000443a351 to 0x000000000443a425
Event: 115.311 Thread 0x0000000002963800 Implicit null exception at 0x00000000040a9cd3 to 0x00000000040ab275
Event: 115.311 Thread 0x0000000002963800 Exception <a 'java/lang/NullPointerException'> (0x000000073d74c358) thrown at [C:\re\workspace\8-2-build-windows-amd64-cygwin\jdk8u45\3627\hotspot\src\share\vm\runtime\sharedRuntime.cpp, line 605]
Event: 115.353 Thread 0x0000000002963800 Exception <a 'java/io/IOException'> (0x0000000740c43820) thrown at [C:\re\workspace\8-2-build-windows-amd64-cygwin\jdk8u45\3627\hotspot\src\share\vm\prims\jni.cpp, line 709]
Event: 115.354 Thread 0x0000000002963800 Exception <a 'java/io/IOException'> (0x0000000740c55220) thrown at [C:\re\workspace\8-2-build-windows-amd64-cygwin\jdk8u45\3627\hotspot\src\share\vm\prims\jni.cpp, line 709]
Event: 121.147 Thread 0x0000000002963800 Implicit null exception at 0x0000000003500025 to 0x0000000003500235
Event: 125.640 Thread 0x0000000002963800 Implicit null exception at 0x0000000005d1dfcb to 0x0000000005d1e151
Event: 129.729 Thread 0x0000000002963800 Implicit null exception at 0x00000000035c2c94 to 0x00000000035c31a5
Event: 134.068 Thread 0x0000000002963800 Implicit null exception at 0x000000000606469b to 0x00000000060659c9

Events (10 events):
Event: 134.837 loading class it/unimi/dsi/fastutil/chars/Char2ObjectMap
Event: 134.837 loading class it/unimi/dsi/fastutil/chars/Char2ObjectMap done
Event: 134.838 loading class it/unimi/dsi/fastutil/chars/Char2ObjectFunction
Event: 134.838 loading class it/unimi/dsi/fastutil/chars/Char2ObjectFunction done
Event: 134.843 loading class mezz/jei/suffixtree/ISearchTree
Event: 134.843 loading class mezz/jei/suffixtree/ISearchTree done
Event: 134.847 loading class it/unimi/dsi/fastutil/chars/Char2ObjectOpenHashMap
Event: 134.847 loading class it/unimi/dsi/fastutil/chars/Char2ObjectOpenHashMap done
Event: 134.849 loading class it/unimi/dsi/fastutil/chars/AbstractChar2ObjectMap
Event: 134.849 loading class it/unimi/dsi/fastutil/chars/AbstractChar2ObjectMap done


Dynamic libraries:
0x00007ff7288f0000 - 0x00007ff728927000 	C:\Program Files\Java\jre1.8.0_45\bin\javaw.exe
0x00007ffe90af0000 - 0x00007ffe90cc1000 	C:\WINDOWS\SYSTEM32\ntdll.dll
0x00007ffe90470000 - 0x00007ffe9051b000 	C:\WINDOWS\System32\KERNEL32.DLL
0x00007ffe8d080000 - 0x00007ffe8d29d000 	C:\WINDOWS\System32\KERNELBASE.dll
0x00007ffe8faf0000 - 0x00007ffe8fb92000 	C:\WINDOWS\System32\ADVAPI32.dll
0x00007ffe90590000 - 0x00007ffe9062e000 	C:\WINDOWS\System32\msvcrt.dll
0x00007ffe8e090000 - 0x00007ffe8e0e9000 	C:\WINDOWS\System32\sechost.dll
0x00007ffe907e0000 - 0x00007ffe90901000 	C:\WINDOWS\System32\RPCRT4.dll
0x00007ffe90980000 - 0x00007ffe90ae5000 	C:\WINDOWS\System32\USER32.dll
0x00007ffe8d4a0000 - 0x00007ffe8d4be000 	C:\WINDOWS\System32\win32u.dll
0x00007ffe8e1b0000 - 0x00007ffe8e1e4000 	C:\WINDOWS\System32\GDI32.dll
0x00007ffe8de90000 - 0x00007ffe8e012000 	C:\WINDOWS\System32\gdi32full.dll
0x00007ffe81690000 - 0x00007ffe81909000 	C:\WINDOWS\WinSxS\amd64_microsoft.windows.common-controls_6595b64144ccf1df_6.0.14393.0_none_2d0f50fcbdb171b8\COMCTL32.dll
0x00007ffe8e270000 - 0x00007ffe8e537000 	C:\WINDOWS\System32\combase.dll
0x00007ffe8d3a0000 - 0x00007ffe8d495000 	C:\WINDOWS\System32\ucrtbase.dll
0x00007ffe8d4c0000 - 0x00007ffe8d52a000 	C:\WINDOWS\System32\bcryptPrimitives.dll
0x00007ffe906b0000 - 0x00007ffe906de000 	C:\WINDOWS\System32\IMM32.DLL
0x00000000736c0000 - 0x0000000073792000 	C:\Program Files\Java\jre1.8.0_45\bin\msvcr100.dll
0x0000000071e30000 - 0x00000000726b3000 	C:\Program Files\Java\jre1.8.0_45\bin\server\jvm.dll
0x00007ffe8e080000 - 0x00007ffe8e088000 	C:\WINDOWS\System32\PSAPI.DLL
0x00007ffe86c50000 - 0x00007ffe86c5a000 	C:\WINDOWS\SYSTEM32\VERSION.dll
0x00007ffe89fc0000 - 0x00007ffe89fc9000 	C:\WINDOWS\SYSTEM32\WSOCK32.dll
0x00007ffe8b200000 - 0x00007ffe8b223000 	C:\WINDOWS\SYSTEM32\WINMM.dll
0x00007ffe90520000 - 0x00007ffe9058a000 	C:\WINDOWS\System32\WS2_32.dll
0x00007ffe8ad20000 - 0x00007ffe8ad4b000 	C:\WINDOWS\SYSTEM32\WINMMBASE.dll
0x00007ffe8d350000 - 0x00007ffe8d392000 	C:\WINDOWS\System32\cfgmgr32.dll
0x00000000744b0000 - 0x00000000744bf000 	C:\Program Files\Java\jre1.8.0_45\bin\verify.dll
0x0000000074480000 - 0x00000000744a9000 	C:\Program Files\Java\jre1.8.0_45\bin\java.dll
0x0000000074460000 - 0x0000000074476000 	C:\Program Files\Java\jre1.8.0_45\bin\zip.dll
0x00007ffe8e540000 - 0x00007ffe8fa48000 	C:\WINDOWS\System32\SHELL32.dll
0x00007ffe8d530000 - 0x00007ffe8dc0a000 	C:\WINDOWS\System32\windows.storage.dll
0x00007ffe8d000000 - 0x00007ffe8d04c000 	C:\WINDOWS\System32\powrprof.dll
0x00007ffe90630000 - 0x00007ffe90682000 	C:\WINDOWS\System32\shlwapi.dll
0x00007ffe8d050000 - 0x00007ffe8d05f000 	C:\WINDOWS\System32\kernel.appcore.dll
0x00007ffe8d2a0000 - 0x00007ffe8d349000 	C:\WINDOWS\System32\shcore.dll
0x00007ffe8d060000 - 0x00007ffe8d074000 	C:\WINDOWS\System32\profapi.dll
0x0000000074450000 - 0x000000007445d000 	C:\Program Files\Java\jre1.8.0_45\bin\management.dll
0x0000000074430000 - 0x000000007444a000 	C:\Program Files\Java\jre1.8.0_45\bin\net.dll
0x00007ffe8c850000 - 0x00007ffe8c8ac000 	C:\WINDOWS\system32\mswsock.dll
0x00007ffe7c480000 - 0x00007ffe7c496000 	C:\WINDOWS\system32\napinsp.dll
0x00007ffe7c2d0000 - 0x00007ffe7c2ea000 	C:\WINDOWS\system32\pnrpnsp.dll
0x00007ffe8b1e0000 - 0x00007ffe8b1f8000 	C:\WINDOWS\system32\NLAapi.dll
0x00007ffe8c620000 - 0x00007ffe8c6c0000 	C:\WINDOWS\SYSTEM32\DNSAPI.dll
0x00007ffe8e260000 - 0x00007ffe8e268000 	C:\WINDOWS\System32\NSI.dll
0x00007ffe8c5e0000 - 0x00007ffe8c618000 	C:\WINDOWS\SYSTEM32\IPHLPAPI.DLL
0x00007ffe7c740000 - 0x00007ffe7c74e000 	C:\WINDOWS\System32\winrnr.dll
0x00007ffe7c0a0000 - 0x00007ffe7c0b5000 	C:\WINDOWS\System32\wshbth.dll
0x0000000074df0000 - 0x0000000074e16000 	C:\Program Files\Bonjour\mdnsNSP.dll
0x00007ffe7de60000 - 0x00007ffe7de6a000 	C:\Windows\System32\rasadhlp.dll
0x00007ffe84690000 - 0x00007ffe846fa000 	C:\WINDOWS\System32\fwpuclnt.dll
0x00007ffe8cbd0000 - 0x00007ffe8cbfb000 	C:\WINDOWS\SYSTEM32\bcrypt.dll
0x0000000074410000 - 0x0000000074421000 	C:\Program Files\Java\jre1.8.0_45\bin\nio.dll
0x0000000074210000 - 0x0000000074227000 	C:\Program Files\Java\jre1.8.0_45\bin\unpack.dll
0x0000000180000000 - 0x0000000180053000 	C:\Users\C. A. Phoenix\Desktop\MMC11\instances\1.12.2 BS&G All mods\natives\lwjgl64.dll
0x00007ffe72150000 - 0x00007ffe72273000 	C:\WINDOWS\SYSTEM32\OPENGL32.dll
0x00007ffe72050000 - 0x00007ffe72147000 	C:\WINDOWS\SYSTEM32\DDRAW.dll
0x00007ffe72b20000 - 0x00007ffe72b4d000 	C:\WINDOWS\SYSTEM32\GLU32.dll
0x00007ffe72b10000 - 0x00007ffe72b18000 	C:\WINDOWS\SYSTEM32\DCIMAN32.dll
0x00007ffe8cac0000 - 0x00007ffe8cad7000 	C:\WINDOWS\SYSTEM32\CRYPTSP.dll
0x00007ffe8c9d0000 - 0x00007ffe8ca03000 	C:\WINDOWS\system32\rsaenh.dll
0x00007ffe8c6d0000 - 0x00007ffe8c6ef000 	C:\WINDOWS\SYSTEM32\USERENV.dll
0x00007ffe8cae0000 - 0x00007ffe8caeb000 	C:\WINDOWS\SYSTEM32\CRYPTBASE.dll
0x00007ffe84700000 - 0x00007ffe84716000 	C:\WINDOWS\SYSTEM32\dhcpcsvc6.DLL
0x00007ffe83fb0000 - 0x00007ffe83fca000 	C:\WINDOWS\SYSTEM32\dhcpcsvc.DLL
0x0000000073520000 - 0x00000000736b8000 	C:\Program Files\Java\jre1.8.0_45\bin\awt.dll
0x00007ffe8e0f0000 - 0x00007ffe8e1ac000 	C:\WINDOWS\System32\OLEAUT32.dll
0x00007ffe8b5a0000 - 0x00007ffe8b61a000 	C:\WINDOWS\SYSTEM32\apphelp.dll
0x00007ffe8b780000 - 0x00007ffe8b815000 	C:\WINDOWS\system32\uxtheme.dll
0x00007ffe8fee0000 - 0x00007ffe9003b000 	C:\WINDOWS\System32\MSCTF.dll
0x00007ffe8a480000 - 0x00007ffe8a4a6000 	C:\WINDOWS\system32\dwmapi.dll
0x000000006fb60000 - 0x0000000071e28000 	C:\WINDOWS\SYSTEM32\nvoglv64.DLL
0x00007ffe90040000 - 0x00007ffe90469000 	C:\WINDOWS\System32\SETUPAPI.dll
0x00007ffe8fda0000 - 0x00007ffe8fed7000 	C:\WINDOWS\System32\ole32.dll
0x00007ffe8a120000 - 0x00007ffe8a133000 	C:\WINDOWS\SYSTEM32\WTSAPI32.dll
0x00007ffe8bbb0000 - 0x00007ffe8bbd8000 	C:\WINDOWS\SYSTEM32\DEVOBJ.dll
0x00007ffe8e020000 - 0x00007ffe8e075000 	C:\WINDOWS\System32\WINTRUST.dll
0x00007ffe8cff0000 - 0x00007ffe8d000000 	C:\WINDOWS\System32\MSASN1.dll
0x00007ffe8dc10000 - 0x00007ffe8ddd8000 	C:\WINDOWS\System32\CRYPT32.dll
0x00007ffe8c400000 - 0x00007ffe8c432000 	C:\WINDOWS\SYSTEM32\ntmarta.dll
0x00007ffe5e890000 - 0x00007ffe5eae4000 	C:\WINDOWS\system32\nvspcap64.dll
0x00007ffe81910000 - 0x00007ffe819a1000 	C:\WINDOWS\SYSTEM32\mscms.dll
0x00007ffe80000000 - 0x00007ffe80042000 	C:\WINDOWS\SYSTEM32\icm32.dll
0x00007ffe8c160000 - 0x00007ffe8c1b6000 	C:\WINDOWS\SYSTEM32\WINSTA.dll
0x00007ffe8bf80000 - 0x00007ffe8c01f000 	C:\WINDOWS\system32\dxgi.dll
0x00007ffe8a4b0000 - 0x00007ffe8a766000 	C:\WINDOWS\system32\d3d11.dll
0x00007ffe63910000 - 0x00007ffe639fa000 	C:\WINDOWS\System32\DriverStore\FileRepository\nvami.inf_amd64_b376ee2d23af457f\nvldumdx.dll
0x00007ffe90690000 - 0x00007ffe906ac000 	C:\WINDOWS\System32\imagehlp.dll
0x00007ffe540b0000 - 0x00007ffe55bf1000 	C:\WINDOWS\System32\DriverStore\FileRepository\nvami.inf_amd64_b376ee2d23af457f\nvwgf2umx.dll
0x00007ffe83670000 - 0x00007ffe83af0000 	C:\WINDOWS\system32\nvapi64.dll
0x00007ffe7a3d0000 - 0x00007ffe7a412000 	C:\Users\C. A. Phoenix\AppData\Local\Temp\jna-1369068369\jna463514732130511690.dll
0x0000000074070000 - 0x0000000074094000 	C:\Program Files\Java\jre1.8.0_45\bin\sunec.dll
0x0000000000c70000 - 0x0000000000cd4000 	C:\Users\C. A. Phoenix\Desktop\MMC11\instances\1.12.2 BS&G All mods\natives\OpenAL64.dll
0x00007ffe8fa50000 - 0x00007ffe8faef000 	C:\WINDOWS\System32\clbcatq.dll
0x00007ffe86740000 - 0x00007ffe867b1000 	C:\WINDOWS\System32\MMDevApi.dll
0x00007ffe8a150000 - 0x00007ffe8a2d5000 	C:\WINDOWS\System32\PROPSYS.dll
0x00007ffe77300000 - 0x00007ffe7739b000 	C:\WINDOWS\SYSTEM32\dsound.dll
0x00007ffe7ccc0000 - 0x00007ffe7cd54000 	C:\WINDOWS\SYSTEM32\AUDIOSES.DLL
0x00007ffe8a770000 - 0x00007ffe8a8a6000 	C:\WINDOWS\SYSTEM32\wintypes.dll

VM Arguments:
jvm_args: -XX:HeapDumpPath=MojangTricksIntelDriversForPerformance_javaw.exe_minecraft.exe.heapdump -Xms8512m -Xmx8512m -Duser.language=en -Djava.library.path=C:/Users/C. A. Phoenix/Desktop/MMC11/instances/1.12.2 BS&G All mods/natives 
java_command: org.multimc.EntryPoint
java_class_path (initial): C:/Users/C. A. Phoenix/Desktop/MMC11/jars/NewLaunch.jar;C:/Users/C. A. Phoenix/Desktop/MMC11/libraries/net/java/jinput/jinput/2.0.5/jinput-2.0.5.jar;C:/Users/C. A. Phoenix/Desktop/MMC11/libraries/net/java/jutils/jutils/1.0.0/jutils-1.0.0.jar;C:/Users/C. A. Phoenix/Desktop/MMC11/libraries/org/lwjgl/lwjgl/lwjgl/2.9.4-nightly-20150209/lwjgl-2.9.4-nightly-20150209.jar;C:/Users/C. A. Phoenix/Desktop/MMC11/libraries/org/lwjgl/lwjgl/lwjgl_util/2.9.4-nightly-20150209/lwjgl_util-2.9.4-nightly-20150209.jar;C:/Users/C. A. Phoenix/Desktop/MMC11/libraries/com/mojang/patchy/1.1/patchy-1.1.jar;C:/Users/C. A. Phoenix/Desktop/MMC11/libraries/oshi-project/oshi-core/1.1/oshi-core-1.1.jar;C:/Users/C. A. Phoenix/Desktop/MMC11/libraries/net/java/dev/jna/jna/4.4.0/jna-4.4.0.jar;C:/Users/C. A. Phoenix/Desktop/MMC11/libraries/net/java/dev/jna/platform/3.4.0/platform-3.4.0.jar;C:/Users/C. A. Phoenix/Desktop/MMC11/libraries/com/ibm/icu/icu4j-core-mojang/51.2/icu4j-core-mojang-51.2.jar;C:/Users/C. A. Phoenix/Desktop/MMC11/libraries/net/sf/jopt-simple/jopt-simple/5.0.3/jopt-simple-5.0.3.jar;C:/Users/C. A. Phoenix/Desktop/MMC11/libraries/com/paulscode/codecjorbis/20101023/codecjorbis-20101023.jar;C:/Users/C. A. Phoenix/Desktop/MMC11/libraries/com/paulscode/codecwav/20101023/codecwav-20101023.jar;C:/Users/C. A. Phoenix/Desktop/MMC11/libraries/com/paulscode/libraryjavasound/20101123/libraryjavasound-20101123.jar;C:/Users/C. A. Phoenix/Desktop/MMC11/libraries/com/paulscode/librarylwjglopenal/20100824/librarylwjglopenal-20100824.jar;C:/Users/C. A. Phoenix/Desktop/MMC11/libraries/com/paulscode/soundsystem/20120107/soundsystem-20120107.jar;C:/Users/C. A. Phoenix/Desktop/MMC11/libraries/io/netty/netty-all/4.1.9.Final/netty-all-4.1.9.Final.jar;C:/Users/C. A. Phoenix/Desktop/MMC11/libraries/com/google/guava/guava/21.0/guava-21.0.jar;C:/Users/C. A. Phoenix/Desktop/MMC11/libraries/org/apache/commons/commons-lang3/3.5/commons-lang3-3.5.jar;C:/Users/C. A. Phoenix/Desktop/MMC11/li
Launcher Type: SUN_STANDARD

Environment Variables:
PATH=C:\ProgramData\Oracle\Java\javapath;C:\Program Files (x86)\Intel\iCLS Client\;C:\Program Files\Intel\iCLS Client\;C:\Windows\system32;C:\Windows;C:\Windows\System32\Wbem;C:\Windows\System32\WindowsPowerShell\v1.0\;C:\Program Files (x86)\Intel\Intel(R) Management Engine Components\DAL;C:\Program Files\Intel\Intel(R) Management Engine Components\DAL;C:\Program Files (x86)\Intel\Intel(R) Management Engine Components\IPT;C:\Program Files\Intel\Intel(R) Management Engine Components\IPT;C:\Program Files (x86)\NVIDIA Corporation\PhysX\Common;C:\Program Files\Intel\WiFi\bin\;C:\Program Files\Common Files\Intel\WirelessCommon\;C:\WINDOWS\system32;C:\WINDOWS;C:\WINDOWS\System32\Wbem;C:\WINDOWS\System32\WindowsPowerShell\v1.0\;C:\Users\C. A. Phoenix\AppData\Local\Microsoft\WindowsApps;
USERNAME=C. A. Phoenix
OS=Windows_NT
PROCESSOR_IDENTIFIER=Intel64 Family 6 Model 94 Stepping 3, GenuineIntel



---------------  S Y S T E M  ---------------

OS: Windows 10.0 , 64 bit Build 14393 (10.0.14393.0)

CPU:total 8 (4 cores per cpu, 2 threads per core) family 6 model 94 stepping 3, cmov, cx8, fxsr, mmx, sse, sse2, sse3, ssse3, sse4.1, sse4.2, popcnt, avx, avx2, aes, clmul, erms, rtm, 3dnowpref, lzcnt, ht, tsc, tscinvbit, bmi1, bmi2, adx

Memory: 4k page, physical 16673732k(507296k free), swap 32203712k(4476k free)

vm_info: Java HotSpot(TM) 64-Bit Server VM (25.45-b02) for windows-amd64 JRE (1.8.0_45-b15), built on Apr 30 2015 12:40:44 by "java_re" with MS VC++ 10.0 (VS2010)

time: Wed Nov 07 19:29:09 2018
elapsed time: 134 seconds (0d 0h 2m 14s)

