#
# There is insufficient memory for the Java Runtime Environment to continue.
# Native memory allocation (malloc) failed to allocate 1663952 bytes for Chunk::new
# Possible reasons:
#   The system is out of physical RAM or swap space
#   In 32 bit mode, the process size limit was hit
# Possible solutions:
#   Reduce memory load on the system
#   Increase physical memory or swap space
#   Check if swap backing store is full
#   Use 64 bit Java on a 64 bit OS
#   Decrease Java heap size (-Xmx/-Xms)
#   Decrease number of Java threads
#   Decrease Java thread stack sizes (-Xss)
#   Set larger code cache with -XX:ReservedCodeCacheSize=
# This output file may be truncated or incomplete.
#
#  Out of Memory Error (allocation.cpp:390), pid=44436, tid=41704
#
# JRE version: Java(TM) SE Runtime Environment (8.0_45-b15) (build 1.8.0_45-b15)
# Java VM: Java HotSpot(TM) 64-Bit Server VM (25.45-b02 mixed mode windows-amd64 compressed oops)
# Failed to write core dump. Minidumps are not enabled by default on client versions of Windows
#

---------------  T H R E A D  ---------------

Current thread (0x0000000028387000):  JavaThread "C2 CompilerThread2" daemon [_thread_in_native, id=41704, stack(0x0000000028b50000,0x0000000028c50000)]

Stack: [0x0000000028b50000,0x0000000028c50000]
Native frames: (J=compiled Java code, j=interpreted, Vv=VM code, C=native code)
V  [jvm.dll+0x32b57a]
V  [jvm.dll+0x279873]
V  [jvm.dll+0x27a509]
V  [jvm.dll+0x271825]
V  [jvm.dll+0xcb9e2]
V  [jvm.dll+0xcbeac]
V  [jvm.dll+0x464342]
V  [jvm.dll+0x4db685]
V  [jvm.dll+0x4dc287]
V  [jvm.dll+0x46a551]
V  [jvm.dll+0x46cd52]
V  [jvm.dll+0x4500f2]
V  [jvm.dll+0xa4352]
V  [jvm.dll+0xa4c8f]
V  [jvm.dll+0x241984]
V  [jvm.dll+0x29853a]
C  [msvcr100.dll+0x21d9f]
C  [msvcr100.dll+0x21e3b]
C  [KERNEL32.DLL+0x8364]
C  [ntdll.dll+0x65e91]


Current CompileTask:
C2: 158191 26059       4       java.text.SimpleDateFormat::subFormat (1260 bytes)


---------------  P R O C E S S  ---------------

Java Threads: ( => current thread )
  0x0000000032b11800 JavaThread "Client Shutdown Thread" [_thread_in_native, id=47408, stack(0x000000005c690000,0x000000005c790000)]
  0x0000000032b0a000 JavaThread "Chunk I/O Executor Thread-1" daemon [_thread_blocked, id=47644, stack(0x0000000067760000,0x0000000067860000)]
  0x0000000032b0e000 JavaThread "Chunk Batcher 7" daemon [_thread_blocked, id=44996, stack(0x0000000063df0000,0x0000000063ef0000)]
  0x0000000032b0f800 JavaThread "Chunk Batcher 6" daemon [_thread_blocked, id=33080, stack(0x0000000063cf0000,0x0000000063df0000)]
  0x000000002e652800 JavaThread "Chunk Batcher 5" daemon [_thread_blocked, id=38320, stack(0x0000000063bf0000,0x0000000063cf0000)]
  0x000000002e653000 JavaThread "Chunk Batcher 4" daemon [_thread_blocked, id=39244, stack(0x0000000063af0000,0x0000000063bf0000)]
  0x000000002e651800 JavaThread "Chunk Batcher 3" daemon [_thread_blocked, id=43212, stack(0x00000000639f0000,0x0000000063af0000)]
  0x000000002e64f800 JavaThread "Chunk Batcher 2" daemon [_thread_blocked, id=1508, stack(0x00000000638f0000,0x00000000639f0000)]
  0x000000002e64e800 JavaThread "Chunk Batcher 1" daemon [_thread_blocked, id=47300, stack(0x00000000637f0000,0x00000000638f0000)]
  0x000000002e651000 JavaThread "Chunk Batcher 0" daemon [_thread_blocked, id=48124, stack(0x00000000636f0000,0x00000000637f0000)]
  0x000000002e64e000 JavaThread "pool-3-thread-1" [_thread_blocked, id=31216, stack(0x00000000635f0000,0x00000000636f0000)]
  0x000000002e650000 JavaThread "Netty Server IO #1" daemon [_thread_in_native, id=46132, stack(0x00000000634f0000,0x00000000635f0000)]
  0x000000002e646800 JavaThread "Netty Local Client IO #0" daemon [_thread_blocked, id=47304, stack(0x00000000633f0000,0x00000000634f0000)]
  0x000000002e648800 JavaThread "Keep-Alive-Timer" daemon [_thread_blocked, id=23660, stack(0x00000000632f0000,0x00000000633f0000)]
  0x000000002e64d000 JavaThread "Netty Server IO #0" daemon [_thread_in_native, id=19148, stack(0x00000000630f0000,0x00000000631f0000)]
  0x000000002e645800 JavaThread "File IO Thread" [_thread_in_native, id=47308, stack(0x0000000062ff0000,0x00000000630f0000)]
  0x000000002e64c800 JavaThread "Thread-28" [_thread_blocked, id=44164, stack(0x0000000062cf0000,0x0000000062df0000)]
  0x000000002e644000 JavaThread "Forestry Greenhouse" [_thread_blocked, id=47340, stack(0x0000000062210000,0x0000000062310000)]
  0x000000002d9d1000 JavaThread "Thread-21" [_thread_blocked, id=42052, stack(0x0000000062110000,0x0000000062210000)]
  0x00000000367fa800 JavaThread "Server thread" [_thread_in_Java, id=43360, stack(0x0000000061710000,0x0000000061810000)]
  0x00000000367f9000 JavaThread "Snooper Timer" daemon [_thread_blocked, id=43276, stack(0x0000000061440000,0x0000000061540000)]
  0x00000000367f0800 JavaThread "Forestry Greenhouse Client" [_thread_blocked, id=45984, stack(0x0000000061340000,0x0000000061440000)]
  0x00000000367f7800 JavaThread "Narrator" daemon [_thread_blocked, id=45432, stack(0x0000000061240000,0x0000000061340000)]
  0x000000002c6e8000 JavaThread "ThaumicJEI Aspect Cache" [_thread_in_Java, id=45848, stack(0x000000005cc90000,0x000000005cd90000)]
  0x0000000033b20800 JavaThread "PR RoutingThread #3" daemon [_thread_blocked, id=45752, stack(0x000000005cb90000,0x000000005cc90000)]
  0x0000000033b19000 JavaThread "PR RoutingThread #2" daemon [_thread_blocked, id=46796, stack(0x000000005ca90000,0x000000005cb90000)]
  0x0000000033b1a800 JavaThread "PR RoutingThread #1" daemon [_thread_blocked, id=32172, stack(0x000000005c990000,0x000000005ca90000)]
  0x0000000033b1c800 JavaThread "PR RoutingThread #0" daemon [_thread_blocked, id=25320, stack(0x000000005c890000,0x000000005c990000)]
  0x0000000033b1f000 JavaThread "ic2-poolthread-1" daemon [_thread_blocked, id=46564, stack(0x000000005c790000,0x000000005c890000)]
  0x0000000033b14800 JavaThread "pool-5-thread-2" [_thread_blocked, id=46844, stack(0x000000005c390000,0x000000005c490000)]
  0x0000000033b1c000 JavaThread "pool-5-thread-1" [_thread_blocked, id=45868, stack(0x000000005ba90000,0x000000005bb90000)]
  0x000000002c6e6000 JavaThread "Thread-8" [_thread_blocked, id=38688, stack(0x00000000524c0000,0x00000000525c0000)]
  0x000000002c6e3800 JavaThread "Thread-7" [_thread_blocked, id=25632, stack(0x00000000523c0000,0x00000000524c0000)]
  0x000000002cd9f000 JavaThread "LWJGL Timer" daemon [_thread_blocked, id=47356, stack(0x000000003f930000,0x000000003fa30000)]
  0x00000000284bf800 JavaThread "Java2D Disposer" daemon [_thread_blocked, id=1920, stack(0x000000002bc40000,0x000000002bd40000)]
  0x0000000029864800 JavaThread "Timer hack thread" daemon [_thread_blocked, id=45440, stack(0x000000002b710000,0x000000002b810000)]
  0x000000002fd46000 JavaThread "Snooper Timer" daemon [_thread_blocked, id=17320, stack(0x000000002b520000,0x000000002b620000)]
  0x000000002840a000 JavaThread "Service Thread" daemon [_thread_blocked, id=45656, stack(0x0000000028d50000,0x0000000028e50000)]
  0x000000002838d000 JavaThread "C1 CompilerThread3" daemon [_thread_blocked, id=47108, stack(0x0000000028c50000,0x0000000028d50000)]
=>0x0000000028387000 JavaThread "C2 CompilerThread2" daemon [_thread_in_native, id=41704, stack(0x0000000028b50000,0x0000000028c50000)]
  0x0000000028383000 JavaThread "C2 CompilerThread1" daemon [_thread_in_native, id=37764, stack(0x0000000028a50000,0x0000000028b50000)]
  0x000000002837d000 JavaThread "C2 CompilerThread0" daemon [_thread_in_native, id=29040, stack(0x0000000028950000,0x0000000028a50000)]
  0x000000002837a000 JavaThread "Attach Listener" daemon [_thread_blocked, id=47128, stack(0x0000000028850000,0x0000000028950000)]
  0x0000000028378800 JavaThread "Signal Dispatcher" daemon [_thread_blocked, id=3200, stack(0x0000000028750000,0x0000000028850000)]
  0x000000000274b000 JavaThread "Finalizer" daemon [_thread_blocked, id=5112, stack(0x0000000028250000,0x0000000028350000)]
  0x0000000002744000 JavaThread "Reference Handler" daemon [_thread_blocked, id=7148, stack(0x0000000028150000,0x0000000028250000)]
  0x0000000002653800 JavaThread "Client thread" [_thread_blocked, id=45396, stack(0x0000000002470000,0x0000000002570000)]

Other Threads:
  0x0000000026369800 VMThread [stack: 0x0000000028050000,0x0000000028150000] [id=20092]
  0x0000000028413000 WatcherThread [stack: 0x0000000028e50000,0x0000000028f50000] [id=10080]

VM state:not at safepoint (normal execution)

VM Mutex/Monitor currently owned by a thread: None

Heap:
 PSYoungGen      total 2373632K, used 225313K [0x000000070eb00000, 0x00000007c0000000, 0x00000007c0000000)
  eden space 1819136K, 12% used [0x000000070eb00000,0x000000071c7084e8,0x000000077db80000)
  from space 554496K, 0% used [0x000000079e280000,0x000000079e280000,0x00000007c0000000)
  to   space 531456K, 0% used [0x000000077db80000,0x000000077db80000,0x000000079e280000)
 ParOldGen       total 5811200K, used 1942087K [0x00000005ac000000, 0x000000070eb00000, 0x000000070eb00000)
  object space 5811200K, 33% used [0x00000005ac000000,0x0000000622891c38,0x000000070eb00000)
 Metaspace       used 155209K, capacity 160539K, committed 160792K, reserved 1183744K
  class space    used 24351K, capacity 25520K, committed 25624K, reserved 1048576K

Card table byte_map: [0x0000000011b10000,0x0000000012bc0000] byte_map_base: 0x000000000edb0000

Marking Bits: (ParMarkBitMap*) 0x0000000060db4040
 Begin Bits: [0x0000000013ee0000, 0x000000001c3e0000)
 End Bits:   [0x000000001c3e0000, 0x00000000248e0000)

Polling page: 0x00000000023b0000

CodeCache: size=245760Kb used=67222Kb max_used=67252Kb free=178537Kb
 bounds [0x0000000002750000, 0x0000000006970000, 0x0000000011750000]
 total_blobs=19096 nmethods=17619 adapters=1383
 compilation: enabled

Compilation events (10 events):
Event: 158.083 Thread 0x000000002838d000 26138       3       net.minecraft.nbt.NBTTagCompound::func_74780_a (20 bytes)
Event: 158.083 Thread 0x000000002838d000 nmethod 26138 0x0000000006938410 code [0x00000000069385a0, 0x00000000069389a8]
Event: 158.083 Thread 0x000000002838d000 26139       3       net.minecraft.nbt.NBTTagCompound::func_74776_a (20 bytes)
Event: 158.084 Thread 0x000000002838d000 nmethod 26139 0x0000000006938bd0 code [0x0000000006938d60, 0x0000000006939168]
Event: 158.084 Thread 0x000000002838d000 26140       1       net.minecraft.world.chunk.Chunk::func_177416_w (5 bytes)
Event: 158.084 Thread 0x000000002838d000 nmethod 26140 0x0000000006930410 code [0x0000000006930560, 0x0000000006930670]
Event: 158.101 Thread 0x000000002838d000 26141       3       net.minecraft.nbt.NBTTagInt::func_74734_a (11 bytes)
Event: 158.102 Thread 0x000000002838d000 nmethod 26141 0x0000000006939390 code [0x0000000006939500, 0x0000000006939728]
Event: 158.102 Thread 0x000000002838d000 26142       3       java.util.concurrent.ConcurrentLinkedDeque::succ (19 bytes)
Event: 158.102 Thread 0x000000002838d000 nmethod 26142 0x0000000006939810 code [0x0000000006939980, 0x0000000006939b88]

GC Heap History (10 events):
Event: 144.269 GC heap before
{Heap before GC invocations=41 (full 6):
 PSYoungGen      total 2251264K, used 1589248K [0x000000070eb00000, 0x00000007c0000000, 0x00000007c0000000)
  eden space 1589248K, 100% used [0x000000070eb00000,0x000000076fb00000,0x000000076fb00000)
  from space 662016K, 0% used [0x0000000797980000,0x0000000797980000,0x00000007c0000000)
  to   space 653824K, 0% used [0x000000076fb00000,0x000000076fb00000,0x0000000797980000)
 ParOldGen       total 5811200K, used 1811002K [0x00000005ac000000, 0x000000070eb00000, 0x000000070eb00000)
  object space 5811200K, 31% used [0x00000005ac000000,0x000000061a88eb20,0x000000070eb00000)
 Metaspace       used 147295K, capacity 152323K, committed 152600K, reserved 1177600K
  class space    used 23452K, capacity 24566K, committed 24600K, reserved 1048576K
Event: 144.309 GC heap after
Heap after GC invocations=41 (full 6):
 PSYoungGen      total 2243072K, used 115670K [0x000000070eb00000, 0x00000007c0000000, 0x00000007c0000000)
  eden space 1589248K, 0% used [0x000000070eb00000,0x000000070eb00000,0x000000076fb00000)
  from space 653824K, 17% used [0x000000076fb00000,0x0000000776bf5b48,0x0000000797980000)
  to   space 621568K, 0% used [0x000000079a100000,0x000000079a100000,0x00000007c0000000)
 ParOldGen       total 5811200K, used 1811010K [0x00000005ac000000, 0x000000070eb00000, 0x000000070eb00000)
  object space 5811200K, 31% used [0x00000005ac000000,0x000000061a890b20,0x000000070eb00000)
 Metaspace       used 147295K, capacity 152323K, committed 152600K, reserved 1177600K
  class space    used 23452K, capacity 24566K, committed 24600K, reserved 1048576K
}
Event: 149.744 GC heap before
{Heap before GC invocations=42 (full 6):
 PSYoungGen      total 2243072K, used 1704918K [0x000000070eb00000, 0x00000007c0000000, 0x00000007c0000000)
  eden space 1589248K, 100% used [0x000000070eb00000,0x000000076fb00000,0x000000076fb00000)
  from space 653824K, 17% used [0x000000076fb00000,0x0000000776bf5b48,0x0000000797980000)
  to   space 621568K, 0% used [0x000000079a100000,0x000000079a100000,0x00000007c0000000)
 ParOldGen       total 5811200K, used 1811010K [0x00000005ac000000, 0x000000070eb00000, 0x000000070eb00000)
  object space 5811200K, 31% used [0x00000005ac000000,0x000000061a890b20,0x000000070eb00000)
 Metaspace       used 149845K, capacity 154937K, committed 155160K, reserved 1179648K
  class space    used 23730K, capacity 24849K, committed 24856K, reserved 1048576K
Event: 149.804 GC heap after
Heap after GC invocations=42 (full 6):
 PSYoungGen      total 2325504K, used 190508K [0x000000070eb00000, 0x00000007c0000000, 0x00000007c0000000)
  eden space 1703936K, 0% used [0x000000070eb00000,0x000000070eb00000,0x0000000776b00000)
  from space 621568K, 30% used [0x000000079a100000,0x00000007a5b0b318,0x00000007c0000000)
  to   space 579584K, 0% used [0x0000000776b00000,0x0000000776b00000,0x000000079a100000)
 ParOldGen       total 5811200K, used 1811018K [0x00000005ac000000, 0x000000070eb00000, 0x000000070eb00000)
  object space 5811200K, 31% used [0x00000005ac000000,0x000000061a892b20,0x000000070eb00000)
 Metaspace       used 149845K, capacity 154937K, committed 155160K, reserved 1179648K
  class space    used 23730K, capacity 24849K, committed 24856K, reserved 1048576K
}
Event: 153.756 GC heap before
{Heap before GC invocations=43 (full 6):
 PSYoungGen      total 2325504K, used 1511456K [0x000000070eb00000, 0x00000007c0000000, 0x00000007c0000000)
  eden space 1703936K, 77% used [0x000000070eb00000,0x000000075f4fced0,0x0000000776b00000)
  from space 621568K, 30% used [0x000000079a100000,0x00000007a5b0b318,0x00000007c0000000)
  to   space 579584K, 0% used [0x0000000776b00000,0x0000000776b00000,0x000000079a100000)
 ParOldGen       total 5811200K, used 1811018K [0x00000005ac000000, 0x000000070eb00000, 0x000000070eb00000)
  object space 5811200K, 31% used [0x00000005ac000000,0x000000061a892b20,0x000000070eb00000)
 Metaspace       used 154683K, capacity 159951K, committed 160152K, reserved 1183744K
  class space    used 24302K, capacity 25464K, committed 25496K, reserved 1048576K
Event: 153.814 GC heap after
Heap after GC invocations=43 (full 6):
 PSYoungGen      total 2283520K, used 225259K [0x000000070eb00000, 0x00000007c0000000, 0x00000007c0000000)
  eden space 1703936K, 0% used [0x000000070eb00000,0x000000070eb00000,0x0000000776b00000)
  from space 579584K, 38% used [0x0000000776b00000,0x00000007846faf10,0x000000079a100000)
  to   space 554496K, 0% used [0x000000079e280000,0x000000079e280000,0x00000007c0000000)
 ParOldGen       total 5811200K, used 1811026K [0x00000005ac000000, 0x000000070eb00000, 0x000000070eb00000)
  object space 5811200K, 31% used [0x00000005ac000000,0x000000061a894b20,0x000000070eb00000)
 Metaspace       used 154683K, capacity 159951K, committed 160152K, reserved 1183744K
  class space    used 24302K, capacity 25464K, committed 25496K, reserved 1048576K
}
Event: 153.987 GC heap before
{Heap before GC invocations=44 (full 6):
 PSYoungGen      total 2283520K, used 309165K [0x000000070eb00000, 0x00000007c0000000, 0x00000007c0000000)
  eden space 1703936K, 4% used [0x000000070eb00000,0x0000000713cf0538,0x0000000776b00000)
  from space 579584K, 38% used [0x0000000776b00000,0x00000007846faf10,0x000000079a100000)
  to   space 554496K, 0% used [0x000000079e280000,0x000000079e280000,0x00000007c0000000)
 ParOldGen       total 5811200K, used 1811026K [0x00000005ac000000, 0x000000070eb00000, 0x000000070eb00000)
  object space 5811200K, 31% used [0x00000005ac000000,0x000000061a894b20,0x000000070eb00000)
 Metaspace       used 154803K, capacity 160087K, committed 160152K, reserved 1183744K
  class space    used 24310K, capacity 25466K, committed 25496K, reserved 1048576K
Event: 154.043 GC heap after
Heap after GC invocations=44 (full 6):
 PSYoungGen      total 2373632K, used 226944K [0x000000070eb00000, 0x00000007c0000000, 0x00000007c0000000)
  eden space 1819136K, 0% used [0x000000070eb00000,0x000000070eb00000,0x000000077db80000)
  from space 554496K, 40% used [0x000000079e280000,0x00000007ac020270,0x00000007c0000000)
  to   space 531456K, 0% used [0x000000077db80000,0x000000077db80000,0x000000079e280000)
 ParOldGen       total 5811200K, used 1811034K [0x00000005ac000000, 0x000000070eb00000, 0x000000070eb00000)
  object space 5811200K, 31% used [0x00000005ac000000,0x000000061a896b20,0x000000070eb00000)
 Metaspace       used 154803K, capacity 160087K, committed 160152K, reserved 1183744K
  class space    used 24310K, capacity 25466K, committed 25496K, reserved 1048576K
}
Event: 154.043 GC heap before
{Heap before GC invocations=45 (full 7):
 PSYoungGen      total 2373632K, used 226944K [0x000000070eb00000, 0x00000007c0000000, 0x00000007c0000000)
  eden space 1819136K, 0% used [0x000000070eb00000,0x000000070eb00000,0x000000077db80000)
  from space 554496K, 40% used [0x000000079e280000,0x00000007ac020270,0x00000007c0000000)
  to   space 531456K, 0% used [0x000000077db80000,0x000000077db80000,0x000000079e280000)
 ParOldGen       total 5811200K, used 1811034K [0x00000005ac000000, 0x000000070eb00000, 0x000000070eb00000)
  object space 5811200K, 31% used [0x00000005ac000000,0x000000061a896b20,0x000000070eb00000)
 Metaspace       used 154803K, capacity 160087K, committed 160152K, reserved 1183744K
  class space    used 24310K, capacity 25466K, committed 25496K, reserved 1048576K
Event: 157.525 GC heap after
Heap after GC invocations=45 (full 7):
 PSYoungGen      total 2373632K, used 0K [0x000000070eb00000, 0x00000007c0000000, 0x00000007c0000000)
  eden space 1819136K, 0% used [0x000000070eb00000,0x000000070eb00000,0x000000077db80000)
  from space 554496K, 0% used [0x000000079e280000,0x000000079e280000,0x00000007c0000000)
  to   space 531456K, 0% used [0x000000077db80000,0x000000077db80000,0x000000079e280000)
 ParOldGen       total 5811200K, used 1942087K [0x00000005ac000000, 0x000000070eb00000, 0x000000070eb00000)
  object space 5811200K, 33% used [0x00000005ac000000,0x0000000622891c38,0x000000070eb00000)
 Metaspace       used 154803K, capacity 160087K, committed 160152K, reserved 1183744K
  class space    used 24310K, capacity 25466K, committed 25496K, reserved 1048576K
}

Deoptimization events (10 events):
Event: 158.041 Thread 0x0000000032b11800 Uncommon trap: reason=class_check action=maybe_recompile pc=0x0000000005c382e4 method=java.util.stream.SortedOps$SizedRefSortingSink.end()V @ 25
Event: 158.044 Thread 0x0000000032b11800 Uncommon trap: reason=class_check action=maybe_recompile pc=0x0000000005c382e4 method=java.util.stream.SortedOps$SizedRefSortingSink.end()V @ 25
Event: 158.045 Thread 0x00000000367fa800 Uncommon trap: reason=bimorphic action=maybe_recompile pc=0x0000000005bd7ce0 method=java.util.Spliterators$ArraySpliterator.forEachRemaining(Ljava/util/function/Consumer;)V @ 53
Event: 158.045 Thread 0x0000000032b11800 Uncommon trap: reason=class_check action=maybe_recompile pc=0x0000000005c382e4 method=java.util.stream.SortedOps$SizedRefSortingSink.end()V @ 25
Event: 158.045 Thread 0x000000002e645800 Uncommon trap: reason=bimorphic action=maybe_recompile pc=0x0000000002d8fec8 method=java.util.zip.DeflaterOutputStream.deflate()V @ 32
Event: 158.049 Thread 0x00000000367fa800 Uncommon trap: reason=bimorphic action=maybe_recompile pc=0x0000000005bd7ce0 method=java.util.Spliterators$ArraySpliterator.forEachRemaining(Ljava/util/function/Consumer;)V @ 53
Event: 158.050 Thread 0x000000002e645800 Uncommon trap: reason=bimorphic action=maybe_recompile pc=0x0000000002d8fec8 method=java.util.zip.DeflaterOutputStream.deflate()V @ 32
Event: 158.050 Thread 0x000000002e645800 Uncommon trap: reason=bimorphic action=maybe_recompile pc=0x0000000002d8fec8 method=java.util.zip.DeflaterOutputStream.deflate()V @ 32
Event: 158.050 Thread 0x000000002e645800 Uncommon trap: reason=bimorphic action=maybe_recompile pc=0x0000000002d8fec8 method=java.util.zip.DeflaterOutputStream.deflate()V @ 32
Event: 158.053 Thread 0x0000000032b11800 Uncommon trap: reason=class_check action=maybe_recompile pc=0x0000000005c382e4 method=java.util.stream.SortedOps$SizedRefSortingSink.end()V @ 25

Internal exceptions (10 events):
Event: 153.651 Thread 0x0000000002653800 Exception <a 'java/lang/NullPointerException'> (0x0000000755ab03d0) thrown at [C:\re\workspace\8-2-build-windows-amd64-cygwin\jdk8u45\3627\hotspot\src\share\vm\interpreter\linkResolver.cpp, line 1178]
Event: 153.653 Thread 0x0000000002653800 Exception <a 'java/lang/NullPointerException'> (0x0000000755b36db0) thrown at [C:\re\workspace\8-2-build-windows-amd64-cygwin\jdk8u45\3627\hotspot\src\share\vm\interpreter\linkResolver.cpp, line 1178]
Event: 153.653 Thread 0x0000000002653800 Exception <a 'java/lang/NullPointerException'> (0x0000000755b63560) thrown at [C:\re\workspace\8-2-build-windows-amd64-cygwin\jdk8u45\3627\hotspot\src\share\vm\interpreter\linkResolver.cpp, line 1178]
Event: 153.659 Thread 0x00000000367fa800 Implicit null exception at 0x00000000050858d7 to 0x0000000005085a45
Event: 153.684 Thread 0x00000000367fa800 Implicit null exception at 0x000000000340f83a to 0x000000000341030d
Event: 153.685 Thread 0x00000000367fa800 Implicit null exception at 0x00000000036c1caa to 0x00000000036c4241
Event: 153.685 Thread 0x00000000367fa800 Implicit null exception at 0x00000000036d3301 to 0x00000000036d40d5
Event: 153.753 Thread 0x0000000002653800 Exception <a 'java/lang/NullPointerException'> (0x000000075de94ed8) thrown at [C:\re\workspace\8-2-build-windows-amd64-cygwin\jdk8u45\3627\hotspot\src\share\vm\interpreter\linkResolver.cpp, line 1178]
Event: 153.986 Thread 0x00000000367fa800 Exception <a 'java/lang/NullPointerException'> (0x00000007105d22a8) thrown at [C:\re\workspace\8-2-build-windows-amd64-cygwin\jdk8u45\3627\hotspot\src\share\vm\interpreter\linkResolver.cpp, line 1178]
Event: 157.708 Thread 0x0000000032b11800 Implicit null exception at 0x00000000035fecaa to 0x00000000035fedd8

Events (10 events):
Event: 158.053 Thread 0x0000000032b11800 Uncommon trap: trap_request=0xffffffde fr.pc=0x0000000005c382e4
Event: 158.053 Thread 0x0000000032b11800 DEOPT PACKING pc=0x0000000005c382e4 sp=0x000000005c78e920
Event: 158.053 Thread 0x0000000032b11800 DEOPT UNPACKING pc=0x000000000279582a sp=0x000000005c78e8b8 mode 2
Event: 158.056 Thread 0x0000000032b11800 DEOPT PACKING pc=0x00000000048fa78e sp=0x000000005c78e5c0
Event: 158.056 Thread 0x0000000032b11800 DEOPT UNPACKING pc=0x000000000279787f sp=0x000000005c78e330 mode 0
Event: 158.064 Thread 0x0000000032b11800 DEOPT PACKING pc=0x00000000048fa78e sp=0x000000005c78e600
Event: 158.064 Thread 0x0000000032b11800 DEOPT UNPACKING pc=0x000000000279787f sp=0x000000005c78e370 mode 0
Event: 158.067 Thread 0x0000000032b11800 DEOPT PACKING pc=0x00000000048fa78e sp=0x000000005c78e600
Event: 158.067 Thread 0x0000000032b11800 DEOPT UNPACKING pc=0x000000000279787f sp=0x000000005c78e370 mode 0
Event: 158.129 Executing VM operation: RevokeBias


Dynamic libraries:
0x00007ff664460000 - 0x00007ff664497000 	C:\Program Files\Java\jre1.8.0_45\bin\javaw.exe
0x00007ffb94ee0000 - 0x00007ffb950b1000 	C:\WINDOWS\SYSTEM32\ntdll.dll
0x00007ffb92c00000 - 0x00007ffb92cab000 	C:\WINDOWS\System32\KERNEL32.DLL
0x00007ffb920f0000 - 0x00007ffb9230d000 	C:\WINDOWS\System32\KERNELBASE.dll
0x00007ffb943d0000 - 0x00007ffb94472000 	C:\WINDOWS\System32\ADVAPI32.dll
0x00007ffb94e40000 - 0x00007ffb94ede000 	C:\WINDOWS\System32\msvcrt.dll
0x00007ffb92930000 - 0x00007ffb92989000 	C:\WINDOWS\System32\sechost.dll
0x00007ffb947e0000 - 0x00007ffb94901000 	C:\WINDOWS\System32\RPCRT4.dll
0x00007ffb94260000 - 0x00007ffb943c5000 	C:\WINDOWS\System32\USER32.dll
0x00007ffb91470000 - 0x00007ffb9148e000 	C:\WINDOWS\System32\win32u.dll
0x00007ffb949c0000 - 0x00007ffb949f4000 	C:\WINDOWS\System32\GDI32.dll
0x00007ffb91ce0000 - 0x00007ffb91e62000 	C:\WINDOWS\System32\gdi32full.dll
0x00007ffb853d0000 - 0x00007ffb85649000 	C:\WINDOWS\WinSxS\amd64_microsoft.windows.common-controls_6595b64144ccf1df_6.0.14393.0_none_2d0f50fcbdb171b8\COMCTL32.dll
0x00007ffb94b70000 - 0x00007ffb94e37000 	C:\WINDOWS\System32\combase.dll
0x00007ffb91490000 - 0x00007ffb91585000 	C:\WINDOWS\System32\ucrtbase.dll
0x00007ffb91590000 - 0x00007ffb915fa000 	C:\WINDOWS\System32\bcryptPrimitives.dll
0x00007ffb94910000 - 0x00007ffb9493e000 	C:\WINDOWS\System32\IMM32.DLL
0x0000000061630000 - 0x0000000061702000 	C:\Program Files\Java\jre1.8.0_45\bin\msvcr100.dll
0x00000000605b0000 - 0x0000000060e33000 	C:\Program Files\Java\jre1.8.0_45\bin\server\jvm.dll
0x00007ffb92ab0000 - 0x00007ffb92ab8000 	C:\WINDOWS\System32\PSAPI.DLL
0x00007ffb8aa40000 - 0x00007ffb8aa4a000 	C:\WINDOWS\SYSTEM32\VERSION.dll
0x00007ffb8f660000 - 0x00007ffb8f683000 	C:\WINDOWS\SYSTEM32\WINMM.dll
0x00007ffb8e330000 - 0x00007ffb8e339000 	C:\WINDOWS\SYSTEM32\WSOCK32.dll
0x00007ffb94950000 - 0x00007ffb949ba000 	C:\WINDOWS\System32\WS2_32.dll
0x00007ffb8f4c0000 - 0x00007ffb8f4eb000 	C:\WINDOWS\SYSTEM32\WINMMBASE.dll
0x00007ffb92310000 - 0x00007ffb92352000 	C:\WINDOWS\System32\cfgmgr32.dll
0x0000000062b50000 - 0x0000000062b5f000 	C:\Program Files\Java\jre1.8.0_45\bin\verify.dll
0x0000000062990000 - 0x00000000629b9000 	C:\Program Files\Java\jre1.8.0_45\bin\java.dll
0x0000000062950000 - 0x0000000062966000 	C:\Program Files\Java\jre1.8.0_45\bin\zip.dll
0x00007ffb92cb0000 - 0x00007ffb941b8000 	C:\WINDOWS\System32\SHELL32.dll
0x00007ffb91600000 - 0x00007ffb91cda000 	C:\WINDOWS\System32\windows.storage.dll
0x00007ffb913f0000 - 0x00007ffb9143c000 	C:\WINDOWS\System32\powrprof.dll
0x00007ffb94620000 - 0x00007ffb94672000 	C:\WINDOWS\System32\shlwapi.dll
0x00007ffb913e0000 - 0x00007ffb913ef000 	C:\WINDOWS\System32\kernel.appcore.dll
0x00007ffb92360000 - 0x00007ffb92409000 	C:\WINDOWS\System32\shcore.dll
0x00007ffb91440000 - 0x00007ffb91454000 	C:\WINDOWS\System32\profapi.dll
0x0000000062940000 - 0x000000006294d000 	C:\Program Files\Java\jre1.8.0_45\bin\management.dll
0x00000000628b0000 - 0x00000000628ca000 	C:\Program Files\Java\jre1.8.0_45\bin\net.dll
0x00007ffb90be0000 - 0x00007ffb90c3c000 	C:\WINDOWS\system32\mswsock.dll
0x00007ffb7af20000 - 0x00007ffb7af36000 	C:\WINDOWS\system32\napinsp.dll
0x00007ffb7aca0000 - 0x00007ffb7acba000 	C:\WINDOWS\system32\pnrpnsp.dll
0x00007ffb8f640000 - 0x00007ffb8f658000 	C:\WINDOWS\system32\NLAapi.dll
0x00007ffb909b0000 - 0x00007ffb90a50000 	C:\WINDOWS\SYSTEM32\DNSAPI.dll
0x00007ffb94a60000 - 0x00007ffb94a68000 	C:\WINDOWS\System32\NSI.dll
0x00007ffb90970000 - 0x00007ffb909a8000 	C:\WINDOWS\SYSTEM32\IPHLPAPI.DLL
0x00007ffb7b220000 - 0x00007ffb7b22e000 	C:\WINDOWS\System32\winrnr.dll
0x00007ffb7ac30000 - 0x00007ffb7ac45000 	C:\WINDOWS\System32\wshbth.dll
0x0000000062bc0000 - 0x0000000062be6000 	C:\Program Files\Bonjour\mdnsNSP.dll
0x00007ffb81970000 - 0x00007ffb8197a000 	C:\Windows\System32\rasadhlp.dll
0x00007ffb88ef0000 - 0x00007ffb88f5a000 	C:\WINDOWS\System32\fwpuclnt.dll
0x00007ffb91320000 - 0x00007ffb9134b000 	C:\WINDOWS\SYSTEM32\bcrypt.dll
0x0000000062890000 - 0x00000000628a1000 	C:\Program Files\Java\jre1.8.0_45\bin\nio.dll
0x0000000062870000 - 0x0000000062887000 	C:\Program Files\Java\jre1.8.0_45\bin\unpack.dll
0x0000000180000000 - 0x0000000180053000 	C:\Users\C. A. Phoenix\Desktop\MMC11\instances\1.12.2 BS&G All mods\natives\lwjgl64.dll
0x00007ffb725c0000 - 0x00007ffb726e3000 	C:\WINDOWS\SYSTEM32\OPENGL32.dll
0x00007ffb71e70000 - 0x00007ffb71f67000 	C:\WINDOWS\SYSTEM32\DDRAW.dll
0x00007ffb77ff0000 - 0x00007ffb7801d000 	C:\WINDOWS\SYSTEM32\GLU32.dll
0x00007ffb8a8b0000 - 0x00007ffb8a8b8000 	C:\WINDOWS\SYSTEM32\DCIMAN32.dll
0x00007ffb90e50000 - 0x00007ffb90e67000 	C:\WINDOWS\SYSTEM32\CRYPTSP.dll
0x00007ffb90d60000 - 0x00007ffb90d93000 	C:\WINDOWS\system32\rsaenh.dll
0x00007ffb90a60000 - 0x00007ffb90a7f000 	C:\WINDOWS\SYSTEM32\USERENV.dll
0x00007ffb90e70000 - 0x00007ffb90e7b000 	C:\WINDOWS\SYSTEM32\CRYPTBASE.dll
0x00007ffb8b320000 - 0x00007ffb8b336000 	C:\WINDOWS\SYSTEM32\dhcpcsvc6.DLL
0x00007ffb8cd70000 - 0x00007ffb8cd8a000 	C:\WINDOWS\SYSTEM32\dhcpcsvc.DLL
0x0000000060410000 - 0x00000000605a8000 	C:\Program Files\Java\jre1.8.0_45\bin\awt.dll
0x00007ffb92990000 - 0x00007ffb92a4c000 	C:\WINDOWS\System32\OLEAUT32.dll
0x00007ffb8f970000 - 0x00007ffb8f9ea000 	C:\WINDOWS\SYSTEM32\apphelp.dll
0x00007ffb8fb70000 - 0x00007ffb8fc05000 	C:\WINDOWS\system32\uxtheme.dll
0x00007ffb94680000 - 0x00007ffb947db000 	C:\WINDOWS\System32\MSCTF.dll
0x00007ffb8e870000 - 0x00007ffb8e896000 	C:\WINDOWS\system32\dwmapi.dll
0x000000005e140000 - 0x0000000060408000 	C:\WINDOWS\SYSTEM32\nvoglv64.DLL
0x00007ffb924e0000 - 0x00007ffb92909000 	C:\WINDOWS\System32\SETUPAPI.dll
0x00007ffb92ac0000 - 0x00007ffb92bf7000 	C:\WINDOWS\System32\ole32.dll
0x00007ffb8e470000 - 0x00007ffb8e483000 	C:\WINDOWS\SYSTEM32\WTSAPI32.dll
0x00007ffb8ffa0000 - 0x00007ffb8ffc8000 	C:\WINDOWS\SYSTEM32\DEVOBJ.dll
0x00007ffb92410000 - 0x00007ffb92465000 	C:\WINDOWS\System32\WINTRUST.dll
0x00007ffb91460000 - 0x00007ffb91470000 	C:\WINDOWS\System32\MSASN1.dll
0x00007ffb91e70000 - 0x00007ffb92038000 	C:\WINDOWS\System32\CRYPT32.dll
0x00007ffb90790000 - 0x00007ffb907c2000 	C:\WINDOWS\SYSTEM32\ntmarta.dll
0x00007ffb63af0000 - 0x00007ffb63d44000 	C:\WINDOWS\system32\nvspcap64.dll
0x00007ffb85650000 - 0x00007ffb856e1000 	C:\WINDOWS\SYSTEM32\mscms.dll
0x00007ffb84670000 - 0x00007ffb846b2000 	C:\WINDOWS\SYSTEM32\icm32.dll
0x00007ffb912c0000 - 0x00007ffb91316000 	C:\WINDOWS\SYSTEM32\WINSTA.dll
0x00007ffb90370000 - 0x00007ffb9040f000 	C:\WINDOWS\system32\dxgi.dll
0x00007ffb8e8a0000 - 0x00007ffb8eb56000 	C:\WINDOWS\system32\d3d11.dll
0x00007ffb6b2b0000 - 0x00007ffb6b39a000 	C:\WINDOWS\System32\DriverStore\FileRepository\nvami.inf_amd64_b376ee2d23af457f\nvldumdx.dll
0x00007ffb92910000 - 0x00007ffb9292c000 	C:\WINDOWS\System32\imagehlp.dll
0x00007ffb572e0000 - 0x00007ffb58e21000 	C:\WINDOWS\System32\DriverStore\FileRepository\nvami.inf_amd64_b376ee2d23af457f\nvwgf2umx.dll
0x00007ffb86eb0000 - 0x00007ffb87330000 	C:\WINDOWS\system32\nvapi64.dll
0x00007ffb7ff30000 - 0x00007ffb7ff72000 	C:\Users\C. A. Phoenix\AppData\Local\Temp\jna-1369068369\jna4973522070820846919.dll
0x00000000623a0000 - 0x00000000623c4000 	C:\Program Files\Java\jre1.8.0_45\bin\sunec.dll
0x000000003e5a0000 - 0x000000003e604000 	C:\Users\C. A. Phoenix\Desktop\MMC11\instances\1.12.2 BS&G All mods\natives\OpenAL64.dll
0x00007ffb941c0000 - 0x00007ffb9425f000 	C:\WINDOWS\System32\clbcatq.dll
0x00007ffb8ad80000 - 0x00007ffb8adf1000 	C:\WINDOWS\System32\MMDevApi.dll
0x00007ffb8e4c0000 - 0x00007ffb8e645000 	C:\WINDOWS\System32\PROPSYS.dll
0x00007ffb6d040000 - 0x00007ffb6d0db000 	C:\WINDOWS\SYSTEM32\dsound.dll
0x00007ffb81260000 - 0x00007ffb812f4000 	C:\WINDOWS\SYSTEM32\AUDIOSES.DLL
0x00007ffb8eb60000 - 0x00007ffb8ec96000 	C:\WINDOWS\SYSTEM32\wintypes.dll
0x00007ffb8d9e0000 - 0x00007ffb8d9fa000 	C:\Users\C. A. Phoenix\Desktop\MMC11\instances\1.12.2 BS&G All mods\natives\SAPIWrapper_x64.dll
0x00007ffb8dba0000 - 0x00007ffb8dd32000 	C:\WINDOWS\SYSTEM32\dbghelp.dll

VM Arguments:
jvm_args: -XX:HeapDumpPath=MojangTricksIntelDriversForPerformance_javaw.exe_minecraft.exe.heapdump -Xms8512m -Xmx8512m -Duser.language=en -Djava.library.path=C:/Users/C. A. Phoenix/Desktop/MMC11/instances/1.12.2 BS&G All mods/natives 
java_command: org.multimc.EntryPoint
java_class_path (initial): C:/Users/C. A. Phoenix/Desktop/MMC11/jars/NewLaunch.jar;C:/Users/C. A. Phoenix/Desktop/MMC11/libraries/net/java/jinput/jinput/2.0.5/jinput-2.0.5.jar;C:/Users/C. A. Phoenix/Desktop/MMC11/libraries/net/java/jutils/jutils/1.0.0/jutils-1.0.0.jar;C:/Users/C. A. Phoenix/Desktop/MMC11/libraries/org/lwjgl/lwjgl/lwjgl/2.9.4-nightly-20150209/lwjgl-2.9.4-nightly-20150209.jar;C:/Users/C. A. Phoenix/Desktop/MMC11/libraries/org/lwjgl/lwjgl/lwjgl_util/2.9.4-nightly-20150209/lwjgl_util-2.9.4-nightly-20150209.jar;C:/Users/C. A. Phoenix/Desktop/MMC11/libraries/com/mojang/patchy/1.1/patchy-1.1.jar;C:/Users/C. A. Phoenix/Desktop/MMC11/libraries/oshi-project/oshi-core/1.1/oshi-core-1.1.jar;C:/Users/C. A. Phoenix/Desktop/MMC11/libraries/net/java/dev/jna/jna/4.4.0/jna-4.4.0.jar;C:/Users/C. A. Phoenix/Desktop/MMC11/libraries/net/java/dev/jna/platform/3.4.0/platform-3.4.0.jar;C:/Users/C. A. Phoenix/Desktop/MMC11/libraries/com/ibm/icu/icu4j-core-mojang/51.2/icu4j-core-mojang-51.2.jar;C:/Users/C. A. Phoenix/Desktop/MMC11/libraries/net/sf/jopt-simple/jopt-simple/5.0.3/jopt-simple-5.0.3.jar;C:/Users/C. A. Phoenix/Desktop/MMC11/libraries/com/paulscode/codecjorbis/20101023/codecjorbis-20101023.jar;C:/Users/C. A. Phoenix/Desktop/MMC11/libraries/com/paulscode/codecwav/20101023/codecwav-20101023.jar;C:/Users/C. A. Phoenix/Desktop/MMC11/libraries/com/paulscode/libraryjavasound/20101123/libraryjavasound-20101123.jar;C:/Users/C. A. Phoenix/Desktop/MMC11/libraries/com/paulscode/librarylwjglopenal/20100824/librarylwjglopenal-20100824.jar;C:/Users/C. A. Phoenix/Desktop/MMC11/libraries/com/paulscode/soundsystem/20120107/soundsystem-20120107.jar;C:/Users/C. A. Phoenix/Desktop/MMC11/libraries/io/netty/netty-all/4.1.9.Final/netty-all-4.1.9.Final.jar;C:/Users/C. A. Phoenix/Desktop/MMC11/libraries/com/google/guava/guava/21.0/guava-21.0.jar;C:/Users/C. A. Phoenix/Desktop/MMC11/libraries/org/apache/commons/commons-lang3/3.5/commons-lang3-3.5.jar;C:/Users/C. A. Phoenix/Desktop/MMC11/li
Launcher Type: SUN_STANDARD

Environment Variables:
PATH=C:\ProgramData\Oracle\Java\javapath;C:\Program Files (x86)\Intel\iCLS Client\;C:\Program Files\Intel\iCLS Client\;C:\Windows\system32;C:\Windows;C:\Windows\System32\Wbem;C:\Windows\System32\WindowsPowerShell\v1.0\;C:\Program Files (x86)\Intel\Intel(R) Management Engine Components\DAL;C:\Program Files\Intel\Intel(R) Management Engine Components\DAL;C:\Program Files (x86)\Intel\Intel(R) Management Engine Components\IPT;C:\Program Files\Intel\Intel(R) Management Engine Components\IPT;C:\Program Files (x86)\NVIDIA Corporation\PhysX\Common;C:\Program Files\Intel\WiFi\bin\;C:\Program Files\Common Files\Intel\WirelessCommon\;C:\WINDOWS\system32;C:\WINDOWS;C:\WINDOWS\System32\Wbem;C:\WINDOWS\System32\WindowsPowerShell\v1.0\;C:\Users\C. A. Phoenix\AppData\Local\Microsoft\WindowsApps;
USERNAME=C. A. Phoenix
OS=Windows_NT
PROCESSOR_IDENTIFIER=Intel64 Family 6 Model 94 Stepping 3, GenuineIntel



---------------  S Y S T E M  ---------------

OS: Windows 10.0 , 64 bit Build 14393 (10.0.14393.0)

CPU:total 8 (4 cores per cpu, 2 threads per core) family 6 model 94 stepping 3, cmov, cx8, fxsr, mmx, sse, sse2, sse3, ssse3, sse4.1, sse4.2, popcnt, avx, avx2, aes, clmul, erms, rtm, 3dnowpref, lzcnt, ht, tsc, tscinvbit, bmi1, bmi2, adx

Memory: 4k page, physical 16673732k(2748564k free), swap 32203712k(9532k free)

vm_info: Java HotSpot(TM) 64-Bit Server VM (25.45-b02) for windows-amd64 JRE (1.8.0_45-b15), built on Apr 30 2015 12:40:44 by "java_re" with MS VC++ 10.0 (VS2010)

time: Mon Oct 08 20:50:12 2018
elapsed time: 158 seconds (0d 0h 2m 38s)

